"../../../Engine/Content/ArtTools/RenderToTexture/Enums/RenderToTexture_Enum.uasset" 0
"../../../Engine/Content/ArtTools/RenderToTexture/Enums/RenderToTexture_Flipbook_Enum.uasset" 1
"../../../Engine/Content/ArtTools/RenderToTexture/Enums/RenderToTexture_Imposter_Enum.uasset" 2
"../../../Engine/Content/EditorBlueprintResources/StandardMacros.uasset" 3
"../../../Engine/Content/ArtTools/RenderToTexture/Enums/EIntTypes.uasset" 4
"../../../Engine/Content/ArtTools/RenderToTexture/Macros/RenderToTextureFunctionLibrary.uasset" 5
"../../../Engine/Content/ArtTools/RenderToTexture/Enums/EFloatTypes.uasset" 6
"../../../Engine/Content/ArtTools/RenderToTexture/Macros/RenderToTextureMacros.uasset" 7
"../../../Engine/Content/Functions/Engine_MaterialFunctions01/Opacity/CameraDepthFade.uasset" 8
"../../../Engine/Content/EngineMaterials/T_Default_Material_Grid_M.uasset" 9
"../../../Engine/Content/EngineMaterials/T_Default_Material_Grid_N.uasset" 10
"../../../Engine/Content/EngineMaterials/WorldGridMaterial.uasset" 11
"../../../Engine/Content/ArtTools/RenderToTexture/Meshes/S_1_Unit_Plane.uasset" 12
"../../../Engine/Content/EngineMaterials/DefaultMaterial.uasset" 13
"../../../Engine/Content/BasicShapes/Cylinder.uasset" 14
"../../../Engine/Content/BasicShapes/Plane.uasset" 15
"../../../Engine/Content/EngineMaterials/DefaultPhysicalMaterial.uasset" 16
"../../../Engine/Content/BufferVisualization/AmbientOcclusion.uasset" 17
"../../../Engine/Content/BufferVisualization/BaseColor.uasset" 18
"../../../Engine/Content/BufferVisualization/CustomDepth.uasset" 19
"../../../Engine/Content/Functions/Engine_MaterialFunctions02/Utility/VectorLength.uasset" 20
"../../../Engine/Content/BufferVisualization/CustomDepthWorldUnits.uasset" 21
"../../../Engine/Content/Functions/Engine_MaterialFunctions02/Utility/BreakOutFloat2Components.uasset" 22
"../../../Engine/Content/Functions/Engine_MaterialFunctions01/Texturing/ScaleUVsByCenter.uasset" 23
"../../../Engine/Content/Functions/Engine_MaterialFunctions02/ScreenResolution.uasset" 24
"../../../Engine/Content/Functions/Engine_MaterialFunctions02/Texturing/ScreenAlignedUVs.uasset" 25
"../../../Engine/Content/Functions/Engine_MaterialFunctions02/Utility/MakeFloat2.uasset" 26
"../../../Engine/Content/Functions/Engine_MaterialFunctions02/Utility/MakeFloat3.uasset" 27
"../../../Engine/Content/EngineMaterials/MiniFont.uasset" 28
"../../../Engine/Content/BufferVisualization/CustomStencil.uasset" 29
"../../../Engine/Content/BufferVisualization/FinalImage.uasset" 30
"../../../Engine/Content/BufferVisualization/LightingModel.uasset" 31
"../../../Engine/Content/BufferVisualization/MaterialAO.uasset" 32
"../../../Engine/Content/BufferVisualization/Metallic.uasset" 33
"../../../Engine/Content/BufferVisualization/Opacity.uasset" 34
"../../../Engine/Content/BufferVisualization/PostTonemapHDRColor.uasset" 35
"../../../Engine/Content/BufferVisualization/PreTonemapHDRColor.uasset" 36
"../../../Engine/Content/BufferVisualization/Roughness.uasset" 37
"../../../Engine/Content/BufferVisualization/SceneColor.uasset" 38
"../../../Engine/Content/BufferVisualization/SceneDepth.uasset" 39
"../../../Engine/Content/BufferVisualization/SceneDepthWorldUnits.uasset" 40
"../../../Engine/Content/BufferVisualization/SeparateTranslucencyA.uasset" 41
"../../../Engine/Content/BufferVisualization/SeparateTranslucencyRGB.uasset" 42
"../../../Engine/Content/BufferVisualization/SubsurfaceColor.uasset" 43
"../../../Engine/Content/BufferVisualization/WorldNormal.uasset" 44
"../../../Engine/Content/EditorBlueprintResources/ActorMacros.uasset" 45
"../../../Engine/Content/EditorLandscapeResources/DataLayer.uasset" 46
"../../../Engine/Content/EditorLandscapeResources/DefaultAlphaTexture.uasset" 47
"../../../Engine/Content/EditorLandscapeResources/LandscapeGizmoHeight_Mat.uasset" 48
"../../../Engine/Content/EditorLandscapeResources/LandscapeGizmo_Mat.uasset" 49
"../../../Engine/Content/EditorLandscapeResources/LandscapeGizmo_Mat_Copied.uasset" 50
"../../../Engine/Content/EditorLandscapeResources/SplineEditorMeshMat.uasset" 51
"../../../Engine/Content/EditorLandscapeResources/SplineEditorMesh.uasset" 52
"../../../Engine/Content/EditorMaterials/Cross.uasset" 53
"../../../Engine/Content/EditorMaterials/Cross_Mat.uasset" 54
"../../../Engine/Content/EditorMaterials/GizmoMaterial.uasset" 55
"../../../Engine/Content/Functions/Engine_MaterialFunctions02/Utility/Sign.uasset" 56
"../../../Engine/Content/Functions/Engine_MaterialFunctions02/Utility/Round.uasset" 57
"../../../Engine/Content/Functions/Engine_MaterialFunctions02/ExampleContent/Textures/flipbook.uasset" 58
"../../../Engine/Content/Functions/Engine_MaterialFunctions02/Texturing/FlipBook.uasset" 59
"../../../Engine/Content/EditorResources/T_EditorHelp.uasset" 60
"../../../Engine/Content/EditorMaterials/HelpActorMaterial.uasset" 61
"../../../Engine/Content/EditorMaterials/CompositeARGBLayer.uasset" 62
"../../../Engine/Content/EditorMaterials/TilingAALineIntegral.uasset" 63
"../../../Engine/Content/EditorMaterials/TilingAALineBoxFiltered.uasset" 64
"../../../Engine/Content/Functions/Engine_MaterialFunctions03/Procedurals/ComputeFilterWidth.uasset" 65
"../../../Engine/Content/EditorMaterials/TilingAADots.uasset" 66
"../../../Engine/Content/EditorMaterials/Cascade/CASC_Cross.uasset" 67
"../../../Engine/Content/EditorMaterials/Cascade/CASC_None.uasset" 68
"../../../Engine/Content/Functions/Engine_MaterialFunctions03/Blends/Blend_Screen.uasset" 69
"../../../Engine/Content/EditorMaterials/TilingAAGrid.uasset" 70
"../../../Engine/Content/EditorMaterials/LevelGridMaterial.uasset" 71
"../../../Engine/Content/EditorMaterials/MakeCompositeARGBLayer.uasset" 72
"../../../Engine/Content/EditorResources/LevelGrid1DStripes.uasset" 73
"../../../Engine/Content/EditorMaterials/TextureGridCascaded1D.uasset" 74
"../../../Engine/Content/EditorMaterials/TextureGridCascaded2D.uasset" 75
"../../../Engine/Content/EditorMaterials/LevelGridMaterial2.uasset" 76
"../../../Engine/Content/EditorMaterials/MAT_Groups_Toggle.uasset" 77
"../../../Engine/Content/EditorMaterials/MAT_Groups_Visibility.uasset" 78
"../../../Engine/Content/EditorMaterials/PhAT_BoneSelectedMaterial.uasset" 79
"../../../Engine/Content/EditorMaterials/PhAT_ElemSelectedMaterial.uasset" 80
"../../../Engine/Content/EditorMaterials/PhAT_NoCollisionMaterial.uasset" 81
"../../../Engine/Content/EditorMaterials/PhAT_UnselectedMaterial.uasset" 82
"../../../Engine/Content/EditorMaterials/PreviewShadowIndicator.uasset" 83
"../../../Engine/Content/EditorMaterials/PreviewShadowIndicatorMaterial.uasset" 84
"../../../Engine/Content/EditorMaterials/TargetIcon.uasset" 85
"../../../Engine/Content/EditorMaterials/Tick.uasset" 86
"../../../Engine/Content/EditorMaterials/Tick_Mat.uasset" 87
"../../../Engine/Content/EditorMaterials/WidgetGridVertexColorMaterial.uasset" 88
"../../../Engine/Content/EditorMaterials/WidgetGridVertexColorMaterial_Ma.uasset" 89
"../../../Engine/Content/EditorMaterials/WidgetMaterial.uasset" 90
"../../../Engine/Content/EditorMaterials/WidgetMaterial_Current.uasset" 91
"../../../Engine/Content/EditorMaterials/WidgetMaterial_X.uasset" 92
"../../../Engine/Content/EditorMaterials/WidgetMaterial_Y.uasset" 93
"../../../Engine/Content/EditorMaterials/WidgetMaterial_Z.uasset" 94
"../../../Engine/Content/EditorMaterials/WidgetVertexColorMaterial.uasset" 95
"../../../Engine/Content/EditorMaterials/MatineeGroups/MAT_ColorTrack.uasset" 96
"../../../Engine/Content/EditorMaterials/MatineeGroups/MAT_Groups_Anim.uasset" 97
"../../../Engine/Content/EditorMaterials/MatineeGroups/MAT_Groups_AudioMaster.uasset" 98
"../../../Engine/Content/EditorMaterials/MatineeGroups/MAT_Groups_Director.uasset" 99
"../../../Engine/Content/EditorMaterials/MatineeGroups/MAT_Groups_Event.uasset" 100
"../../../Engine/Content/EditorMaterials/MatineeGroups/MAT_Groups_Fade.uasset" 101
"../../../Engine/Content/EditorMaterials/MatineeGroups/MAT_Groups_Float.uasset" 102
"../../../Engine/Content/EditorMaterials/MatineeGroups/MAT_Groups_Move.uasset" 103
"../../../Engine/Content/EditorMaterials/MatineeGroups/MAT_Groups_Slomo.uasset" 104
"../../../Engine/Content/EditorMaterials/MatineeGroups/MAT_Groups_Sound.uasset" 105
"../../../Engine/Content/EditorMaterials/MatineeGroups/MAT_Groups_Vector.uasset" 106
"../../../Engine/Content/EditorMaterials/ParticleSystems/PSysThumbnail_NoImage.uasset" 107
"../../../Engine/Content/EditorMaterials/ParticleSystems/PSysThumbnail_OOD.uasset" 108
"../../../Engine/Content/EngineMaterials/Grid.uasset" 109
"../../../Engine/Content/EditorMaterials/Thumbnails/FloorPlaneMaterial.uasset" 110
"../../../Engine/Content/EditorMeshes/EditorCube.uasset" 111
"../../../Engine/Content/EditorMeshes/EditorCylinder.uasset" 112
"../../../Engine/Content/EditorMeshes/EditorPlane.uasset" 113
"../../../Engine/Content/EditorMaterials/Thumbnails/SkySphereMaterial.uasset" 114
"../../../Engine/Content/EditorMeshes/EditorSkySphere.uasset" 115
"../../../Engine/Content/EditorMeshes/EditorSphere.uasset" 116
"../../../Engine/Content/EditorResources/MatineeCam_D.uasset" 117
"../../../Engine/Content/EditorMaterials/MatineeCam_mat.uasset" 118
"../../../Engine/Content/EditorMeshes/MatineeCam_SM.uasset" 119
"../../../Engine/Content/EditorMaterials/Camera/CineMat.uasset" 120
"../../../Engine/Content/EditorMaterials/Camera/MI_CineMat_CameraBody.uasset" 121
"../../../Engine/Content/EngineDebugMaterials/M_SimpleOpaque.uasset" 122
"../../../Engine/Content/EditorMaterials/Camera/MI_CineMat_CamViewFinder.uasset" 123
"../../../Engine/Content/EditorMeshes/Camera/SM_CineCam.uasset" 124
"../../../Engine/Content/EditorMaterials/Camera/MI_CineMat_Rig.uasset" 125
"../../../Engine/Content/EditorMeshes/Camera/SM_CraneRig_Arm.uasset" 126
"../../../Engine/Content/EditorMeshes/Camera/SM_CraneRig_Base.uasset" 127
"../../../Engine/Content/EditorMeshes/Camera/SM_CraneRig_Body.uasset" 128
"../../../Engine/Content/EditorMeshes/Camera/SM_CraneRig_Mount.uasset" 129
"../../../Engine/Content/EditorMeshes/Camera/SM_RailRig_Mount.uasset" 130
"../../../Engine/Content/EditorMeshes/Camera/SM_RailRig_Track.uasset" 131
"../../../Engine/Content/EditorMeshes/ColorCalibrator/M_ChromeBall.uasset" 132
"../../../Engine/Content/EditorMeshes/ColorCalibrator/M_ClearCoat.uasset" 133
"../../../Engine/Content/EditorMeshes/ColorCalibrator/M_ClearCoatBlack.uasset" 134
"../../../Engine/Content/EditorMeshes/ColorCalibrator/Color_checker.uasset" 135
"../../../Engine/Content/EditorMeshes/ColorCalibrator/M_ColorGrid.uasset" 136
"../../../Engine/Content/EditorMeshes/ColorCalibrator/M_GreyBall.uasset" 137
"../../../Engine/Content/EditorMeshes/ColorCalibrator/SM_ColorCalibrator.uasset" 138
"../../../Engine/Content/EditorResources/Bad.uasset" 139
"../../../Engine/Content/EditorResources/BSPVertex.uasset" 140
"../../../Engine/Content/EditorResources/EmptyActor.uasset" 141
"../../../Engine/Content/EditorResources/MatInstActSprite.uasset" 142
"../../../Engine/Content/EditorResources/SceneManager.uasset" 143
"../../../Engine/Content/EditorResources/SmallFont.uasset" 144
"../../../Engine/Content/EditorResources/S_Actor.uasset" 145
"../../../Engine/Content/EditorResources/S_DecalActorIcon.uasset" 146
"../../../Engine/Content/EditorResources/S_Emitter.uasset" 147
"../../../Engine/Content/EditorResources/S_ExpoHeightFog.uasset" 148
"../../../Engine/Content/EditorResources/S_FTest.uasset" 149
"../../../Engine/Content/EditorResources/S_KBSJoint.uasset" 150
"../../../Engine/Content/EditorResources/S_KHinge.uasset" 151
"../../../Engine/Content/EditorResources/S_KPrismatic.uasset" 152
"../../../Engine/Content/EditorResources/S_LevelSequence.uasset" 153
"../../../Engine/Content/EditorResources/S_NavP.uasset" 154
"../../../Engine/Content/EditorResources/S_Note.uasset" 155
"../../../Engine/Content/EditorResources/S_Player.uasset" 156
"../../../Engine/Content/EditorResources/S_PortalActorIcon2.uasset" 157
"../../../Engine/Content/EditorResources/S_RadForce.uasset" 158
"../../../Engine/Content/EditorResources/S_ReflActorIcon.uasset" 159
"../../../Engine/Content/EditorResources/S_Terrain.uasset" 160
"../../../Engine/Content/EditorResources/S_TextRenderActorIcon.uasset" 161
"../../../Engine/Content/EditorResources/S_Thruster.uasset" 162
"../../../Engine/Content/EditorResources/S_Trigger.uasset" 163
"../../../Engine/Content/EditorResources/S_VectorFieldVol.uasset" 164
"../../../Engine/Content/EditorResources/S_WindDirectional.uasset" 165
"../../../Engine/Content/EditorResources/AI/S_NavLink.uasset" 166
"../../../Engine/Content/EditorResources/AudioIcons/S_AudioComponent_AutoActivate.uasset" 167
"../../../Engine/Content/EditorResources/LightIcons/SkyLight.uasset" 168
"../../../Engine/Content/EditorResources/LightIcons/S_LightDirectional.uasset" 169
"../../../Engine/Content/EditorResources/LightIcons/S_LightDirectionalMove.uasset" 170
"../../../Engine/Content/EditorResources/LightIcons/S_LightError.uasset" 171
"../../../Engine/Content/EditorResources/LightIcons/S_LightPoint.uasset" 172
"../../../Engine/Content/EditorResources/LightIcons/S_LightPointMove.uasset" 173
"../../../Engine/Content/EditorResources/LightIcons/S_LightSpot.uasset" 174
"../../../Engine/Content/EditorResources/LightIcons/S_LightSpotMove.uasset" 175
"../../../Engine/Content/EditorResources/SequenceRecorder/Countdown.uasset" 176
"../../../Engine/Content/EditorResources/SequenceRecorder/RecordingIndicator.uasset" 177
"../../../Engine/Content/EditorResources/Spline/T_Loft_Spline.uasset" 178
"../../../Engine/Content/EditorSounds/Notifications/CompileFailed.uasset" 179
"../../../Engine/Content/EditorSounds/Notifications/CompileFailed_Cue.uasset" 180
"../../../Engine/Content/EditorSounds/Notifications/CompileSuccess.uasset" 181
"../../../Engine/Content/EditorSounds/Notifications/CompileStart_Cue.uasset" 182
"../../../Engine/Content/EditorSounds/Notifications/CompileSuccess_Cue.uasset" 183
"../../../Engine/Content/EngineDamageTypes/DmgTypeBP_Environmental.uasset" 184
"../../../Engine/Content/EngineDebugMaterials/HeatmapGradient.uasset" 185
"../../../Engine/Content/EngineDebugMaterials/BoneWeightMaterial.uasset" 186
"../../../Engine/Content/EngineDebugMaterials/ClothMaterial.uasset" 187
"../../../Engine/Content/EngineDebugMaterials/ClothMaterial_WF.uasset" 188
"../../../Engine/Content/EngineDebugMaterials/DebugEditorMaterial.uasset" 189
"../../../Engine/Content/EngineDebugMaterials/DebugMeshMaterial.uasset" 190
"../../../Engine/Content/EngineDebugMaterials/GeomMaterial.uasset" 191
"../../../Engine/Content/Functions/Engine_MaterialFunctions01/Shading/ConvertFromDiffSpec.uasset" 192
"../../../Engine/Content/EngineDebugMaterials/LevelColorationLitMaterial.uasset" 193
"../../../Engine/Content/EngineDebugMaterials/LevelColorationUnlitMaterial.uasset" 194
"../../../Engine/Content/EngineMaterials/DefaultWhiteGrid.uasset" 195
"../../../Engine/Content/EngineDebugMaterials/MAT_LevelColorationLitLightmapUV.uasset" 196
"../../../Engine/Content/EngineDebugMaterials/M_SimpleTranslucent.uasset" 197
"../../../Engine/Content/EngineDebugMaterials/ShadedLevelColorationLitMaterial.uasset" 198
"../../../Engine/Content/EngineDebugMaterials/ShadedLevelColorationUnlitMateri.uasset" 199
"../../../Engine/Content/EngineDebugMaterials/VertexColorMaterial.uasset" 200
"../../../Engine/Content/EngineDebugMaterials/VertexColorViewMode_AlphaAsColor.uasset" 201
"../../../Engine/Content/EngineDebugMaterials/VertexColorViewMode_BlueOnly.uasset" 202
"../../../Engine/Content/EngineDebugMaterials/VertexColorViewMode_ColorOnly.uasset" 203
"../../../Engine/Content/EngineDebugMaterials/VertexColorViewMode_GreenOnly.uasset" 204
"../../../Engine/Content/EngineDebugMaterials/VertexColorViewMode_RedOnly.uasset" 205
"../../../Engine/Content/EngineDebugMaterials/WireframeMaterial.uasset" 206
"../../../Engine/Content/EngineFonts/Faces/RobotoBold.uasset" 207
"../../../Engine/Content/EngineFonts/Faces/RobotoBoldItalic.uasset" 208
"../../../Engine/Content/EngineFonts/Faces/RobotoItalic.uasset" 209
"../../../Engine/Content/EngineFonts/Faces/RobotoLight.uasset" 210
"../../../Engine/Content/EngineFonts/Faces/RobotoRegular.uasset" 211
"../../../Engine/Content/EngineFonts/Roboto.uasset" 212
"../../../Engine/Content/EngineFonts/Faces/RobotoTiny.uasset" 213
"../../../Engine/Content/EngineFonts/RobotoTiny.uasset" 214
"../../../Engine/Content/EngineFonts/SmallFont.uasset" 215
"../../../Engine/Content/EngineFonts/TinyFont.uasset" 216
"../../../Engine/Content/EngineResources/WhiteSquareTexture.uasset" 217
"../../../Engine/Content/EngineMaterials/BlinkingCaret.uasset" 218
"../../../Engine/Content/EngineMaterials/DefaultBloomKernel.uasset" 219
"../../../Engine/Content/EngineMaterials/DefaultBokeh.uasset" 220
"../../../Engine/Content/EngineMaterials/DefaultDiffuse.uasset" 221
"../../../Engine/Content/EngineMaterials/DefaultDeferredDecalMaterial.uasset" 222
"../../../Engine/Content/EngineMaterials/DefaultLightFunctionMaterial.uasset" 223
"../../../Engine/Content/EngineMaterials/DefaultNormal.uasset" 224
"../../../Engine/Content/EngineMaterials/DefaultPostProcessMaterial.uasset" 225
"../../../Engine/Content/EngineFonts/RobotoDistanceField.uasset" 226
"../../../Engine/Content/EngineMaterials/DefaultTextMaterialOpaque.uasset" 227
"../../../Engine/Content/EngineMaterials/EditorBrushMaterial.uasset" 228
"../../../Engine/Content/EngineMaterials/Good64x64TilingNoiseHighFreq.uasset" 229
"../../../Engine/Content/EngineMaterials/Grid_N.uasset" 230
"../../../Engine/Content/EngineMaterials/HighResolutionScreenshotMaskFunction.uasset" 231
"../../../Engine/Content/EngineMaterials/HighResScreenshot.uasset" 232
"../../../Engine/Content/EngineMaterials/HighResScreenshotCaptureRegion.uasset" 233
"../../../Engine/Content/EngineMaterials/HighResScreenshotMask.uasset" 234
"../../../Engine/Content/EngineMaterials/LandscapeHolePhysicalMaterial.uasset" 235
"../../../Engine/Content/EngineMaterials/InvalidLightmapSettings.uasset" 236
"../../../Engine/Content/EngineMaterials/M_InvalidLightmapSettings.uasset" 237
"../../../Engine/Content/EngineMaterials/PaperDiffuse.uasset" 238
"../../../Engine/Content/EngineMaterials/PaperNormal.uasset" 239
"../../../Engine/Content/Functions/Engine_MaterialFunctions02/WorldPositionOffset/CameraOffset.uasset" 240
"../../../Engine/Content/EngineMaterials/PhAT_JointLimitMaterial.uasset" 241
"../../../Engine/Content/EngineMaterials/PhysMat_Rubber.uasset" 242
"../../../Engine/Content/EngineMaterials/PreintegratedSkinBRDF.uasset" 243
"../../../Engine/Content/EngineMaterials/RemoveSurfaceMaterial.uasset" 244
"../../../Engine/Content/EngineMaterials/WeightMapPlaceholderTexture.uasset" 245
"../../../Engine/Content/EngineMaterials/Widget3DPassThrough.uasset" 246
"../../../Engine/Content/EngineMaterials/Widget3DPassThrough_Masked.uasset" 247
"../../../Engine/Content/EngineMaterials/Widget3DPassThrough_Opaque.uasset" 248
"../../../Engine/Content/EngineMaterials/Widget3DPassThrough_Masked_OneSided.uasset" 249
"../../../Engine/Content/EngineMaterials/Widget3DPassThrough_Opaque_OneSided.uasset" 250
"../../../Engine/Content/EngineMaterials/Widget3DPassThrough_Translucent.uasset" 251
"../../../Engine/Content/EngineMaterials/Widget3DPassThrough_Translucent_OneSided.uasset" 252
"../../../Engine/Content/EngineMeshes/Cube.uasset" 253
"../../../Engine/Content/EngineMeshes/Cylinder.uasset" 254
"../../../Engine/Content/EngineMeshes/Sphere.uasset" 255
"../../../Engine/Content/EngineResources/Black.uasset" 256
"../../../Engine/Content/EngineResources/DefaultTexture.uasset" 257
"../../../Engine/Content/EngineResources/DefaultTextureCube.uasset" 258
"../../../Engine/Content/EngineResources/GradientTexture0.uasset" 259
"../../../Engine/Content/EngineResources/StreamingPauseIcon.uasset" 260
"../../../Engine/Content/EngineResources/M_StreamingPause.uasset" 261
"../../../Engine/Content/EngineSounds/Master.uasset" 262
"../../../Engine/Content/Functions/Engine_MaterialFunctions01/Shading/PowerToRoughness.uasset" 263
"../../../Engine/Content/Maps/Templates/Thumbnails/Default.uasset" 264
"../../../Engine/Content/Maps/Templates/Thumbnails/VR-Basic.uasset" 265
"../../../Engine/Content/MapTemplates/Sky/DaylightAmbientCubemap.uasset" 266
"../../../Engine/Content/MobileResources/T_MobileControls_texture.uasset" 267
"../../../Engine/Content/MobileResources/T_MobileMenu2.uasset" 268
"../../../Engine/Content/MobileResources/HUD/AnalogHat.uasset" 269
"../../../Engine/Content/MobileResources/HUD/VirtualJoystick_Background.uasset" 270
"../../../Engine/Content/MobileResources/HUD/VirtualJoystick_Thumb.uasset" 271
"../../../Engine/Content/MobileResources/HUD/DefaultVirtualJoysticks.uasset" 272
"../../../Engine/Content/MobileResources/HUD/LeftVirtualJoystickOnly.uasset" 273
"../../../Engine/Content/MobileResources/HUD/MobileHUDButton1_off.uasset" 274
"../../../Engine/Content/MobileResources/HUD/MobileHUDButton1_on.uasset" 275
"../../../Engine/Content/MobileResources/HUD/MobileHUDButton2_off.uasset" 276
"../../../Engine/Content/MobileResources/HUD/MobileHUDButton2_on.uasset" 277
"../../../Engine/Content/MobileResources/HUD/MobileHUDButton3.uasset" 278
"../../../Engine/Content/MobileResources/HUD/MobileHUDButtonFire.uasset" 279
"../../../Engine/Content/MobileResources/HUD/MobileHUDDirectionPad.uasset" 280
"../../../Engine/Content/MobileResources/HUD/MobileHUDDirectionPad2.uasset" 281
"../../../Engine/Content/MobileResources/HUD/MobileHUDDirectionPad3.uasset" 282
"../../../Engine/Content/MobileResources/HUD/MobileHUDDirectionStick.uasset" 283
"../../../Engine/Content/MobileResources/HUD/T_Castle_ThumbstickInner.uasset" 284
"../../../Engine/Content/MobileResources/HUD/T_Castle_ThumbstickOutter.uasset" 285
"../../../Engine/Content/Tutorial/ContentIntroCurve.uasset" 286
"../../../Engine/Content/Tutorial/Basics/TutorialAssets/icon_tab_Levels_40x.uasset" 287
"../../../Engine/Content/Tutorial/BlueprintTutorials/TutorialAssets/BlueprintInterface_64x.uasset" 288
"../../../Engine/Content/Tutorial/BlueprintTutorials/TutorialAssets/BlueprintMacroLibrary_64x.uasset" 289
"../../../Engine/Content/Tutorial/BlueprintTutorials/TutorialAssets/Blueprint_64x.uasset" 290
"../../../Engine/Content/Tutorial/BlueprintTutorials/TutorialAssets/Tutorial_BP_Interface.uasset" 291
"../../../Engine/Content/Tutorial/Foliage/TutorialAssets/Foliage.uasset" 292
"../../../Engine/Content/Tutorial/Landscape/TutorialAssets/Landscape.uasset" 293
"../../../Engine/Content/Tutorial/Paper2D/TutorialAssets/Paper2DFlipbook_TutorialIcon.uasset" 294
"../../../Engine/Content/Tutorial/Paper2D/TutorialAssets/Paper2DSprite_TutorialIcon.uasset" 295
"../../../Engine/Content/Tutorial/SubEditors/TutorialAssets/icon_Editor_Preferences_General_40x.uasset" 296
"../../../Engine/Content/Tutorial/SubEditors/TutorialAssets/icon_ShowSkeletalMeshes_40x.uasset" 297
"../../../Engine/Content/Tutorial/SubEditors/TutorialAssets/TutorialMaterial.uasset" 298
"../../../Engine/Content/Tutorial/SubEditors/TutorialAssets/T_SmokeSubUV_8X8.uasset" 299
"../../../Engine/Content/Tutorial/SubEditors/TutorialAssets/T_soft_smoke.uasset" 300
"../../../Engine/Content/Tutorial/SubEditors/TutorialAssets/M_smoke_subUV_blackbody.uasset" 301
"../../../Engine/Content/Tutorial/SubEditors/TutorialAssets/TutorialParticleSystem.uasset" 302
"../../../Engine/Content/VREditor/Devices/Generic/GenericHMDMaterial.uasset" 303
"../../../Engine/Content/VREditor/Devices/Generic/GenericHMD.uasset" 304
"../../../Engine/Content/VREditor/FloatingText/LineMaterial.uasset" 305
"../../../Engine/Content/VREditor/FloatingText/JointSphere.uasset" 306
"../../../Engine/Content/VREditor/FloatingText/LineSegmentCylinder.uasset" 307
"../../../Engine/Content/VREditor/Fonts/VRText_RobotoLarge.uasset" 308
"../../../Engine/Content/VREditor/Fonts/VRTextMaterial.uasset" 309
"../../../Engine/Content/VREditor/Fonts/TranslucentVRTextMaterial.uasset" 310
"../../../Engine/Content/VREditor/LaserPointer/CursorPointer.uasset" 311
"../../../Engine/Content/VREditor/LaserPointer/VR_LaserPower_01.uasset" 312
"../../../Engine/Content/VREditor/TransformGizmo/TransformGizmoMaterial.uasset" 313
"../../../Engine/Content/VREditor/LaserPointer/HoverMaterial.uasset" 314
"../../../Engine/Content/VREditor/TransformGizmo/TranslucentTransformGizmoMaterial.uasset" 315
"../../../Engine/Content/VREditor/LaserPointer/TranslucentHoverMaterial.uasset" 316
"../../../Engine/Content/VREditor/LaserPointer/HoverMesh.uasset" 317
"../../../Engine/Content/VREditor/LaserPointer/LaserPointerMaterial.uasset" 318
"../../../Engine/Content/VREditor/LaserPointer/LaserPointerMaterialInst.uasset" 319
"../../../Engine/Content/VREditor/LaserPointer/TranslucentLaserPointerMaterialInst.uasset" 320
"../../../Engine/Content/VREditor/LaserPointer/LaserPointerMesh.uasset" 321
"../../../Engine/Content/VREditor/LaserPointer/LaserPointerMesh_End.uasset" 322
"../../../Engine/Content/VREditor/LaserPointer/LaserPointerMesh_Start.uasset" 323
"../../../Engine/Content/Functions/Engine_MaterialFunctions02/Utility/BreakOutFloat3Components.uasset" 324
"../../../Engine/Content/Functions/Engine_MaterialFunctions02/Math/Transform3x3Matrix.uasset" 325
"../../../Engine/Content/Functions/Engine_MaterialFunctions02/SplitComponents.uasset" 326
"../../../Engine/Content/VREditor/SnapGrid/SnapGridMaterial.uasset" 327
"../../../Engine/Content/VREditor/SnapGrid/SnapGridPlaneMesh.uasset" 328
"../../../Engine/Content/VREditor/Sounds/VR_teleport.uasset" 329
"../../../Engine/Content/VREditor/Sounds/UI/Click_on_Button_Cue.uasset" 330
"../../../Engine/Content/VREditor/Sounds/UI/Dockable_Window_Close.uasset" 331
"../../../Engine/Content/VREditor/Sounds/UI/Dockable_Window_Drop.uasset" 332
"../../../Engine/Content/VREditor/Sounds/UI/Dockable_Window_Open.uasset" 333
"../../../Engine/Content/VREditor/Sounds/UI/Dockable_Window_Pick_Up.uasset" 334
"../../../Engine/Content/VREditor/Sounds/UI/Drop_Item_From_ContentBrowser.uasset" 335
"../../../Engine/Content/VREditor/Sounds/UI/Floating_UI_Open-001.uasset" 336
"../../../Engine/Content/VREditor/Sounds/UI/Gizmo_Handle_Clicked.uasset" 337
"../../../Engine/Content/VREditor/Sounds/UI/Object_PickUp.uasset" 338
"../../../Engine/Content/VREditor/Sounds/UI/Object_Snaps_To_Another_Actor.uasset" 339
"../../../Engine/Content/VREditor/Sounds/UI/Object_Snaps_To_Grid.uasset" 340
"../../../Engine/Content/VREditor/Sounds/UI/Radial_Menu_FadeOut.uasset" 341
"../../../Engine/Content/VREditor/Sounds/UI/Scaling_Down.uasset" 342
"../../../Engine/Content/VREditor/Sounds/UI/Scaling_Up.uasset" 343
"../../../Engine/Content/VREditor/Sounds/UI/Selection_Changes.uasset" 344
"../../../Engine/Content/VREditor/Sounds/UI/Teleport_Mode_Entered.uasset" 345
"../../../Engine/Content/VREditor/Teleport/TeleportDirectionMaterial.uasset" 346
"../../../Engine/Content/VREditor/Teleport/TeleportDirectionMaterial_Inst.uasset" 347
"../../../Engine/Content/VREditor/Teleport/TeleportDirectionMesh.uasset" 348
"../../../Engine/Content/VREditor/TransformGizmo/BoundingBoxCorner.uasset" 349
"../../../Engine/Content/VREditor/TransformGizmo/BoundingBoxEdge.uasset" 350
"../../../Engine/Content/VREditor/TransformGizmo/PlaneTranslationHandle.uasset" 351
"../../../Engine/Content/VREditor/TransformGizmo/RotationHandleFull.uasset" 352
"../../../Engine/Content/VREditor/TransformGizmo/RotationHandleIndicator.uasset" 353
"../../../Engine/Content/VREditor/TransformGizmo/RotationHandleQuarter.uasset" 354
"../../../Engine/Content/VREditor/TransformGizmo/Main.uasset" 355
"../../../Engine/Content/VREditor/TransformGizmo/Xray.uasset" 356
"../../../Engine/Content/VREditor/TransformGizmo/SM_Dialog_Close.uasset" 357
"../../../Engine/Content/VREditor/TransformGizmo/SM_Dialog_Move.uasset" 358
"../../../Engine/Content/VREditor/TransformGizmo/SM_Sequencer_Key.uasset" 359
"../../../Engine/Content/VREditor/TransformGizmo/SM_Sequencer_Node.uasset" 360
"../../../Engine/Content/VREditor/TransformGizmo/StartRotationHandleIndicator.uasset" 361
"../../../Engine/Content/VREditor/TransformGizmo/TranslucentTransformGizmoMaterial_Inst.uasset" 362
"../../../Engine/Content/VREditor/TransformGizmo/TransformGizmoFreeRotation.uasset" 363
"../../../Engine/Content/VREditor/TransformGizmo/TransformGizmoMaterial_Inst.uasset" 364
"../../../Engine/Content/VREditor/TransformGizmo/TranslateArrowHandle.uasset" 365
"../../../Engine/Content/VREditor/TransformGizmo/UniformScaleHandle.uasset" 366
"../../../Engine/Content/VREditor/UI/KeyDiskMaterial.uasset" 367
"../../../Engine/Content/VREditor/UI/DiscMaterial.uasset" 368
"../../../Engine/Content/VREditor/UI/SM_Radial_Disk.uasset" 369
"../../../Engine/Content/Functions/Engine_MaterialFunctions01/Gradient/RadialGradient.uasset" 370
"../../../Engine/Content/VREditor/WorldMovementGrid/SimpleGrid.uasset" 371
"../../../Engine/Content/VREditor/WorldMovementGrid/GridMaterial.uasset" 372
"../../../Engine/Content/Functions/Engine_MaterialFunctions01/Density/ExponentialDensity.uasset" 373
"../../../Engine/Content/VREditor/WorldMovementGrid/GridPostProcess.uasset" 374
"../../../Engine/Content/EditorLandscapeResources/FlattenHeightMat.uasset" 375
"../../../Engine/Content/VREditor/WorldMovementGrid/PlaneMesh.uasset" 376
"../../../FinalProject/Content/Custom/Enemy/Enemys/EnemyName.uasset" 377
"../../../Engine/Plugins/2D/Paper2D/Content/PlaceholderTextures/DummySpriteTexture.uasset" 378
"../../../Engine/Plugins/2D/Paper2D/Content/DummySprite.uasset" 379
"../../../Engine/Plugins/2D/Paper2D/Content/DefaultPaperTerrainMaterial.uasset" 380
"../../../Engine/Plugins/2D/Paper2D/Content/DefaultSpriteMaterial.uasset" 381
"../../../Engine/Plugins/2D/Paper2D/Content/MaskedUnlitSpriteMaterial.uasset" 382
"../../../Engine/Plugins/2D/Paper2D/Content/OpaqueUnlitSpriteMaterial.uasset" 383
"../../../Engine/Plugins/Media/MediaCompositing/Content/DefaultMediaPlaneMaterial.uasset" 384
"../../../Engine/Content/Functions/Engine_MaterialFunctions02/Utility/MakeFloat4.uasset" 385
"../../../Engine/Plugins/Runtime/AppleARKit/Content/ARKitCameraMaterial.uasset" 386
"../../../Engine/Plugins/Runtime/Oculus/OculusVR/Content/Textures/GearVRController_AO.uasset" 387
"../../../Engine/Plugins/Runtime/Oculus/OculusVR/Content/Textures/GearVRController_Color.uasset" 388
"../../../Engine/Plugins/Runtime/Oculus/OculusVR/Content/Textures/GearVRController_Normal.uasset" 389
"../../../Engine/Plugins/Runtime/Oculus/OculusVR/Content/Materials/GearVRControllerMaterial.uasset" 390
"../../../Engine/Plugins/Runtime/Oculus/OculusVR/Content/Meshes/GearVrController.uasset" 391
"../../../Engine/Content/Maps/Entry.umap" 392
"../../../FinalProject/Content/Custom/Players/Playable_Character_Name.uasset" 393
"../../../FinalProject/Content/Blueprints/MyGameInstance.uasset" 394
"../../../FinalProject/Content/Custom/Enemy/Projectile_Pattern/Components/Several_Move_Struct.uasset" 395
"../../../FinalProject/Content/Custom/Enemy/Projectile_Pattern/Projectile_IF.uasset" 396
"../../../FinalProject/Content/Custom/Material/BasicAsset01.uasset" 397
"../../../FinalProject/Content/Custom/Material/BasicAsset01_Inst.uasset" 398
"../../../FinalProject/Content/Custom/Projectile/Projectile_Manager.uasset" 399
"../../../FinalProject/Content/Custom/SkillControl_IF.uasset" 400
"../../../Engine/Content/BasicShapes/Sphere.uasset" 401
"../../../FinalProject/Content/Custom/Enemy/Projectile_Pattern/Simple_Round_Projectile.uasset" 402
"../../../FinalProject/Content/Custom/MyPlayerController.uasset" 403
"../../../FinalProject/Content/Custom/Enemy/Projectile_Pattern/Components/Several_Move_Component.uasset" 404
"../../../FinalProject/Content/Custom/Enemy/Projectile_Pattern/Projectile_Round_Pattern.uasset" 405
"../../../FinalProject/Content/Custom/Enemy/Projectile_Pattern/Projectile_Round_Pattern_Table.uasset" 406
"../../../FinalProject/Content/Custom/Enemy/Projectile_Pattern/Projectile_Round_Pattern_Spawner.uasset" 407
"../../../FinalProject/Content/Custom/Enemy/Enemys/Modeling/Boss1/middle_base_BaseColor.uasset" 408
"../../../FinalProject/Content/Custom/Enemy/Enemys/Modeling/Boss1/middle_base_Normal.uasset" 409
"../../../FinalProject/Content/Custom/Enemy/Enemys/Modeling/Boss1/middle_base_OcclusionRoughnessMetallic.uasset" 410
"../../../FinalProject/Content/Custom/Enemy/Enemys/Modeling/Boss1/base.uasset" 411
"../../../FinalProject/Content/Custom/UI/BossHpUI.uasset" 412
"../../../FinalProject/Content/Custom/Enemy/Enemys/Modeling/Boss1/middle_body_low.uasset" 413
"../../../FinalProject/Content/Custom/Enemy/Enemys/Modeling/Boss1/middle_head_low.uasset" 414
"../../../FinalProject/Content/Custom/Enemy/Enemys/Modeling/Boss1/middle_tail_low.uasset" 415
"../../../FinalProject/Content/Custom/Enemy/Enemys/Modeling/Boss1/middle_wing_low.uasset" 416
"../../../FinalProject/Content/Custom/Bosses/Boss1.uasset" 417
"../../../FinalProject/Content/Custom/Enemy/Movement/EnemyMoveStruct.uasset" 418
"../../../FinalProject/Content/Custom/Material/PlayerBulletMaterial.uasset" 419
"../../../FinalProject/Content/Custom/Material/PlayerBulletMaterial_Inst.uasset" 420
"../../../FinalProject/Content/TwinStick/Meshes/BaseMaterial.uasset" 421
"../../../FinalProject/Content/TwinStick/Meshes/BlueMaterial.uasset" 422
"../../../FinalProject/Content/Custom/UI/EnemyHPUI.uasset" 423
"../../../FinalProject/Content/Custom/Enemy/EnemyName.uasset" 424
"../../../FinalProject/Content/StarterContent/Materials/M_Basic_Wall.uasset" 425
"../../../FinalProject/Content/StarterContent/Shapes/Shape_NarrowCapsule.uasset" 426
"../../../FinalProject/Content/StarterContent/Shapes/Shape_Torus.uasset" 427
"../../../FinalProject/Content/Custom/Enemy/Enemy_BP.uasset" 428
"../../../FinalProject/Content/Custom/Enemy/Enemys/Modeling/ArchShip/PlateShipPaint_PlateShip_BaseColor.uasset" 429
"../../../FinalProject/Content/Custom/Enemy/Enemys/Modeling/ArchShip/PlateShipPaint_PlateShip_Emissive.uasset" 430
"../../../FinalProject/Content/Custom/Enemy/Enemys/Modeling/ArchShip/PlateShipPaint_PlateShip_Normal.uasset" 431
"../../../FinalProject/Content/Custom/Enemy/Enemys/Modeling/ArchShip/PlateShipPaint_PlateShip_OcclusionRoughnessMetallic.uasset" 432
"../../../FinalProject/Content/Custom/Enemy/Enemys/Modeling/ArchShip/PlateShip1.uasset" 433
"../../../FinalProject/Content/Custom/Enemy/Enemys/Modeling/ArchShip/PlateShip.uasset" 434
"../../../FinalProject/Content/Custom/Enemy/Enemys/ArckShip.uasset" 435
"../../../FinalProject/Content/Custom/Enemy/Enemys/Modeling/Distrupter/BigEye_Shiled_BaseColor.uasset" 436
"../../../FinalProject/Content/Custom/Enemy/Enemys/Modeling/Distrupter/BigEye_Shiled_Emissive.uasset" 437
"../../../FinalProject/Content/Custom/Enemy/Enemys/Modeling/Distrupter/BigEye_Shiled_Normal.uasset" 438
"../../../FinalProject/Content/Custom/Enemy/Enemys/Modeling/Distrupter/BigEye_Shiled_OcclusionRoughnessMetallic.uasset" 439
"../../../FinalProject/Content/Custom/Enemy/Enemys/Modeling/Distrupter/Shiled.uasset" 440
"../../../FinalProject/Content/Custom/Enemy/Enemys/Modeling/Distrupter/Shiled_Inst.uasset" 441
"../../../FinalProject/Content/Custom/Enemy/Enemys/Modeling/Distrupter/BigEye_BigEye_BaseColor.uasset" 442
"../../../FinalProject/Content/Custom/Enemy/Enemys/Modeling/Distrupter/BigEye_BigEye_Emissive.uasset" 443
"../../../FinalProject/Content/Custom/Enemy/Enemys/Modeling/Distrupter/BigEye_BigEye_Normal.uasset" 444
"../../../FinalProject/Content/Custom/Enemy/Enemys/Modeling/Distrupter/BigEye_BigEye_OcclusionRoughnessMetallic.uasset" 445
"../../../FinalProject/Content/Custom/Enemy/Enemys/Modeling/Distrupter/BigEye.uasset" 446
"../../../FinalProject/Content/Custom/Enemy/Enemys/Modeling/Distrupter/BigEyeShip_BigEye_low.uasset" 447
"../../../FinalProject/Content/Custom/Enemy/Enemys/Modeling/Distrupter/BigEye_Link_BaseColor.uasset" 448
"../../../FinalProject/Content/Custom/Enemy/Enemys/Modeling/Distrupter/BigEye_Link_Emissive.uasset" 449
"../../../FinalProject/Content/Custom/Enemy/Enemys/Modeling/Distrupter/BigEye_Link_Normal.uasset" 450
"../../../FinalProject/Content/Custom/Enemy/Enemys/Modeling/Distrupter/BigEye_Link_OcclusionRoughnessMetallic.uasset" 451
"../../../FinalProject/Content/Custom/Enemy/Enemys/Modeling/Distrupter/Link.uasset" 452
"../../../FinalProject/Content/Custom/Enemy/Enemys/Modeling/Distrupter/BigEyeShip_Link_low.uasset" 453
"../../../FinalProject/Content/Custom/Enemy/Enemys/Modeling/Distrupter/BigEyeShip_Shiled_low.uasset" 454
"../../../FinalProject/Content/BallisticsVFX/Particles/FXMaterials/Flares/Textures/T_Burst_M.uasset" 455
"../../../FinalProject/Content/BallisticsVFX/Particles/FXMaterials/Flares/M_Burst.uasset" 456
"../../../FinalProject/Content/BallisticsVFX/Particles/FXMaterials/Flares/Textures/Flare_star.uasset" 457
"../../../FinalProject/Content/BallisticsVFX/Particles/FXMaterials/Flares/M_Flare.uasset" 458
"../../../FinalProject/Content/BallisticsVFX/Particles/FXMaterials/Flares/M_Radial_Gradient.uasset" 459
"../../../FinalProject/Content/BallisticsVFX/Particles/FXMaterials/Fragments/Textures/Gravel2x2_normal.uasset" 460
"../../../FinalProject/Content/BallisticsVFX/Particles/FXMaterials/Fragments/Textures/Stones2x2.uasset" 461
"../../../FinalProject/Content/BallisticsVFX/Particles/FXMaterials/Fragments/DebrisMaster.uasset" 462
"../../../Engine/Content/Functions/Engine_MaterialFunctions01/Texturing/FlattenNormal.uasset" 463
"../../../FinalProject/Content/BallisticsVFX/Particles/FXMaterials/Explosive/Textures/Exp_impactTwo_00000_8x8_Normal.uasset" 464
"../../../FinalProject/Content/BallisticsVFX/Particles/FXMaterials/Explosive/Textures/Exp_impactTwo_2048_8x8.uasset" 465
"../../../FinalProject/Content/BallisticsVFX/Particles/FXMaterials/Explosive/Textures/exp_impactTwo_emissive_8x8.uasset" 466
"../../../FinalProject/Content/BallisticsVFX/Particles/FXMaterials/Explosive/Explosion_Master.uasset" 467
"../../../FinalProject/Content/BallisticsVFX/Particles/FXMaterials/Explosive/Explosion_Ball_Inst.uasset" 468
"../../../Engine/Content/Functions/Engine_MaterialFunctions01/Gradient/LinearGradient.uasset" 469
"../../../Engine/Content/Functions/Engine_MaterialFunctions01/ImageAdjustment/CheapContrast.uasset" 470
"../../../FinalProject/Content/BallisticsVFX/DemoMap/Textures/T_Smoke_D.uasset" 471
"../../../FinalProject/Content/BallisticsVFX/Particles/FXMaterials/Fragments/Textures/Noise_Anisotropic2_height.uasset" 472
"../../../FinalProject/Content/BallisticsVFX/Particles/FXMaterials/SmokeDust/Textures/whisp_One_512_8x8.uasset" 473
"../../../FinalProject/Content/BallisticsVFX/Particles/FXMaterials/SmokeDust/Textures/whisp_One_512_8x8_Normal.uasset" 474
"../../../FinalProject/Content/BallisticsVFX/Particles/FXMaterials/SmokeDust/whispOne_Master_directional.uasset" 475
"../../../FinalProject/Content/BallisticsVFX/Particles/FXMaterials/SmokeDust/Textures/whisp_redux_2048_12x12.uasset" 476
"../../../FinalProject/Content/BallisticsVFX/Particles/FXMaterials/SmokeDust/Textures/whisp_redux_2048_normal.uasset" 477
"../../../FinalProject/Content/BallisticsVFX/Particles/FXMaterials/SmokeDust/Whisps_trans_additive.uasset" 478
"../../../FinalProject/Content/Particles/Explosion_GrenadeLauncher_3.uasset" 479
"../../../FinalProject/Content/Custom/Enemy/Enemys/Disruptor.uasset" 480
"../../../FinalProject/Content/Custom/Enemy/Enemys/Modeling/Distrupter/BigEye_Inst.uasset" 481
"../../../FinalProject/Content/Custom/Enemy/Enemys/Modeling/mystic/mystic_base_BaseColor.uasset" 482
"../../../FinalProject/Content/Custom/Enemy/Enemys/Modeling/mystic/mystic_base_Normal.uasset" 483
"../../../FinalProject/Content/Custom/Enemy/Enemys/Modeling/mystic/mystic_base_OcclusionRoughnessMetallic.uasset" 484
"../../../FinalProject/Content/Custom/Enemy/Enemys/Modeling/mystic/base.uasset" 485
"../../../FinalProject/Content/Custom/Enemy/Enemys/Modeling/mystic/base_Inst.uasset" 486
"../../../FinalProject/Content/Custom/Enemy/Enemys/Modeling/mystic/mystic_core_low.uasset" 487
"../../../FinalProject/Content/Custom/Enemy/Enemys/Modeling/mystic/mystic_pipe_low.uasset" 488
"../../../FinalProject/Content/Custom/Enemy/Enemys/Modeling/mystic/mystic_ring_low.uasset" 489
"../../../FinalProject/Content/Custom/Enemy/Enemys/Modeling/mystic/mystic_wing_low.uasset" 490
"../../../FinalProject/Content/Custom/Enemy/Enemys/Mistic.uasset" 491
"../../../FinalProject/Content/Custom/Enemy/Enemys/Modeling/ScopeRay/rectangle_base_BaseColor.uasset" 492
"../../../FinalProject/Content/Custom/Enemy/Enemys/Modeling/ScopeRay/rectangle_base_Normal.uasset" 493
"../../../FinalProject/Content/Custom/Enemy/Enemys/Modeling/ScopeRay/rectangle_base_OcclusionRoughnessMetallic.uasset" 494
"../../../FinalProject/Content/Custom/Enemy/Enemys/Modeling/ScopeRay/base.uasset" 495
"../../../FinalProject/Content/Custom/Enemy/Enemys/Modeling/ScopeRay/rectangle_body_low.uasset" 496
"../../../FinalProject/Content/Custom/Enemy/Enemys/Modeling/ScopeRay/rectangle_core_low.uasset" 497
"../../../FinalProject/Content/Custom/Enemy/Enemys/Modeling/ScopeRay/rectangle_roof_low.uasset" 498
"../../../FinalProject/Content/Custom/Enemy/Enemys/Modeling/ScopeRay/rectangle_wing_low.uasset" 499
"../../../FinalProject/Content/Custom/Particle/Beam_Mat.uasset" 500
"../../../FinalProject/Content/Custom/Particle/Beam_P.uasset" 501
"../../../FinalProject/Content/Custom/Enemy/Enemys/ScopeRay.uasset" 502
"../../../FinalProject/Content/Custom/Players/Player_IF.uasset" 503
"../../../FinalProject/Content/StarterContent/Textures/T_Burst_M.uasset" 504
"../../../FinalProject/Content/StarterContent/Particles/Materials/M_Burst.uasset" 505
"../../../FinalProject/Content/StarterContent/Textures/T_Explosion_SubUV.uasset" 506
"../../../FinalProject/Content/StarterContent/Particles/Materials/M_explosion_subUV.uasset" 507
"../../../FinalProject/Content/StarterContent/Particles/Materials/m_flare_01.uasset" 508
"../../../FinalProject/Content/StarterContent/Particles/Materials/M_radial_ramp.uasset" 509
"../../../FinalProject/Content/StarterContent/Textures/T_Smoke_SubUV.uasset" 510
"../../../FinalProject/Content/StarterContent/Textures/T_Smoke_Tiled_D.uasset" 511
"../../../FinalProject/Content/StarterContent/Particles/Materials/M_smoke_subUV.uasset" 512
"../../../FinalProject/Content/StarterContent/Particles/P_Explosion.uasset" 513
"../../../FinalProject/Content/TwinStick/Meshes/OrangeMaterial.uasset" 514
"../../../FinalProject/Content/TwinStick/Meshes/TwinStickProjectile.uasset" 515
"../../../FinalProject/Content/Custom/Players/PlayerBullet.uasset" 516
"../../../FinalProject/Content/Custom/Projectile/Player_Projectile_Pool.uasset" 517
"../../../FinalProject/Content/TwinStick/Audio/TwinStickFire.uasset" 518
"../../../FinalProject/Content/TwinStick/Meshes/TwinStickUFO.uasset" 519
"../../../FinalProject/Content/Custom/Players/Player_BP.uasset" 520
"../../../FinalProject/Content/Custom/Enemy/Movement/EnemyMoveStruct_Table.uasset" 521
"../../../FinalProject/Content/Custom/Enemy/EnemySpawner.uasset" 522
"../../../Engine/Content/BasicShapes/BasicShapeMaterial.uasset" 523
"../../../Engine/Content/BufferVisualization/Specular.uasset" 524
"../../../Engine/Content/BasicShapes/Cube.uasset" 525
"../../../FinalProject/Content/Geometry/Meshes/CubeMaterial.uasset" 526
"../../../FinalProject/Content/Geometry/Meshes/1M_Cube.uasset" 527
"../../../FinalProject/Content/Custom/CameraTopView_Blueprint.uasset" 528
"../../../FinalProject/Content/Custom/Players/Libe/LibeSkill1.uasset" 529
"../../../Engine/Content/BasicShapes/Cone.uasset" 530
"../../../FinalProject/Content/StarterContent/Particles/Materials/M_Radial_Gradient.uasset" 531
"../../../FinalProject/Content/StarterContent/Textures/T_Spark_Core.uasset" 532
"../../../FinalProject/Content/StarterContent/Particles/Materials/M_Spark.uasset" 533
"../../../FinalProject/Content/StarterContent/Particles/P_Sparks.uasset" 534
"../../../FinalProject/Content/Custom/Players/Libe/LibeSkill3.uasset" 535
"../../../FinalProject/Content/Custom/Players/Libe/player2_base_BaseColor.uasset" 536
"../../../FinalProject/Content/Custom/Players/Libe/base.uasset" 537
"../../../FinalProject/Content/Custom/Players/Libe/player2_body_low.uasset" 538
"../../../FinalProject/Content/Custom/Players/Libe/player2_boost_low.uasset" 539
"../../../FinalProject/Content/Custom/Players/Libe/player2_fan_low.uasset" 540
"../../../FinalProject/Content/Custom/Players/Libe/player2_glass_low.uasset" 541
"../../../FinalProject/Content/Custom/Players/Libe/player2_gun_low.uasset" 542
"../../../FinalProject/Content/Custom/Players/Libe/Libe.uasset" 543
"../../../FinalProject/Content/Custom/Players/Sylphod/SylphodSkill2.uasset" 544
"../../../FinalProject/Content/Custom/Players/Sylphod/player1_basic_BaseColor.uasset" 545
"../../../FinalProject/Content/Custom/Players/Sylphod/basic.uasset" 546
"../../../FinalProject/Content/StarterContent/Textures/T_ground_Moss_D.uasset" 547
"../../../FinalProject/Content/StarterContent/Textures/T_Ground_Moss_N.uasset" 548
"../../../FinalProject/Content/StarterContent/Textures/T_MacroVariation.uasset" 549
"../../../FinalProject/Content/StarterContent/Textures/T_Perlin_Noise_M.uasset" 550
"../../../FinalProject/Content/StarterContent/Materials/M_Ground_Moss.uasset" 551
"../../../FinalProject/Content/Custom/Players/Sylphod/player1_body_low.uasset" 552
"../../../FinalProject/Content/Custom/Players/Sylphod/player1_boost_low.uasset" 553
"../../../FinalProject/Content/Custom/Players/Sylphod/player1_glass_low.uasset" 554
"../../../FinalProject/Content/Custom/Players/Sylphod/player1_gun_low.uasset" 555
"../../../FinalProject/Content/Custom/Players/Sylphod/player1_tail_low.uasset" 556
"../../../FinalProject/Content/Custom/Players/Sylphod/player1_wing_low.uasset" 557
"../../../FinalProject/Content/Custom/Players/Sylphod/player1_wingbst_low.uasset" 558
"../../../FinalProject/Content/Custom/Players/Sylphod/Sylphod.uasset" 559
"../../../FinalProject/Content/Custom/UI/image/Circle.uasset" 560
"../../../FinalProject/Content/Custom/UI/InMissionUI.uasset" 561
"../../../FinalProject/Content/Custom/UI/image/PlayerBall.uasset" 562
"../../../FinalProject/Content/Custom/UI/PlayerUI.uasset" 563
"../../../FinalProject/Content/Custom/Players/PlayerInput_BP.uasset" 564
"../../../FinalProject/Content/Custom/UI/image/test_1.uasset" 565
"../../../FinalProject/Content/Custom/UI/image/test_2.uasset" 566
"../../../FinalProject/Content/Custom/UI/image/test_bg.uasset" 567
"../../../FinalProject/Content/Custom/UI/mainUI.uasset" 568
"../../../FinalProject/Content/Custom/MainMenuBP.uasset" 569
"../../../FinalProject/Content/Custom/Maps/Main.umap" 570
"../../../FinalProject/Content/StarterContent/Textures/T_Brick_Clay_New_D.uasset" 571
"../../../FinalProject/Content/StarterContent/Textures/T_Brick_Clay_New_M.uasset" 572
"../../../FinalProject/Content/StarterContent/Textures/T_Brick_Clay_New_N.uasset" 573
"../../../FinalProject/Content/StarterContent/Textures/T_Detail_Rocky_N.uasset" 574
"../../../FinalProject/Content/StarterContent/Materials/M_Brick_Clay_New.uasset" 575
"../../../FinalProject/Content/StarterContent/Textures/T_Brick_Clay_Old_D.uasset" 576
"../../../FinalProject/Content/StarterContent/Textures/T_Brick_Clay_Old_N.uasset" 577
"../../../FinalProject/Content/StarterContent/Materials/M_Brick_Clay_Old.uasset" 578
"../../../FinalProject/Content/TechArtAid/MixingMaterials/Textures/Road/MixingMaterials_Road_B.uasset" 579
"../../../FinalProject/Content/TechArtAid/MixingMaterials/Textures/Road/MixingMaterials_Road_MOR.uasset" 580
"../../../FinalProject/Content/TechArtAid/MixingMaterials/Textures/Road/MixingMaterials_Road_N.uasset" 581
"../../../FinalProject/Content/TechArtAid/Common/Materials/Mat_TAA_Solid_MRO.uasset" 582
"../../../FinalProject/Content/TechArtAid/Instancing/Textures/Asteroid/Instancing_Asteroid_v013_LOD0_A.uasset" 583
"../../../FinalProject/Content/TechArtAid/Instancing/Textures/Asteroid/Instancing_Asteroid_v013_LOD0_MRO.uasset" 584
"../../../FinalProject/Content/TechArtAid/Instancing/Textures/Asteroid/Instancing_Asteroid_v013_LOD0_N.uasset" 585
"../../../FinalProject/Content/TechArtAid/Instancing/Materials/MI_Instancing_Asteroid_LOD0.uasset" 586
"../../../FinalProject/Content/TechArtAid/Instancing/Textures/Asteroid/Instancing_Asteroid_v013_LOD1_A.uasset" 587
"../../../FinalProject/Content/TechArtAid/Instancing/Textures/Asteroid/Instancing_Asteroid_v013_LOD1_MRO.uasset" 588
"../../../FinalProject/Content/TechArtAid/Instancing/Textures/Asteroid/Instancing_Asteroid_v013_LOD1_N.uasset" 589
"../../../FinalProject/Content/TechArtAid/Instancing/Materials/MI_Instancing_Asteroid_LOD1.uasset" 590
"../../../FinalProject/Content/TechArtAid/Instancing/Textures/Asteroid/Instancing_Asteroid_v013_LOD2_A.uasset" 591
"../../../FinalProject/Content/TechArtAid/Instancing/Textures/Asteroid/Instancing_Asteroid_v013_LOD2_MRO.uasset" 592
"../../../FinalProject/Content/TechArtAid/Instancing/Textures/Asteroid/Instancing_Asteroid_v013_LOD2_N.uasset" 593
"../../../FinalProject/Content/TechArtAid/Instancing/Materials/MI_Instancing_Asteroid_LOD2.uasset" 594
"../../../FinalProject/Content/TechArtAid/Instancing/Textures/Asteroid/Instancing_Asteroid_v013_LOD3_A.uasset" 595
"../../../FinalProject/Content/TechArtAid/Instancing/Textures/Asteroid/Instancing_Asteroid_v013_LOD3_MRO.uasset" 596
"../../../FinalProject/Content/TechArtAid/Instancing/Textures/Asteroid/Instancing_Asteroid_v013_LOD3_N.uasset" 597
"../../../FinalProject/Content/TechArtAid/Instancing/Materials/MI_Instancing_Asteroid_LOD3.uasset" 598
"../../../FinalProject/Content/TechArtAid/Instancing/Models/Asteroid/Instancing_Asteroid_v013.uasset" 599
"../../../FinalProject/Content/TechArtAid/Instancing/Blueprints/BP_Instancing_AsteroidRing.uasset" 600
"../../../FinalProject/Content/TwinStickBP/Blueprints/TwinStickGameMode.uasset" 601
"../../../FinalProject/Content/Custom/Maps/TwinStickExampleMap_BuiltData.uasset" 602
"../../../FinalProject/Content/Texture/Space_MAT.uasset" 603
"../../../FinalProject/Content/Texture/Space.uasset" 604
"../../../FinalProject/Content/Texture/Space_INST.uasset" 605
"../../../FinalProject/Content/Texture/Space_INST_Small_Star.uasset" 606
"../../../FinalProject/Content/Texture/Space_INST_Space_Large.uasset" 607
"../../../FinalProject/Content/Texture/Spac.uasset" 608
"../../../FinalProject/Content/Texture/Spac_Inst.uasset" 609
"../../../FinalProject/Content/Custom/Music/BG/_Ari_Project_01_SpacePPeyongPPeyongMagicWorld.uasset" 610
"../../../FinalProject/Content/Custom/Maps/TwinStickExampleMap.umap" 611
