Log file open, 02/28/18 14:09:57
LogWindows: Failed to load 'aqProf.dll' (GetLastError=126)
LogWindows: File 'aqProf.dll' does not exist
LogWindows: Failed to load 'VtuneApi.dll' (GetLastError=126)
LogWindows: File 'VtuneApi.dll' does not exist
LogWindows: Failed to load 'VtuneApi32e.dll' (GetLastError=126)
LogWindows: File 'VtuneApi32e.dll' does not exist
LogInit: Display: Running engine for game: FinalProject
LogPlatformFile: Not using cached read wrapper
LogInit: Display: RandInit(-192935323) SRandInit(-192935323).
LogInit: Read version file with build ID '3709383'
LogInit: Overriding engine version to CL 3832480, compatible CL 3709383
LogInit: Registered custom module enumerator with build ID '3709383'
LogTaskGraph: Started task graph with 5 named threads and 14 total threads with 3 sets of task threads.
LogStats: Stats thread started at 0.191592
LogD3D11RHI: Aftermath initialized
LogModuleManager: Display: Found up-to-date module file ../../../Engine/Plugins/Marketplace/Substance/Binaries/Win64/UE4Editor-SubstanceCore.dll (API version 3709383).
LogModuleManager: Display: Found up-to-date module file ../../../Engine/Plugins/Marketplace/Substance/Binaries/Win64/UE4Editor-SubstanceEditor.dll (API version 3709383).
LogModuleManager: Display: Found up-to-date module file ../../../Engine/Plugins/Marketplace/Substance/Binaries/Win64/UE4Editor-SubstanceSource.dll (API version 3709383).
LogModuleManager: Display: Found up-to-date module file ../../../Engine/Plugins/Marketplace/Substance/Binaries/Win64/UE4Editor-SubstanceLiveLink.dll (API version 3709383).
LogModuleManager: Display: Found up-to-date module file ../../../Engine/Plugins/2D/Paper2D/Binaries/Win64/UE4Editor-Paper2D.dll (API version 3709383).
LogModuleManager: Display: Found up-to-date module file ../../../Engine/Plugins/2D/Paper2D/Binaries/Win64/UE4Editor-Paper2DEditor.dll (API version 3709383).
LogModuleManager: Display: Found up-to-date module file ../../../Engine/Plugins/2D/Paper2D/Binaries/Win64/UE4Editor-PaperSpriteSheetImporter.dll (API version 3709383).
LogModuleManager: Display: Found up-to-date module file ../../../Engine/Plugins/2D/Paper2D/Binaries/Win64/UE4Editor-PaperTiledImporter.dll (API version 3709383).
LogModuleManager: Display: Found up-to-date module file ../../../Engine/Plugins/2D/Paper2D/Binaries/Win64/UE4Editor-SmartSnapping.dll (API version 3709383).
LogModuleManager: Display: Found up-to-date module file ../../../Engine/Plugins/Blendables/LightPropagationVolume/Binaries/Win64/UE4Editor-LightPropagationVolumeRuntime.dll (API version 3709383).
LogModuleManager: Display: Found up-to-date module file ../../../Engine/Plugins/Blendables/LightPropagationVolume/Binaries/Win64/UE4Editor-LightPropagationVolumeEditor.dll (API version 3709383).
LogModuleManager: Display: Found up-to-date module file ../../../Engine/Plugins/Developer/GitSourceControl/Binaries/Win64/UE4Editor-GitSourceControl.dll (API version 3709383).
LogModuleManager: Display: Found up-to-date module file ../../../Engine/Plugins/Developer/PerforceSourceControl/Binaries/Win64/UE4Editor-PerforceSourceControl.dll (API version 3709383).
LogModuleManager: Display: Found up-to-date module file ../../../Engine/Plugins/Developer/SubversionSourceControl/Binaries/Win64/UE4Editor-SubversionSourceControl.dll (API version 3709383).
LogModuleManager: Display: Found up-to-date module file ../../../Engine/Plugins/Developer/UObjectPlugin/Binaries/Win64/UE4Editor-UObjectPlugin.dll (API version 3709383).
LogModuleManager: Display: Found up-to-date module file ../../../Engine/Plugins/Developer/VisualStudioCodeSourceCodeAccess/Binaries/Win64/UE4Editor-VisualStudioCodeSourceCodeAccess.dll (API version 3709383).
LogModuleManager: Display: Found up-to-date module file ../../../Engine/Plugins/Developer/VisualStudioSourceCodeAccess/Binaries/Win64/UE4Editor-VisualStudioSourceCodeAccess.dll (API version 3709383).
LogModuleManager: Display: Found up-to-date module file ../../../Engine/Plugins/Editor/AssetManagerEditor/Binaries/Win64/UE4Editor-AssetManagerEditor.dll (API version 3709383).
LogModuleManager: Display: Found up-to-date module file ../../../Engine/Plugins/Editor/AudioCapture/Binaries/Win64/UE4Editor-AudioCapture.dll (API version 3709383).
LogModuleManager: Display: Found up-to-date module file ../../../Engine/Plugins/Editor/FacialAnimation/Binaries/Win64/UE4Editor-FacialAnimation.dll (API version 3709383).
LogModuleManager: Display: Found up-to-date module file ../../../Engine/Plugins/Editor/FacialAnimation/Binaries/Win64/UE4Editor-FacialAnimationEditor.dll (API version 3709383).
LogModuleManager: Display: Found up-to-date module file ../../../Engine/Plugins/Editor/GameplayTagsEditor/Binaries/Win64/UE4Editor-GameplayTagsEditor.dll (API version 3709383).
LogModuleManager: Display: Found up-to-date module file ../../../Engine/Plugins/Editor/MobileLauncherProfileWizard/Binaries/Win64/UE4Editor-MobileLauncherProfileWizard.dll (API version 3709383).
LogModuleManager: Display: Found up-to-date module file ../../../Engine/Plugins/Editor/PluginBrowser/Binaries/Win64/UE4Editor-PluginBrowser.dll (API version 3709383).
LogModuleManager: Display: Found up-to-date module file ../../../Engine/Plugins/Editor/SpeedTreeImporter/Binaries/Win64/UE4Editor-SpeedTreeImporter.dll (API version 3709383).
LogModuleManager: Display: Found up-to-date module file ../../../Engine/Plugins/Experimental/AlembicImporter/Binaries/Win64/UE4Editor-AlembicImporter.dll (API version 3709383).
LogModuleManager: Display: Found up-to-date module file ../../../Engine/Plugins/Experimental/AlembicImporter/Binaries/Win64/UE4Editor-AlembicLibrary.dll (API version 3709383).
LogModuleManager: Display: Found up-to-date module file ../../../Engine/Plugins/Experimental/CharacterAI/Binaries/Win64/UE4Editor-CharacterAI.dll (API version 3709383).
LogModuleManager: Display: Found up-to-date module file ../../../Engine/Plugins/Experimental/HTML5Networking/Binaries/Win64/UE4Editor-HTML5Networking.dll (API version 3709383).
LogModuleManager: Display: Found up-to-date module file ../../../Engine/Plugins/Media/AndroidMedia/Binaries/Win64/UE4Editor-AndroidMediaEditor.dll (API version 3709383).
LogModuleManager: Display: Found up-to-date module file ../../../Engine/Plugins/Media/AndroidMedia/Binaries/Win64/UE4Editor-AndroidMediaFactory.dll (API version 3709383).
LogModuleManager: Display: Found up-to-date module file ../../../Engine/Plugins/Media/AvfMedia/Binaries/Win64/UE4Editor-AvfMediaEditor.dll (API version 3709383).
LogModuleManager: Display: Found up-to-date module file ../../../Engine/Plugins/Media/AvfMedia/Binaries/Win64/UE4Editor-AvfMediaFactory.dll (API version 3709383).
LogModuleManager: Display: Found up-to-date module file ../../../Engine/Plugins/Media/AvfMedia/Binaries/Win64/UE4Editor-AvfMediaFactory.dll (API version 3709383).
LogModuleManager: Display: Found up-to-date module file ../../../Engine/Plugins/Media/ImgMedia/Binaries/Win64/UE4Editor-ImgMedia.dll (API version 3709383).
LogModuleManager: Display: Found up-to-date module file ../../../Engine/Plugins/Media/ImgMedia/Binaries/Win64/UE4Editor-ImgMediaEditor.dll (API version 3709383).
LogModuleManager: Display: Found up-to-date module file ../../../Engine/Plugins/Media/ImgMedia/Binaries/Win64/UE4Editor-ImgMediaFactory.dll (API version 3709383).
LogModuleManager: Display: Found up-to-date module file ../../../Engine/Plugins/Media/ImgMedia/Binaries/Win64/UE4Editor-ImgMediaFactory.dll (API version 3709383).
LogModuleManager: Display: Found up-to-date module file ../../../Engine/Plugins/Media/ImgMedia/Binaries/Win64/UE4Editor-OpenExrWrapper.dll (API version 3709383).
LogModuleManager: Display: Found up-to-date module file ../../../Engine/Plugins/Media/MediaCompositing/Binaries/Win64/UE4Editor-MediaCompositing.dll (API version 3709383).
LogModuleManager: Display: Found up-to-date module file ../../../Engine/Plugins/Media/MediaCompositing/Binaries/Win64/UE4Editor-MediaCompositingEditor.dll (API version 3709383).
LogModuleManager: Display: Found up-to-date module file ../../../Engine/Plugins/Media/MediaPlayerEditor/Binaries/Win64/UE4Editor-MediaPlayerEditor.dll (API version 3709383).
LogModuleManager: Display: Found up-to-date module file ../../../Engine/Plugins/Media/WmfMedia/Binaries/Win64/UE4Editor-WmfMedia.dll (API version 3709383).
LogModuleManager: Display: Found up-to-date module file ../../../Engine/Plugins/Media/WmfMedia/Binaries/Win64/UE4Editor-WmfMediaEditor.dll (API version 3709383).
LogModuleManager: Display: Found up-to-date module file ../../../Engine/Plugins/Media/WmfMedia/Binaries/Win64/UE4Editor-WmfMediaFactory.dll (API version 3709383).
LogModuleManager: Display: Found up-to-date module file ../../../Engine/Plugins/Media/WmfMedia/Binaries/Win64/UE4Editor-WmfMediaFactory.dll (API version 3709383).
LogModuleManager: Display: Found up-to-date module file ../../../Engine/Plugins/Messaging/TcpMessaging/Binaries/Win64/UE4Editor-TcpMessaging.dll (API version 3709383).
LogModuleManager: Display: Found up-to-date module file ../../../Engine/Plugins/Messaging/UdpMessaging/Binaries/Win64/UE4Editor-UdpMessaging.dll (API version 3709383).
LogModuleManager: Display: Found up-to-date module file ../../../Engine/Plugins/MovieScene/ActorSequence/Binaries/Win64/UE4Editor-ActorSequence.dll (API version 3709383).
LogModuleManager: Display: Found up-to-date module file ../../../Engine/Plugins/MovieScene/LevelSequenceEditor/Binaries/Win64/UE4Editor-LevelSequenceEditor.dll (API version 3709383).
LogModuleManager: Display: Found up-to-date module file ../../../Engine/Plugins/MovieScene/MatineeToLevelSequence/Binaries/Win64/UE4Editor-MatineeToLevelSequence.dll (API version 3709383).
LogModuleManager: Display: Found up-to-date module file ../../../Engine/Plugins/Online/OnlineSubsystem/Binaries/Win64/UE4Editor-OnlineSubsystem.dll (API version 3709383).
LogModuleManager: Display: Found up-to-date module file ../../../Engine/Plugins/Runtime/AndroidPermission/Binaries/Win64/UE4Editor-AndroidPermission.dll (API version 3709383).
LogModuleManager: Display: Found up-to-date module file ../../../Engine/Plugins/Online/OnlineSubsystemNull/Binaries/Win64/UE4Editor-OnlineSubsystemNull.dll (API version 3709383).
LogModuleManager: Display: Found up-to-date module file ../../../Engine/Plugins/Online/OnlineSubsystemUtils/Binaries/Win64/UE4Editor-OnlineSubsystemUtils.dll (API version 3709383).
LogModuleManager: Display: Found up-to-date module file ../../../Engine/Plugins/Online/OnlineSubsystemUtils/Binaries/Win64/UE4Editor-OnlineBlueprintSupport.dll (API version 3709383).
LogModuleManager: Display: Found up-to-date module file ../../../Engine/Plugins/Runtime/AndroidDeviceProfileSelector/Binaries/Win64/UE4Editor-AndroidDeviceProfileSelector.dll (API version 3709383).
LogModuleManager: Display: Found up-to-date module file ../../../Engine/Plugins/Runtime/AppleARKit/Binaries/Win64/UE4Editor-AppleARKit.dll (API version 3709383).
LogModuleManager: Display: Found up-to-date module file ../../../Engine/Plugins/Runtime/ArchVisCharacter/Binaries/Win64/UE4Editor-ArchVisCharacter.dll (API version 3709383).
LogModuleManager: Display: Found up-to-date module file ../../../Engine/Plugins/Runtime/CableComponent/Binaries/Win64/UE4Editor-CableComponent.dll (API version 3709383).
LogModuleManager: Display: Found up-to-date module file ../../../Engine/Plugins/Runtime/CustomMeshComponent/Binaries/Win64/UE4Editor-CustomMeshComponent.dll (API version 3709383).
LogModuleManager: Display: Found up-to-date module file ../../../Engine/Plugins/Runtime/ExampleDeviceProfileSelector/Binaries/Win64/UE4Editor-ExampleDeviceProfileSelector.dll (API version 3709383).
LogModuleManager: Display: Found up-to-date module file ../../../Engine/Plugins/Runtime/ImmediatePhysics/Binaries/Win64/UE4Editor-ImmediatePhysics.dll (API version 3709383).
LogModuleManager: Display: Found up-to-date module file ../../../Engine/Plugins/Runtime/ImmediatePhysics/Binaries/Win64/UE4Editor-ImmediatePhysicsEditor.dll (API version 3709383).
LogModuleManager: Display: Found up-to-date module file ../../../Engine/Plugins/Runtime/LocationServicesBPLibrary/Binaries/Win64/UE4Editor-LocationServicesBPLibrary.dll (API version 3709383).
LogModuleManager: Display: Found up-to-date module file ../../../Engine/Plugins/Runtime/MobilePatchingUtils/Binaries/Win64/UE4Editor-MobilePatchingUtils.dll (API version 3709383).
LogModuleManager: Display: Found up-to-date module file ../../../Engine/Plugins/Runtime/Oculus/OculusVR/Binaries/Win64/UE4Editor-OculusHMD.dll (API version 3709383).
LogModuleManager: Display: Found up-to-date module file ../../../Engine/Plugins/Runtime/Oculus/OculusVR/Binaries/Win64/UE4Editor-OculusInput.dll (API version 3709383).
LogModuleManager: Display: Found up-to-date module file ../../../Engine/Plugins/Runtime/Oculus/OculusVR/Binaries/Win64/UE4Editor-OculusEditor.dll (API version 3709383).
LogModuleManager: Display: Found up-to-date module file ../../../Engine/Plugins/Runtime/PhysXVehicles/Binaries/Win64/UE4Editor-PhysXVehicles.dll (API version 3709383).
LogModuleManager: Display: Found up-to-date module file ../../../Engine/Plugins/Runtime/PhysXVehicles/Binaries/Win64/UE4Editor-PhysXVehiclesEditor.dll (API version 3709383).
LogModuleManager: Display: Found up-to-date module file ../../../Engine/Plugins/Runtime/ProceduralMeshComponent/Binaries/Win64/UE4Editor-ProceduralMeshComponent.dll (API version 3709383).
LogModuleManager: Display: Found up-to-date module file ../../../Engine/Plugins/Runtime/ProceduralMeshComponent/Binaries/Win64/UE4Editor-ProceduralMeshComponentEditor.dll (API version 3709383).
LogModuleManager: Display: Found up-to-date module file ../../../Engine/Plugins/Runtime/RuntimePhysXCooking/Binaries/Win64/UE4Editor-RuntimePhysXCooking.dll (API version 3709383).
LogModuleManager: Display: Found up-to-date module file ../../../Engine/Plugins/Runtime/Steam/SteamVR/Binaries/Win64/UE4Editor-SteamVR.dll (API version 3709383).
LogModuleManager: Display: Found up-to-date module file ../../../Engine/Plugins/Runtime/Steam/SteamVR/Binaries/Win64/UE4Editor-SteamVRController.dll (API version 3709383).
LogModuleManager: Display: Found up-to-date module file ../../../Engine/Plugins/Runtime/WindowsMoviePlayer/Binaries/Win64/UE4Editor-WindowsMoviePlayer.dll (API version 3709383).
LogPluginManager: Mounting plugin Paper2D
LogPluginManager: Mounting plugin LightPropagationVolume
LogPluginManager: Mounting plugin CodeLiteSourceCodeAccess
LogPluginManager: Mounting plugin GitSourceControl
LogPluginManager: Mounting plugin KDevelopSourceCodeAccess
LogPluginManager: Mounting plugin NullSourceCodeAccess
LogPluginManager: Mounting plugin PerforceSourceControl
LogPluginManager: Mounting plugin SubversionSourceControl
LogPluginManager: Mounting plugin UObjectPlugin
LogPluginManager: Mounting plugin VisualStudioCodeSourceCodeAccess
LogPluginManager: Mounting plugin VisualStudioSourceCodeAccess
LogPluginManager: Mounting plugin XCodeSourceCodeAccess
LogPluginManager: Mounting plugin AssetManagerEditor
LogPluginManager: Mounting plugin AudioCapture
LogPluginManager: Mounting plugin FacialAnimation
LogPluginManager: Mounting plugin GameplayTagsEditor
LogPluginManager: Mounting plugin MobileLauncherProfileWizard
LogPluginManager: Mounting plugin PluginBrowser
LogPluginManager: Mounting plugin SpeedTreeImporter
LogPluginManager: Mounting plugin AlembicImporter
LogPluginManager: Mounting plugin CharacterAI
LogPluginManager: Mounting plugin HTML5Networking
LogPluginManager: Mounting plugin Substance
LogPluginManager: Mounting plugin AndroidMedia
LogPluginManager: Mounting plugin AvfMedia
LogPluginManager: Mounting plugin ImgMedia
LogPluginManager: Mounting plugin MediaCompositing
LogPluginManager: Mounting plugin MediaPlayerEditor
LogPluginManager: Mounting plugin WmfMedia
LogPluginManager: Mounting plugin TcpMessaging
LogPluginManager: Mounting plugin UdpMessaging
LogPluginManager: Mounting plugin ActorSequence
LogPluginManager: Mounting plugin LevelSequenceEditor
LogPluginManager: Mounting plugin MatineeToLevelSequence
LogPluginManager: Mounting plugin OnlineSubsystemGooglePlay
LogPluginManager: Mounting plugin OnlineSubsystemIOS
LogPluginManager: Mounting plugin OnlineSubsystem
LogPluginManager: Mounting plugin OnlineSubsystemNull
LogPluginManager: Mounting plugin OnlineSubsystemUtils
LogPluginManager: Mounting plugin AndroidDeviceProfileSelector
LogPluginManager: Mounting plugin AndroidMoviePlayer
LogPluginManager: Mounting plugin AndroidPermission
LogPluginManager: Mounting plugin AppleARKit
LogPluginManager: Mounting plugin AppleMoviePlayer
LogPluginManager: Mounting plugin ArchVisCharacter
LogPluginManager: Mounting plugin CableComponent
LogPluginManager: Mounting plugin CustomMeshComponent
LogPluginManager: Mounting plugin ExampleDeviceProfileSelector
LogPluginManager: Mounting plugin GoogleCloudMessaging
LogPluginManager: Mounting plugin ImmediatePhysics
LogPluginManager: Mounting plugin IOSDeviceProfileSelector
LogPluginManager: Mounting plugin LinuxDeviceProfileSelector
LogPluginManager: Mounting plugin LocationServicesBPLibrary
LogPluginManager: Mounting plugin MobilePatchingUtils
LogPluginManager: Mounting plugin OculusVR
LogPluginManager: Plugin shader directory ../../../Engine/Plugins/Runtime/Oculus/OculusVR/Shaders found
LogPluginManager: Mapping shader source directory ../../../Engine/Plugins/Runtime/Oculus/OculusVR/Shaders to virtual directory /Plugin/OculusVR
LogPluginManager: Mounting plugin PhysXVehicles
LogPluginManager: Mounting plugin ProceduralMeshComponent
LogPluginManager: Mounting plugin RuntimePhysXCooking
LogPluginManager: Mounting plugin SteamVR
LogPluginManager: Mounting plugin WindowsMoviePlayer
LogInit: Using libcurl 7.47.1
LogInit:  - built for x86_64-pc-win32
LogInit:  - supports SSL with OpenSSL/1.0.2g
LogInit:  - supports HTTP deflate (compression) using libz 1.2.8
LogInit:  - other features:
LogInit:      CURL_VERSION_SSL
LogInit:      CURL_VERSION_LIBZ
LogInit:      CURL_VERSION_IPV6
LogInit:      CURL_VERSION_ASYNCHDNS
LogInit:      CURL_VERSION_LARGEFILE
LogInit:      CURL_VERSION_IDN
LogInit:  CurlRequestOptions (configurable via config and command line):
LogInit:  - bVerifyPeer = false  - Libcurl will NOT verify peer certificate
LogInit:  - bUseHttpProxy = false  - Libcurl will NOT use HTTP proxy
LogInit:  - bDontReuseConnections = false  - Libcurl will reuse connections
LogInit:  - CertBundlePath = nullptr  - Libcurl will use whatever was configured at build time.
LogInit: Build: ++UE4+Release-4.18-CL-3832480
LogInit: Engine Version: 4.18.3-3832480+++UE4+Release-4.18
LogInit: Compatible Engine Version: 4.18.0-3709383+++UE4+Release-4.18
LogInit: Net CL: 3709383
LogDevObjectVersion: Number of dev versions registered: 16
LogDevObjectVersion:   Dev-Blueprints (B0D832E4-1F89-4F0D-ACCF-7EB736FD4AA2): 10
LogDevObjectVersion:   Dev-Build (E1C64328-A22C-4D53-A36C-8E866417BD8C): 0
LogDevObjectVersion:   Dev-Core (375EC13C-06E4-48FB-B500-84F0262A717E): 2
LogDevObjectVersion:   Dev-Editor (E4B068ED-F494-42E9-A231-DA0B2E46BB41): 20
LogDevObjectVersion:   Dev-Framework (CFFC743F-43B0-4480-9391-14DF171D2073): 30
LogDevObjectVersion:   Dev-Mobile (B02B49B5-BB20-44E9-A304-32B752E40360): 0
LogDevObjectVersion:   Dev-Networking (A4E4105C-59A1-49B5-A7C5-40C4547EDFEE): 0
LogDevObjectVersion:   Dev-Online (39C831C9-5AE6-47DC-9A44-9C173E1C8E7C): 0
LogDevObjectVersion:   Dev-Physics (78F01B33-EBEA-4F98-B9B4-84EACCB95AA2): 0
LogDevObjectVersion:   Dev-Platform (6631380F-2D4D-43E0-8009-CF276956A95A): 0
LogDevObjectVersion:   Dev-Rendering (12F88B9F-8875-4AFC-A67C-D90C383ABD29): 20
LogDevObjectVersion:   Dev-Sequencer (7B5AE74C-D270-4C10-A958-57980B212A5A): 4
LogDevObjectVersion:   Dev-VR (D7296918-1DD6-4BDD-9DE2-64A83CC13884): 0
LogDevObjectVersion:   Dev-LoadTimes (C2A15278-BFE7-4AFE-6C17-90FF531DF755): 1
LogDevObjectVersion:   Private-Geometry (6EACA3D4-40EC-4CC1-B786-8BED09428FC5): 1
LogDevObjectVersion:   Dev-AnimPhys (29E575DD-E0A3-4627-9D10-D276232CDCEA): 12
LogInit: Compiled (64-bit): Jan 12 2018 02:04:55
LogInit: Compiled with Visual C++: 19.00.24215.01
LogInit: Build Configuration: Development
LogInit: Branch Name: ++UE4+Release-4.18
LogInit: Command line:  
LogInit: Base directory: D:/Ari/Program Files/UE_4.18/Engine/Binaries/Win64/
LogInit: Installed Engine Build: 1
LogInit: Presizing for max 8388607 objects, including 0 objects not considered by GC, pre-allocating 0 bytes for permanent pool.
LogInit: Object subsystem initialized
[2018.02.28-05.09.59:640][  0]LogInit: Selected Device Profile: [Windows]
[2018.02.28-05.09.59:640][  0]LogInit: Applying CVar settings loaded from the selected device profile: [Windows]
[2018.02.28-05.09.59:650][  0]LogInit: Computer: JAEBUM-PC
[2018.02.28-05.09.59:650][  0]LogInit: User: ar981
[2018.02.28-05.09.59:650][  0]LogInit: CPU Page size=4096, Cores=4
[2018.02.28-05.09.59:650][  0]LogInit: High frequency timer resolution =2.435776 MHz
[2018.02.28-05.09.59:650][  0]LogMemory: Memory total: Physical=7.9GB (8GB approx)
[2018.02.28-05.09.59:650][  0]LogMemory: Platform Memory Stats for Windows
[2018.02.28-05.09.59:650][  0]LogMemory: Process Physical Memory: 273.62 MB used, 273.62 MB peak
[2018.02.28-05.09.59:650][  0]LogMemory: Process Virtual Memory: 264.91 MB used, 264.91 MB peak
[2018.02.28-05.09.59:650][  0]LogMemory: Physical Memory: 4220.86 MB used,  3850.07 MB free, 8070.93 MB total
[2018.02.28-05.09.59:650][  0]LogMemory: Virtual Memory: 663.04 MB used,  3850.07 MB free, 134217728.00 MB total
[2018.02.28-05.09.59:779][  0]LogInit: Using OS detected language (ko-KR).
[2018.02.28-05.09.59:779][  0]LogInit: Using OS detected locale (ko-KR).
[2018.02.28-05.09.59:786][  0]LogTextLocalizationManager: No specific localization for 'ko-KR' exists, so the 'ko' localization will be used.
[2018.02.28-05.09.59:980][  0]LogInit: Setting process to per monitor DPI aware
[2018.02.28-05.10.00:494][  0]LogD3D11RHI: D3D11 adapters:
[2018.02.28-05.10.00:784][  0]LogD3D11RHI:    0. 'NVIDIA GeForce GTX 850M' (Feature Level 11_0)
[2018.02.28-05.10.00:784][  0]LogD3D11RHI:       2019/0/4035 MB DedicatedVideo/DedicatedSystem/SharedSystem, Outputs:2, VendorId:0x10de
[2018.02.28-05.10.00:792][  0]LogD3D11RHI:    1. 'Intel(R) HD Graphics 4600' (Feature Level 11_0)
[2018.02.28-05.10.00:792][  0]LogD3D11RHI:       112/0/2048 MB DedicatedVideo/DedicatedSystem/SharedSystem, Outputs:0, VendorId:0x8086
[2018.02.28-05.10.00:795][  0]LogD3D11RHI:    2. 'Microsoft Basic Render Driver' (Feature Level 11_0)
[2018.02.28-05.10.00:795][  0]LogD3D11RHI:       0/0/4035 MB DedicatedVideo/DedicatedSystem/SharedSystem, Outputs:0, VendorId:0x1414
[2018.02.28-05.10.00:795][  0]LogD3D11RHI: Chosen D3D11 Adapter: 0
[2018.02.28-05.10.00:802][  0]LogD3D11RHI: Creating new Direct3DDevice
[2018.02.28-05.10.00:802][  0]LogD3D11RHI:     GPU DeviceId: 0x1391 (for the marketing name, search the web for "GPU Device Id")
[2018.02.28-05.10.00:802][  0]LogWindows: EnumDisplayDevices:
[2018.02.28-05.10.00:802][  0]LogWindows:    0. 'Intel(R) HD Graphics 4600' (P:1 D:1)
[2018.02.28-05.10.00:803][  0]LogWindows:    1. 'Intel(R) HD Graphics 4600' (P:0 D:1)
[2018.02.28-05.10.00:803][  0]LogWindows:    2. 'Intel(R) HD Graphics 4600' (P:0 D:0)
[2018.02.28-05.10.00:803][  0]LogWindows: DebugString: GetVideoDriverDetailsInvalid PrimaryIsNotTheChoosenAdapter GetVideoDriverDetailsInvalid PrimaryIsNotTheChoosenAdapter GetVideoDriverDetailsInvalid PrimaryIsNotTheChoosenAdapter FoundDriverCount:0 
[2018.02.28-05.10.00:803][  0]LogD3D11RHI:     Adapter Name: NVIDIA GeForce GTX 850M
[2018.02.28-05.10.00:803][  0]LogD3D11RHI:   Driver Version: Unknown (internal:Unknown, unified:Unknown)
[2018.02.28-05.10.00:803][  0]LogD3D11RHI:      Driver Date: Unknown
[2018.02.28-05.10.00:803][  0]LogRHI: Texture pool is 1413 MB (70% of 2019 MB)
[2018.02.28-05.10.00:837][  0]LogD3D11RHI: Async texture creation enabled
[2018.02.28-05.10.00:851][  0]LogD3D11RHI: GPU Timing Frequency: 1000.000000 (Debug: 2 1)
[2018.02.28-05.10.00:853][  0]LogShaderCompilers: Guid format shader working directory is 2 characters bigger than the processId version (../../../../../Unreal Projects/FinalProject/Intermediate/Shaders/WorkingDirectory/12136/).
[2018.02.28-05.10.00:854][  0]LogShaderCompilers: Cleaned the shader compiler working directory 'C:/Users/ar981/AppData/Local/Temp/UnrealShaderWorkingDir/43B6ACBB45B5CC760064F6A20D4B120F/'.
[2018.02.28-05.10.00:854][  0]LogShaderCompilers: Display: Using Local Shader Compiler.
[2018.02.28-05.10.01:903][  0]LogTemp: Display: Loaded TP AllDesktopTargetPlatform
[2018.02.28-05.10.01:961][  0]LogTemp: Display: Loaded TP MacClientTargetPlatform
[2018.02.28-05.10.02:018][  0]LogTemp: Display: Loaded TP MacNoEditorTargetPlatform
[2018.02.28-05.10.02:076][  0]LogTemp: Display: Loaded TP MacServerTargetPlatform
[2018.02.28-05.10.02:135][  0]LogTemp: Display: Loaded TP MacTargetPlatform
[2018.02.28-05.10.02:192][  0]LogTemp: Display: Loaded TP WindowsClientTargetPlatform
[2018.02.28-05.10.02:250][  0]LogTemp: Display: Loaded TP WindowsNoEditorTargetPlatform
[2018.02.28-05.10.02:311][  0]LogTemp: Display: Loaded TP WindowsServerTargetPlatform
[2018.02.28-05.10.02:362][  0]LogTemp: Display: Loaded TP WindowsTargetPlatform
[2018.02.28-05.10.02:424][  0]LogTemp: Display: Loaded TP Android_ASTCTargetPlatform
[2018.02.28-05.10.02:482][  0]LogTemp: Display: Loaded TP Android_ATCTargetPlatform
[2018.02.28-05.10.02:540][  0]LogTemp: Display: Loaded TP Android_DXTTargetPlatform
[2018.02.28-05.10.02:597][  0]LogTemp: Display: Loaded TP Android_ETC1TargetPlatform
[2018.02.28-05.10.02:654][  0]LogTemp: Display: Loaded TP Android_ETC2TargetPlatform
[2018.02.28-05.10.02:766][  0]LogTemp: Display: Loaded TP Android_MultiTargetPlatform
[2018.02.28-05.10.02:766][  0]LogTemp: Display: Loaded TP Android_PVRTCTargetPlatform
[2018.02.28-05.10.02:823][  0]LogTemp: Display: Loaded TP AndroidTargetPlatform
[2018.02.28-05.10.02:865][  0]LogTemp: Display: Loaded TP HTML5TargetPlatform
[2018.02.28-05.10.02:960][  0]LogTemp: Display: Loaded TP IOSTargetPlatform
[2018.02.28-05.10.02:984][  0]LogTemp: Display: Loaded TP TVOSTargetPlatform
[2018.02.28-05.10.03:039][  0]LogTemp: Display: Loaded TP LinuxClientTargetPlatform
[2018.02.28-05.10.03:094][  0]LogTemp: Display: Loaded TP LinuxNoEditorTargetPlatform
[2018.02.28-05.10.03:150][  0]LogTemp: Display: Loaded TP LinuxServerTargetPlatform
[2018.02.28-05.10.03:204][  0]LogTemp: Display: Loaded TP LinuxTargetPlatform
[2018.02.28-05.10.03:204][  0]LogTargetPlatformManager: Display: Building Assets For Windows
[2018.02.28-05.10.03:698][  0]LogDerivedDataCache: Display: Max Cache Size: 512 MB
[2018.02.28-05.10.03:788][  0]LogDerivedDataCache: Loaded boot cache 0.09s 78MB C:/Users/ar981/AppData/Local/UnrealEngine/4.18/DerivedDataCache/Boot.ddc.
[2018.02.28-05.10.03:789][  0]LogDerivedDataCache: Display: Loaded Boot cache: C:/Users/ar981/AppData/Local/UnrealEngine/4.18/DerivedDataCache/Boot.ddc
[2018.02.28-05.10.03:789][  0]LogDerivedDataCache: FDerivedDataBackendGraph:  Pak pak cache file ../../../../../Unreal Projects/FinalProject/DerivedDataCache/DDC.ddp not found, will not use a pak cache.
[2018.02.28-05.10.03:789][  0]LogDerivedDataCache: Unable to find inner node Pak for hierarchical cache Hierarchy.
[2018.02.28-05.10.03:789][  0]LogDerivedDataCache: FDerivedDataBackendGraph:  CompressedPak pak cache file ../../../../../Unreal Projects/FinalProject/DerivedDataCache/Compressed.ddp not found, will not use a pak cache.
[2018.02.28-05.10.03:789][  0]LogDerivedDataCache: Unable to find inner node CompressedPak for hierarchical cache Hierarchy.
[2018.02.28-05.10.03:807][  0]LogDerivedDataCache: Display: Pak cache opened for reading ../../../Engine/DerivedDataCache/Compressed.ddp.
[2018.02.28-05.10.03:820][  0]LogDerivedDataCache: Using Local data cache path C:/Users/ar981/AppData/Local/UnrealEngine/Common/DerivedDataCache: Writable
[2018.02.28-05.10.03:831][  0]LogMaterial: Verifying Global Shaders for PCD3D_SM5
[2018.02.28-05.10.03:831][  0]LogSlate: Using Freetype 2.6.0
[2018.02.28-05.10.03:832][  0]LogSlate: SlateFontCache - WITH_FREETYPE: 1, WITH_HARFBUZZ: 1
[2018.02.28-05.10.03:832][  0]LogSlate: SlateFontCache - WITH_FREETYPE: 1, WITH_HARFBUZZ: 1
[2018.02.28-05.10.04:292][  0]LogInit: Selected Device Profile: [Windows]
[2018.02.28-05.10.04:682][  0]LogSimplygon: Simplygon DLL not present - disabling.
[2018.02.28-05.10.04:726][  0]LogMeshReduction: Using SimplygonSwarm for distributed automatic mesh merging
[2018.02.28-05.10.04:726][  0]LogMeshReduction: Using QuadricMeshReduction for automatic static mesh reduction
[2018.02.28-05.10.04:726][  0]LogMeshReduction: No automatic skeletal mesh reduction module available
[2018.02.28-05.10.04:726][  0]LogMeshReduction: No automatic mesh merging module available
[2018.02.28-05.10.04:726][  0]LogMeshMerging: No automatic mesh merging module available
[2018.02.28-05.10.04:782][  0]LogNetVersion: FinalProject , NetCL: 3709383, EngineNetVer: 2, GameNetVer: 0 (Checksum: 1186961665)
[2018.02.28-05.10.04:989][  0]LogAssetRegistry: FAssetRegistry took 0.0265 seconds to start up
[2018.02.28-05.10.05:660][  0]LogPackageLocalizationCache: Processed 7 localized package path(s) for 2 prioritized culture(s) in 0.084665 seconds
[2018.02.28-05.10.05:666][  0]LogUObjectArray: 35870 objects as part of root set at end of initial load.
[2018.02.28-05.10.05:666][  0]LogUObjectAllocator: 7363704 out of 0 bytes used by permanent object pool.
[2018.02.28-05.10.05:666][  0]LogUObjectArray: CloseDisregardForGC: 0/0 objects in disregard for GC pool
[2018.02.28-05.10.05:711][  0]LogInit: WinSock: version 1.1 (2.2), MaxSocks=32767, MaxUdp=65467
[2018.02.28-05.10.09:259][  0]LogSubstanceCoreModule: Substance [CPU] Engine Loaded, Max Texture Size = 2048
[2018.02.28-05.10.09:308][  0]LogTcpMessaging: Initializing TcpMessaging bridge
[2018.02.28-05.10.09:366][  0]LogUdpMessaging: Initializing bridge on interface 0.0.0.0:0 to multicast group 230.0.0.1:6666.
[2018.02.28-05.10.10:394][  0]LogMaterial: Uniform references updated for custom material expression Custom.
[2018.02.28-05.10.11:015][  0]SourceControl: 소스 콘트롤이 꺼졌습니다.
[2018.02.28-05.10.12:969][  0]LogAndroidPermission: UAndroidPermissionCallbackProxy::GetInstance
[2018.02.28-05.10.13:362][  0]LogOcInput: OculusInput pre-init called
[2018.02.28-05.10.14:136][  0]LogEngine: Initializing Engine...
[2018.02.28-05.10.14:140][  0]LogHMD: Failed to initialize OpenVR with code 100
[2018.02.28-05.10.14:416][  0]LogStats: UGameplayTagsManager::ConstructGameplayTagTree: Construct from data asset -  0.000 s
[2018.02.28-05.10.14:416][  0]LogStats: UGameplayTagsManager::ConstructGameplayTagTree: GameplayTagTreeChangedEvent.Broadcast -  0.000 s
[2018.02.28-05.10.14:574][  0]LogAIModule: Creating AISystem for world Untitled
[2018.02.28-05.10.14:587][  0]LogInit: XAudio2 using '스피커(VIA HD Audio)' : 2 channels at 48 kHz using 32 bits per sample (channel mask 0x3)
[2018.02.28-05.10.14:668][  0]LogInit: FAudioDevice initialized.
[2018.02.28-05.10.15:049][  0]LogDerivedDataCache: Saved boot cache 0.38s 78MB C:/Users/ar981/AppData/Local/UnrealEngine/4.18/DerivedDataCache/Boot.ddc.
[2018.02.28-05.10.15:069][  0]LogInit: Texture streaming: Enabled
[2018.02.28-05.10.15:159][  0]LogEngineSessionManager: EngineSessionManager initialized
[2018.02.28-05.10.15:159][  0]LogEngineSessionManager: EngineSessionManager sent abnormal shutdown report. Type=Crashed, SessionId={0513617F-4E43-1AA1-EF15-048E1E13C02A}
[2018.02.28-05.10.15:308][  0]LogInit: Transaction tracking system initialized
[2018.02.28-05.10.15:701][  0]BlueprintLog: New page: 에디터 로드
[2018.02.28-05.10.16:720][  0]LocalizationService: 현지화 서비스가 비활성화되었습니다.
[2018.02.28-05.10.17:560][  0]LogConsoleResponse: Display: 
[2018.02.28-05.10.17:797][  0]LogCook: Display: Max memory allowance for cook 16384mb min free memory 0mb
[2018.02.28-05.10.17:797][  0]LogCook: Display: Mobile HDR setting 1
[2018.02.28-05.10.17:797][  0]LogGameplayTags: Display: UGameplayTagsManager::DoneAddingNativeTags. DelegateIsBound: 0
[2018.02.28-05.10.18:780][  0]LogFileCache: Scanning file cache for directory 'D:/Ari/Unreal Projects/FinalProject/Content/' took 0.02s
[2018.02.28-05.10.19:428][  0]Cmd: MAP LOAD FILE="../../../../../Unreal Projects/FinalProject/Content/TwinStickBP/Maps/TwinStickExampleMap.umap" TEMPLATE=0 SHOWPROGRESS=1 FEATURELEVEL=3
[2018.02.28-05.10.19:429][  0]LightingResults: New page: 라이팅 빌드
[2018.02.28-05.10.19:479][  0]MapCheck: New page: 맵 체크
[2018.02.28-05.10.19:479][  0]LightingResults: New page: 라이팅 빌드
[2018.02.28-05.10.19:982][  0]LogWindows: Windows GetLastError: 작업을 완료했습니다. (0)
[2018.02.28-05.10.21:571][  0]LogWindows: Error: === Critical error: ===
[2018.02.28-05.10.21:571][  0]LogWindows: Error: 
[2018.02.28-05.10.21:571][  0]LogWindows: Error: Assertion failed: false [File:D:\Build\++UE4+Release-4.18+Compile\Sync\Engine\Source\Editor\KismetCompiler\Private\KismetCompilerVMBackend.cpp] [Line: 1216] 
[2018.02.28-05.10.21:571][  0]LogWindows: Error: 
[2018.02.28-05.10.21:571][  0]LogWindows: Error: 
[2018.02.28-05.10.21:571][  0]LogWindows: Error: 
[2018.02.28-05.10.21:571][  0]LogWindows: Error: [Callstack] 0x000000002E0D4008 KERNELBASE.dll!UnknownFunction []
[2018.02.28-05.10.21:571][  0]LogWindows: Error: [Callstack] 0x00000000013776D4 UE4Editor-ApplicationCore.dll!UnknownFunction []
[2018.02.28-05.10.21:571][  0]LogWindows: Error: [Callstack] 0x00000000E7C0330B UE4Editor-Core.dll!UnknownFunction []
[2018.02.28-05.10.21:571][  0]LogWindows: Error: [Callstack] 0x00000000E7B947F9 UE4Editor-Core.dll!UnknownFunction []
[2018.02.28-05.10.21:571][  0]LogWindows: Error: [Callstack] 0x00000000D9FE7C2C UE4Editor-KismetCompiler.dll!UnknownFunction []
[2018.02.28-05.10.21:571][  0]LogWindows: Error: [Callstack] 0x00000000D9FFC077 UE4Editor-KismetCompiler.dll!UnknownFunction []
[2018.02.28-05.10.21:571][  0]LogWindows: Error: [Callstack] 0x00000000D9FD3214 UE4Editor-KismetCompiler.dll!UnknownFunction []
[2018.02.28-05.10.21:571][  0]LogWindows: Error: [Callstack] 0x00000000D9FFC414 UE4Editor-KismetCompiler.dll!UnknownFunction []
[2018.02.28-05.10.21:571][  0]LogWindows: Error: [Callstack] 0x00000000D9FCE151 UE4Editor-KismetCompiler.dll!UnknownFunction []
[2018.02.28-05.10.21:571][  0]LogWindows: Error: [Callstack] 0x00000000DD370998 UE4Editor-Kismet.dll!UnknownFunction []
[2018.02.28-05.10.21:571][  0]LogWindows: Error: [Callstack] 0x00000000DD36DC6E UE4Editor-Kismet.dll!UnknownFunction []
[2018.02.28-05.10.21:571][  0]LogWindows: Error: [Callstack] 0x00000000E0345A37 UE4Editor-Engine.dll!UnknownFunction []
[2018.02.28-05.10.21:571][  0]LogWindows: Error: [Callstack] 0x00000000E7437C78 UE4Editor-CoreUObject.dll!UnknownFunction []
[2018.02.28-05.10.21:571][  0]LogWindows: Error: [Callstack] 0x00000000E75D3309 UE4Editor-CoreUObject.dll!UnknownFunction []
[2018.02.28-05.10.21:571][  0]LogWindows: Error: [Callstack] 0x00000000E75F9361 UE4Editor-CoreUObject.dll!UnknownFunction []
[2018.02.28-05.10.21:571][  0]LogWindows: Error: [Callstack] 0x00000000E75D22B1 UE4Editor-CoreUObject.dll!UnknownFunction []
[2018.02.28-05.10.21:571][  0]LogWindows: Error: [Callstack] 0x00000000E75D36CB UE4Editor-CoreUObject.dll!UnknownFunction []
[2018.02.28-05.10.21:571][  0]LogWindows: Error: [Callstack] 0x00000000E75FA804 UE4Editor-CoreUObject.dll!UnknownFunction []
[2018.02.28-05.10.21:571][  0]LogWindows: Error: [Callstack] 0x00000000E77251FE UE4Editor-CoreUObject.dll!UnknownFunction []
[2018.02.28-05.10.21:571][  0]LogWindows: Error: [Callstack] 0x00000000E7628E30 UE4Editor-CoreUObject.dll!UnknownFunction []
[2018.02.28-05.10.21:571][  0]LogWindows: Error: [Callstack] 0x00000000E762773F UE4Editor-CoreUObject.dll!UnknownFunction []
[2018.02.28-05.10.21:571][  0]LogWindows: Error: [Callstack] 0x00000000E7629075 UE4Editor-CoreUObject.dll!UnknownFunction []
[2018.02.28-05.10.21:571][  0]LogWindows: Error: [Callstack] 0x00000000E762773F UE4Editor-CoreUObject.dll!UnknownFunction []
[2018.02.28-05.10.21:571][  0]LogWindows: Error: [Callstack] 0x00000000E7627582 UE4Editor-CoreUObject.dll!UnknownFunction []
[2018.02.28-05.10.21:571][  0]LogWindows: Error: [Callstack] 0x00000000E75E0D01 UE4Editor-CoreUObject.dll!UnknownFunction []
[2018.02.28-05.10.21:571][  0]LogWindows: Error: [Callstack] 0x00000000E7626B63 UE4Editor-CoreUObject.dll!UnknownFunction []
[2018.02.28-05.10.21:571][  0]LogWindows: Error: [Callstack] 0x00000000E75D575E UE4Editor-CoreUObject.dll!UnknownFunction []
[2018.02.28-05.10.21:571][  0]LogWindows: Error: [Callstack] 0x00000000E75EEE81 UE4Editor-CoreUObject.dll!UnknownFunction []
[2018.02.28-05.10.21:571][  0]LogWindows: Error: [Callstack] 0x00000000E7724F9C UE4Editor-CoreUObject.dll!UnknownFunction []
[2018.02.28-05.10.21:571][  0]LogWindows: Error: [Callstack] 0x00000000E7628E30 UE4Editor-CoreUObject.dll!UnknownFunction []
[2018.02.28-05.10.21:571][  0]LogWindows: Error: [Callstack] 0x00000000E762773F UE4Editor-CoreUObject.dll!UnknownFunction []
[2018.02.28-05.10.21:571][  0]LogWindows: Error: [Callstack] 0x00000000E7629075 UE4Editor-CoreUObject.dll!UnknownFunction []
[2018.02.28-05.10.21:571][  0]LogWindows: Error: [Callstack] 0x00000000E762773F UE4Editor-CoreUObject.dll!UnknownFunction []
[2018.02.28-05.10.21:571][  0]LogWindows: Error: [Callstack] 0x00000000E7627582 UE4Editor-CoreUObject.dll!UnknownFunction []
[2018.02.28-05.10.21:571][  0]LogWindows: Error: [Callstack] 0x00000000E75E0D01 UE4Editor-CoreUObject.dll!UnknownFunction []
[2018.02.28-05.10.21:571][  0]LogWindows: Error: [Callstack] 0x00000000E7626B63 UE4Editor-CoreUObject.dll!UnknownFunction []
[2018.02.28-05.10.21:571][  0]LogWindows: Error: [Callstack] 0x00000000E75D575E UE4Editor-CoreUObject.dll!UnknownFunction []
[2018.02.28-05.10.21:572][  0]LogWindows: Error: [Callstack] 0x00000000E75EEE81 UE4Editor-CoreUObject.dll!UnknownFunction []
[2018.02.28-05.10.21:572][  0]LogWindows: Error: [Callstack] 0x00000000E7724F9C UE4Editor-CoreUObject.dll!UnknownFunction []
[2018.02.28-05.10.21:572][  0]LogWindows: Error: [Callstack] 0x00000000E7628E30 UE4Editor-CoreUObject.dll!UnknownFunction []
[2018.02.28-05.10.21:572][  0]LogWindows: Error: [Callstack] 0x00000000E762773F UE4Editor-CoreUObject.dll!UnknownFunction []
[2018.02.28-05.10.21:572][  0]LogWindows: Error: [Callstack] 0x00000000E7629075 UE4Editor-CoreUObject.dll!UnknownFunction []
[2018.02.28-05.10.21:572][  0]LogWindows: Error: [Callstack] 0x00000000E762773F UE4Editor-CoreUObject.dll!UnknownFunction []
[2018.02.28-05.10.21:572][  0]LogWindows: Error: [Callstack] 0x00000000E7627582 UE4Editor-CoreUObject.dll!UnknownFunction []
[2018.02.28-05.10.21:572][  0]LogWindows: Error: [Callstack] 0x00000000E75E0D01 UE4Editor-CoreUObject.dll!UnknownFunction []
[2018.02.28-05.10.21:572][  0]LogWindows: Error: [Callstack] 0x00000000E7626B63 UE4Editor-CoreUObject.dll!UnknownFunction []
[2018.02.28-05.10.21:572][  0]LogWindows: Error: [Callstack] 0x00000000E75D575E UE4Editor-CoreUObject.dll!UnknownFunction []
[2018.02.28-05.10.21:572][  0]LogWindows: Error: [Callstack] 0x00000000E75EEE81 UE4Editor-CoreUObject.dll!UnknownFunction []
[2018.02.28-05.10.21:572][  0]LogWindows: Error: [Callstack] 0x00000000E7724F9C UE4Editor-CoreUObject.dll!UnknownFunction []
[2018.02.28-05.10.21:572][  0]LogWindows: Error: [Callstack] 0x00000000E7628E30 UE4Editor-CoreUObject.dll!UnknownFunction []
[2018.02.28-05.10.21:572][  0]LogWindows: Error: [Callstack] 0x00000000E762773F UE4Editor-CoreUObject.dll!UnknownFunction []
[2018.02.28-05.10.21:572][  0]LogWindows: Error: [Callstack] 0x00000000E7629075 UE4Editor-CoreUObject.dll!UnknownFunction []
[2018.02.28-05.10.21:572][  0]LogWindows: Error: [Callstack] 0x00000000E762773F UE4Editor-CoreUObject.dll!UnknownFunction []
[2018.02.28-05.10.21:572][  0]LogWindows: Error: [Callstack] 0x00000000E7627582 UE4Editor-CoreUObject.dll!UnknownFunction []
[2018.02.28-05.10.21:572][  0]LogWindows: Error: [Callstack] 0x00000000E75E0D01 UE4Editor-CoreUObject.dll!UnknownFunction []
[2018.02.28-05.10.21:572][  0]LogWindows: Error: [Callstack] 0x00000000E7626B63 UE4Editor-CoreUObject.dll!UnknownFunction []
[2018.02.28-05.10.21:572][  0]LogWindows: Error: [Callstack] 0x00000000E75D575E UE4Editor-CoreUObject.dll!UnknownFunction []
[2018.02.28-05.10.21:572][  0]LogWindows: Error: [Callstack] 0x00000000E75EEE81 UE4Editor-CoreUObject.dll!UnknownFunction []
[2018.02.28-05.10.21:572][  0]LogWindows: Error: [Callstack] 0x00000000E7724F9C UE4Editor-CoreUObject.dll!UnknownFunction []
[2018.02.28-05.10.21:572][  0]LogWindows: Error: [Callstack] 0x00000000E7724774 UE4Editor-CoreUObject.dll!UnknownFunction []
[2018.02.28-05.10.21:572][  0]LogWindows: Error: [Callstack] 0x00000000DEB51451 UE4Editor-UnrealEd.dll!UnknownFunction []
[2018.02.28-05.10.21:572][  0]LogWindows: Error: [Callstack] 0x00000000DEB42F45 UE4Editor-UnrealEd.dll!UnknownFunction []
[2018.02.28-05.10.21:572][  0]LogWindows: Error: [Callstack] 0x00000000DEB27982 UE4Editor-UnrealEd.dll!UnknownFunction []
[2018.02.28-05.10.21:572][  0]LogWindows: Error: [Callstack] 0x00000000DF3BBAC9 UE4Editor-UnrealEd.dll!UnknownFunction []
[2018.02.28-05.10.21:572][  0]LogWindows: Error: [Callstack] 0x00000000DEE3268B UE4Editor-UnrealEd.dll!UnknownFunction []
[2018.02.28-05.10.21:572][  0]LogWindows: Error: [Callstack] 0x00000000DEE322DF UE4Editor-UnrealEd.dll!UnknownFunction []
[2018.02.28-05.10.21:572][  0]LogWindows: Error: [Callstack] 0x00000000DF37486E UE4Editor-UnrealEd.dll!UnknownFunction []
[2018.02.28-05.10.21:572][  0]LogWindows: Error: [Callstack] 0x00000000DF33882D UE4Editor-UnrealEd.dll!UnknownFunction []
[2018.02.28-05.10.21:572][  0]LogWindows: Error: [Callstack] 0x00000000D87A5326 UE4Editor.exe!UnknownFunction []
[2018.02.28-05.10.21:572][  0]LogWindows: Error: [Callstack] 0x00000000D87A54AA UE4Editor.exe!UnknownFunction []
[2018.02.28-05.10.21:572][  0]LogWindows: Error: [Callstack] 0x00000000D87B2379 UE4Editor.exe!UnknownFunction []
[2018.02.28-05.10.21:572][  0]LogWindows: Error: [Callstack] 0x00000000D87B3D57 UE4Editor.exe!UnknownFunction []
[2018.02.28-05.10.21:572][  0]LogWindows: Error: [Callstack] 0x00000000305D1FE4 KERNEL32.DLL!UnknownFunction []
[2018.02.28-05.10.21:572][  0]LogWindows: Error: [Callstack] 0x0000000030EEEFC1 ntdll.dll!UnknownFunction []
[2018.02.28-05.10.21:572][  0]LogWindows: Error: [Callstack] 0x0000000030EEEFC1 ntdll.dll!UnknownFunction []
[2018.02.28-05.10.21:572][  0]LogWindows: Error: 
[2018.02.28-05.10.21:585][  0]LogExit: Executing StaticShutdownAfterError
[2018.02.28-05.10.21:587][  0]LogWindows: FPlatformMisc::RequestExit(1)
[2018.02.28-05.10.21:587][  0]Log file closed, 02/28/18 14:10:21
