Log file open, 04/02/18 13:08:22
LogWindows: Failed to load 'aqProf.dll' (GetLastError=126)
LogWindows: File 'aqProf.dll' does not exist
LogWindows: Failed to load 'VtuneApi.dll' (GetLastError=126)
LogWindows: File 'VtuneApi.dll' does not exist
LogWindows: Failed to load 'VtuneApi32e.dll' (GetLastError=126)
LogWindows: File 'VtuneApi32e.dll' does not exist
LogInit: Display: Running engine for game: FinalProject
LogPlatformFile: Not using cached read wrapper
LogInit: Display: RandInit(-1750709039) SRandInit(-1750709039).
LogInit: Read version file with build ID '3709383'
LogInit: Overriding engine version to CL 3832480, compatible CL 3709383
LogInit: Registered custom module enumerator with build ID '3709383'
LogTaskGraph: Started task graph with 5 named threads and 14 total threads with 3 sets of task threads.
LogStats: Stats thread started at 37.629867
LogD3D11RHI: Aftermath initialized
LogConfig: Warning: Failed to saved backup for config[Engine]
LogConfig: Warning: Failed to saved backup for config[EditorPerProjectUserSettings]
LogConfig: Warning: Failed to saved backup for config[EditorSettings]
LogConfig: Warning: Failed to saved backup for config[Hardware]
LogModuleManager: Display: Found up-to-date module file ../../../Engine/Plugins/Marketplace/Substance/Binaries/Win64/UE4Editor-SubstanceCore.dll (API version 3709383).
LogModuleManager: Display: Found up-to-date module file ../../../Engine/Plugins/Marketplace/Substance/Binaries/Win64/UE4Editor-SubstanceEditor.dll (API version 3709383).
LogModuleManager: Display: Found up-to-date module file ../../../Engine/Plugins/Marketplace/Substance/Binaries/Win64/UE4Editor-SubstanceSource.dll (API version 3709383).
LogModuleManager: Display: Found up-to-date module file ../../../Engine/Plugins/Marketplace/Substance/Binaries/Win64/UE4Editor-SubstanceLiveLink.dll (API version 3709383).
LogModuleManager: Display: Found up-to-date module file ../../../Engine/Plugins/2D/Paper2D/Binaries/Win64/UE4Editor-Paper2D.dll (API version 3709383).
LogModuleManager: Display: Found up-to-date module file ../../../Engine/Plugins/2D/Paper2D/Binaries/Win64/UE4Editor-Paper2DEditor.dll (API version 3709383).
LogModuleManager: Display: Found up-to-date module file ../../../Engine/Plugins/2D/Paper2D/Binaries/Win64/UE4Editor-PaperSpriteSheetImporter.dll (API version 3709383).
LogModuleManager: Display: Found up-to-date module file ../../../Engine/Plugins/2D/Paper2D/Binaries/Win64/UE4Editor-PaperTiledImporter.dll (API version 3709383).
LogModuleManager: Display: Found up-to-date module file ../../../Engine/Plugins/2D/Paper2D/Binaries/Win64/UE4Editor-SmartSnapping.dll (API version 3709383).
LogModuleManager: Display: Found up-to-date module file ../../../Engine/Plugins/Blendables/LightPropagationVolume/Binaries/Win64/UE4Editor-LightPropagationVolumeRuntime.dll (API version 3709383).
LogModuleManager: Display: Found up-to-date module file ../../../Engine/Plugins/Blendables/LightPropagationVolume/Binaries/Win64/UE4Editor-LightPropagationVolumeEditor.dll (API version 3709383).
LogModuleManager: Display: Found up-to-date module file ../../../Engine/Plugins/Developer/GitSourceControl/Binaries/Win64/UE4Editor-GitSourceControl.dll (API version 3709383).
LogModuleManager: Display: Found up-to-date module file ../../../Engine/Plugins/Developer/PerforceSourceControl/Binaries/Win64/UE4Editor-PerforceSourceControl.dll (API version 3709383).
LogModuleManager: Display: Found up-to-date module file ../../../Engine/Plugins/Developer/SubversionSourceControl/Binaries/Win64/UE4Editor-SubversionSourceControl.dll (API version 3709383).
LogModuleManager: Display: Found up-to-date module file ../../../Engine/Plugins/Developer/UObjectPlugin/Binaries/Win64/UE4Editor-UObjectPlugin.dll (API version 3709383).
LogModuleManager: Display: Found up-to-date module file ../../../Engine/Plugins/Developer/VisualStudioCodeSourceCodeAccess/Binaries/Win64/UE4Editor-VisualStudioCodeSourceCodeAccess.dll (API version 3709383).
LogModuleManager: Display: Found up-to-date module file ../../../Engine/Plugins/Developer/VisualStudioSourceCodeAccess/Binaries/Win64/UE4Editor-VisualStudioSourceCodeAccess.dll (API version 3709383).
LogModuleManager: Display: Found up-to-date module file ../../../Engine/Plugins/Editor/AssetManagerEditor/Binaries/Win64/UE4Editor-AssetManagerEditor.dll (API version 3709383).
LogModuleManager: Display: Found up-to-date module file ../../../Engine/Plugins/Editor/AudioCapture/Binaries/Win64/UE4Editor-AudioCapture.dll (API version 3709383).
LogModuleManager: Display: Found up-to-date module file ../../../Engine/Plugins/Editor/FacialAnimation/Binaries/Win64/UE4Editor-FacialAnimation.dll (API version 3709383).
LogModuleManager: Display: Found up-to-date module file ../../../Engine/Plugins/Editor/FacialAnimation/Binaries/Win64/UE4Editor-FacialAnimationEditor.dll (API version 3709383).
LogModuleManager: Display: Found up-to-date module file ../../../Engine/Plugins/Editor/GameplayTagsEditor/Binaries/Win64/UE4Editor-GameplayTagsEditor.dll (API version 3709383).
LogModuleManager: Display: Found up-to-date module file ../../../Engine/Plugins/Editor/MobileLauncherProfileWizard/Binaries/Win64/UE4Editor-MobileLauncherProfileWizard.dll (API version 3709383).
LogModuleManager: Display: Found up-to-date module file ../../../Engine/Plugins/Editor/PluginBrowser/Binaries/Win64/UE4Editor-PluginBrowser.dll (API version 3709383).
LogModuleManager: Display: Found up-to-date module file ../../../Engine/Plugins/Editor/SpeedTreeImporter/Binaries/Win64/UE4Editor-SpeedTreeImporter.dll (API version 3709383).
LogModuleManager: Display: Found up-to-date module file ../../../Engine/Plugins/Experimental/AlembicImporter/Binaries/Win64/UE4Editor-AlembicImporter.dll (API version 3709383).
LogModuleManager: Display: Found up-to-date module file ../../../Engine/Plugins/Experimental/AlembicImporter/Binaries/Win64/UE4Editor-AlembicLibrary.dll (API version 3709383).
LogModuleManager: Display: Found up-to-date module file ../../../Engine/Plugins/Experimental/CharacterAI/Binaries/Win64/UE4Editor-CharacterAI.dll (API version 3709383).
LogModuleManager: Display: Found up-to-date module file ../../../Engine/Plugins/Experimental/HTML5Networking/Binaries/Win64/UE4Editor-HTML5Networking.dll (API version 3709383).
LogModuleManager: Display: Found up-to-date module file ../../../Engine/Plugins/Media/AndroidMedia/Binaries/Win64/UE4Editor-AndroidMediaEditor.dll (API version 3709383).
LogModuleManager: Display: Found up-to-date module file ../../../Engine/Plugins/Media/AndroidMedia/Binaries/Win64/UE4Editor-AndroidMediaFactory.dll (API version 3709383).
LogModuleManager: Display: Found up-to-date module file ../../../Engine/Plugins/Media/AvfMedia/Binaries/Win64/UE4Editor-AvfMediaEditor.dll (API version 3709383).
LogModuleManager: Display: Found up-to-date module file ../../../Engine/Plugins/Media/AvfMedia/Binaries/Win64/UE4Editor-AvfMediaFactory.dll (API version 3709383).
LogModuleManager: Display: Found up-to-date module file ../../../Engine/Plugins/Media/AvfMedia/Binaries/Win64/UE4Editor-AvfMediaFactory.dll (API version 3709383).
LogModuleManager: Display: Found up-to-date module file ../../../Engine/Plugins/Media/ImgMedia/Binaries/Win64/UE4Editor-ImgMedia.dll (API version 3709383).
LogModuleManager: Display: Found up-to-date module file ../../../Engine/Plugins/Media/ImgMedia/Binaries/Win64/UE4Editor-ImgMediaEditor.dll (API version 3709383).
LogModuleManager: Display: Found up-to-date module file ../../../Engine/Plugins/Media/ImgMedia/Binaries/Win64/UE4Editor-ImgMediaFactory.dll (API version 3709383).
LogModuleManager: Display: Found up-to-date module file ../../../Engine/Plugins/Media/ImgMedia/Binaries/Win64/UE4Editor-ImgMediaFactory.dll (API version 3709383).
LogModuleManager: Display: Found up-to-date module file ../../../Engine/Plugins/Media/ImgMedia/Binaries/Win64/UE4Editor-OpenExrWrapper.dll (API version 3709383).
LogModuleManager: Display: Found up-to-date module file ../../../Engine/Plugins/Media/MediaCompositing/Binaries/Win64/UE4Editor-MediaCompositing.dll (API version 3709383).
LogModuleManager: Display: Found up-to-date module file ../../../Engine/Plugins/Media/MediaCompositing/Binaries/Win64/UE4Editor-MediaCompositingEditor.dll (API version 3709383).
LogModuleManager: Display: Found up-to-date module file ../../../Engine/Plugins/Media/MediaPlayerEditor/Binaries/Win64/UE4Editor-MediaPlayerEditor.dll (API version 3709383).
LogModuleManager: Display: Found up-to-date module file ../../../Engine/Plugins/Media/WmfMedia/Binaries/Win64/UE4Editor-WmfMedia.dll (API version 3709383).
LogModuleManager: Display: Found up-to-date module file ../../../Engine/Plugins/Media/WmfMedia/Binaries/Win64/UE4Editor-WmfMediaEditor.dll (API version 3709383).
LogModuleManager: Display: Found up-to-date module file ../../../Engine/Plugins/Media/WmfMedia/Binaries/Win64/UE4Editor-WmfMediaFactory.dll (API version 3709383).
LogModuleManager: Display: Found up-to-date module file ../../../Engine/Plugins/Media/WmfMedia/Binaries/Win64/UE4Editor-WmfMediaFactory.dll (API version 3709383).
LogModuleManager: Display: Found up-to-date module file ../../../Engine/Plugins/Messaging/TcpMessaging/Binaries/Win64/UE4Editor-TcpMessaging.dll (API version 3709383).
LogModuleManager: Display: Found up-to-date module file ../../../Engine/Plugins/Messaging/UdpMessaging/Binaries/Win64/UE4Editor-UdpMessaging.dll (API version 3709383).
LogModuleManager: Display: Found up-to-date module file ../../../Engine/Plugins/MovieScene/ActorSequence/Binaries/Win64/UE4Editor-ActorSequence.dll (API version 3709383).
LogModuleManager: Display: Found up-to-date module file ../../../Engine/Plugins/MovieScene/LevelSequenceEditor/Binaries/Win64/UE4Editor-LevelSequenceEditor.dll (API version 3709383).
LogModuleManager: Display: Found up-to-date module file ../../../Engine/Plugins/MovieScene/MatineeToLevelSequence/Binaries/Win64/UE4Editor-MatineeToLevelSequence.dll (API version 3709383).
LogModuleManager: Display: Found up-to-date module file ../../../Engine/Plugins/Online/OnlineSubsystem/Binaries/Win64/UE4Editor-OnlineSubsystem.dll (API version 3709383).
LogModuleManager: Display: Found up-to-date module file ../../../Engine/Plugins/Runtime/AndroidPermission/Binaries/Win64/UE4Editor-AndroidPermission.dll (API version 3709383).
LogModuleManager: Display: Found up-to-date module file ../../../Engine/Plugins/Online/OnlineSubsystemNull/Binaries/Win64/UE4Editor-OnlineSubsystemNull.dll (API version 3709383).
LogModuleManager: Display: Found up-to-date module file ../../../Engine/Plugins/Online/OnlineSubsystemUtils/Binaries/Win64/UE4Editor-OnlineSubsystemUtils.dll (API version 3709383).
LogModuleManager: Display: Found up-to-date module file ../../../Engine/Plugins/Online/OnlineSubsystemUtils/Binaries/Win64/UE4Editor-OnlineBlueprintSupport.dll (API version 3709383).
LogModuleManager: Display: Found up-to-date module file ../../../Engine/Plugins/Runtime/AndroidDeviceProfileSelector/Binaries/Win64/UE4Editor-AndroidDeviceProfileSelector.dll (API version 3709383).
LogModuleManager: Display: Found up-to-date module file ../../../Engine/Plugins/Runtime/AppleARKit/Binaries/Win64/UE4Editor-AppleARKit.dll (API version 3709383).
LogModuleManager: Display: Found up-to-date module file ../../../Engine/Plugins/Runtime/ArchVisCharacter/Binaries/Win64/UE4Editor-ArchVisCharacter.dll (API version 3709383).
LogModuleManager: Display: Found up-to-date module file ../../../Engine/Plugins/Runtime/CableComponent/Binaries/Win64/UE4Editor-CableComponent.dll (API version 3709383).
LogModuleManager: Display: Found up-to-date module file ../../../Engine/Plugins/Runtime/CustomMeshComponent/Binaries/Win64/UE4Editor-CustomMeshComponent.dll (API version 3709383).
LogModuleManager: Display: Found up-to-date module file ../../../Engine/Plugins/Runtime/ExampleDeviceProfileSelector/Binaries/Win64/UE4Editor-ExampleDeviceProfileSelector.dll (API version 3709383).
LogModuleManager: Display: Found up-to-date module file ../../../Engine/Plugins/Runtime/ImmediatePhysics/Binaries/Win64/UE4Editor-ImmediatePhysics.dll (API version 3709383).
LogModuleManager: Display: Found up-to-date module file ../../../Engine/Plugins/Runtime/ImmediatePhysics/Binaries/Win64/UE4Editor-ImmediatePhysicsEditor.dll (API version 3709383).
LogModuleManager: Display: Found up-to-date module file ../../../Engine/Plugins/Runtime/LocationServicesBPLibrary/Binaries/Win64/UE4Editor-LocationServicesBPLibrary.dll (API version 3709383).
LogModuleManager: Display: Found up-to-date module file ../../../Engine/Plugins/Runtime/MobilePatchingUtils/Binaries/Win64/UE4Editor-MobilePatchingUtils.dll (API version 3709383).
LogModuleManager: Display: Found up-to-date module file ../../../Engine/Plugins/Runtime/Oculus/OculusVR/Binaries/Win64/UE4Editor-OculusHMD.dll (API version 3709383).
LogModuleManager: Display: Found up-to-date module file ../../../Engine/Plugins/Runtime/Oculus/OculusVR/Binaries/Win64/UE4Editor-OculusInput.dll (API version 3709383).
LogModuleManager: Display: Found up-to-date module file ../../../Engine/Plugins/Runtime/Oculus/OculusVR/Binaries/Win64/UE4Editor-OculusEditor.dll (API version 3709383).
LogModuleManager: Display: Found up-to-date module file ../../../Engine/Plugins/Runtime/PhysXVehicles/Binaries/Win64/UE4Editor-PhysXVehicles.dll (API version 3709383).
LogModuleManager: Display: Found up-to-date module file ../../../Engine/Plugins/Runtime/PhysXVehicles/Binaries/Win64/UE4Editor-PhysXVehiclesEditor.dll (API version 3709383).
LogModuleManager: Display: Found up-to-date module file ../../../Engine/Plugins/Runtime/ProceduralMeshComponent/Binaries/Win64/UE4Editor-ProceduralMeshComponent.dll (API version 3709383).
LogModuleManager: Display: Found up-to-date module file ../../../Engine/Plugins/Runtime/ProceduralMeshComponent/Binaries/Win64/UE4Editor-ProceduralMeshComponentEditor.dll (API version 3709383).
LogModuleManager: Display: Found up-to-date module file ../../../Engine/Plugins/Runtime/RuntimePhysXCooking/Binaries/Win64/UE4Editor-RuntimePhysXCooking.dll (API version 3709383).
LogModuleManager: Display: Found up-to-date module file ../../../Engine/Plugins/Runtime/Steam/SteamVR/Binaries/Win64/UE4Editor-SteamVR.dll (API version 3709383).
LogModuleManager: Display: Found up-to-date module file ../../../Engine/Plugins/Runtime/Steam/SteamVR/Binaries/Win64/UE4Editor-SteamVRController.dll (API version 3709383).
LogModuleManager: Display: Found up-to-date module file ../../../Engine/Plugins/Runtime/WindowsMoviePlayer/Binaries/Win64/UE4Editor-WindowsMoviePlayer.dll (API version 3709383).
LogPluginManager: Mounting plugin Paper2D
LogConfig: Warning: Failed to saved backup for config[Paper2D]
LogPluginManager: Mounting plugin LightPropagationVolume
LogPluginManager: Mounting plugin CodeLiteSourceCodeAccess
LogPluginManager: Mounting plugin GitSourceControl
LogPluginManager: Mounting plugin KDevelopSourceCodeAccess
LogConfig: Warning: Failed to saved backup for config[KDevelopSourceCodeAccess]
LogPluginManager: Mounting plugin NullSourceCodeAccess
LogConfig: Warning: Failed to saved backup for config[NullSourceCodeAccess]
LogPluginManager: Mounting plugin PerforceSourceControl
LogConfig: Warning: Failed to saved backup for config[PerforceSourceControl]
LogPluginManager: Mounting plugin SubversionSourceControl
LogPluginManager: Mounting plugin UObjectPlugin
LogPluginManager: Mounting plugin VisualStudioCodeSourceCodeAccess
LogConfig: Warning: Failed to saved backup for config[VisualStudioCodeSourceCodeAccess]
LogPluginManager: Mounting plugin VisualStudioSourceCodeAccess
LogPluginManager: Mounting plugin XCodeSourceCodeAccess
LogConfig: Warning: Failed to saved backup for config[XCodeSourceCodeAccess]
LogPluginManager: Mounting plugin AssetManagerEditor
LogPluginManager: Mounting plugin AudioCapture
LogPluginManager: Mounting plugin FacialAnimation
LogPluginManager: Mounting plugin GameplayTagsEditor
LogPluginManager: Mounting plugin MobileLauncherProfileWizard
LogPluginManager: Mounting plugin PluginBrowser
LogPluginManager: Mounting plugin SpeedTreeImporter
LogConfig: Warning: Failed to saved backup for config[SpeedTreeImporter]
LogPluginManager: Mounting plugin AlembicImporter
LogConfig: Warning: Failed to saved backup for config[AlembicImporter]
LogPluginManager: Mounting plugin CharacterAI
LogConfig: Warning: Failed to saved backup for config[CharacterAI]
LogPluginManager: Mounting plugin HTML5Networking
LogConfig: Warning: Failed to saved backup for config[HTML5Networking]
LogPluginManager: Mounting plugin Substance
LogConfig: Warning: Failed to saved backup for config[Substance]
LogPluginManager: Mounting plugin AndroidMedia
LogConfig: Warning: Failed to saved backup for config[AndroidMedia]
LogPluginManager: Mounting plugin AvfMedia
LogConfig: Warning: Failed to saved backup for config[AvfMedia]
LogPluginManager: Mounting plugin ImgMedia
LogConfig: Warning: Failed to saved backup for config[ImgMedia]
LogPluginManager: Mounting plugin MediaCompositing
LogConfig: Warning: Failed to saved backup for config[MediaCompositing]
LogPluginManager: Mounting plugin MediaPlayerEditor
LogPluginManager: Mounting plugin WmfMedia
LogPluginManager: Mounting plugin TcpMessaging
LogPluginManager: Mounting plugin UdpMessaging
LogPluginManager: Mounting plugin ActorSequence
LogPluginManager: Mounting plugin LevelSequenceEditor
LogPluginManager: Mounting plugin MatineeToLevelSequence
LogPluginManager: Mounting plugin OnlineSubsystemGooglePlay
LogPluginManager: Mounting plugin OnlineSubsystemIOS
LogConfig: Warning: Failed to saved backup for config[OnlineSubsystemIOS]
LogPluginManager: Mounting plugin OnlineSubsystem
LogPluginManager: Mounting plugin OnlineSubsystemNull
LogConfig: Warning: Failed to saved backup for config[OnlineSubsystemNull]
LogPluginManager: Mounting plugin OnlineSubsystemUtils
LogConfig: Warning: Failed to saved backup for config[OnlineSubsystemUtils]
LogPluginManager: Mounting plugin AndroidDeviceProfileSelector
LogConfig: Warning: Failed to saved backup for config[AndroidDeviceProfileSelector]
LogPluginManager: Mounting plugin AndroidMoviePlayer
LogConfig: Warning: Failed to saved backup for config[AndroidMoviePlayer]
LogPluginManager: Mounting plugin AndroidPermission
LogConfig: Warning: Failed to saved backup for config[AndroidPermission]
LogPluginManager: Mounting plugin AppleARKit
LogConfig: Warning: Failed to saved backup for config[AppleARKit]
LogPluginManager: Mounting plugin AppleMoviePlayer
LogPluginManager: Mounting plugin ArchVisCharacter
LogConfig: Warning: Failed to saved backup for config[ArchVisCharacter]
LogPluginManager: Mounting plugin CableComponent
LogConfig: Warning: Failed to saved backup for config[CableComponent]
LogPluginManager: Mounting plugin CustomMeshComponent
LogConfig: Warning: Failed to saved backup for config[CustomMeshComponent]
LogPluginManager: Mounting plugin ExampleDeviceProfileSelector
LogPluginManager: Mounting plugin GoogleCloudMessaging
LogConfig: Warning: Failed to saved backup for config[GoogleCloudMessaging]
LogPluginManager: Mounting plugin ImmediatePhysics
LogPluginManager: Mounting plugin IOSDeviceProfileSelector
LogPluginManager: Mounting plugin LinuxDeviceProfileSelector
LogPluginManager: Mounting plugin LocationServicesBPLibrary
LogPluginManager: Mounting plugin MobilePatchingUtils
LogPluginManager: Mounting plugin OculusVR
LogPluginManager: Plugin shader directory ../../../Engine/Plugins/Runtime/Oculus/OculusVR/Shaders found
LogPluginManager: Mapping shader source directory ../../../Engine/Plugins/Runtime/Oculus/OculusVR/Shaders to virtual directory /Plugin/OculusVR
LogPluginManager: Mounting plugin PhysXVehicles
LogPluginManager: Mounting plugin ProceduralMeshComponent
LogPluginManager: Mounting plugin RuntimePhysXCooking
LogPluginManager: Mounting plugin SteamVR
LogPluginManager: Mounting plugin WindowsMoviePlayer
LogInit: Using libcurl 7.47.1
LogInit:  - built for x86_64-pc-win32
LogInit:  - supports SSL with OpenSSL/1.0.2g
LogInit:  - supports HTTP deflate (compression) using libz 1.2.8
LogInit:  - other features:
LogInit:      CURL_VERSION_SSL
LogInit:      CURL_VERSION_LIBZ
LogInit:      CURL_VERSION_IPV6
LogInit:      CURL_VERSION_ASYNCHDNS
LogInit:      CURL_VERSION_LARGEFILE
LogInit:      CURL_VERSION_IDN
LogInit:  CurlRequestOptions (configurable via config and command line):
LogInit:  - bVerifyPeer = false  - Libcurl will NOT verify peer certificate
LogInit:  - bUseHttpProxy = false  - Libcurl will NOT use HTTP proxy
LogInit:  - bDontReuseConnections = false  - Libcurl will reuse connections
LogInit:  - CertBundlePath = nullptr  - Libcurl will use whatever was configured at build time.
LogInit: Build: ++UE4+Release-4.18-CL-3832480
LogInit: Engine Version: 4.18.3-3832480+++UE4+Release-4.18
LogInit: Compatible Engine Version: 4.18.0-3709383+++UE4+Release-4.18
LogInit: Net CL: 3709383
LogDevObjectVersion: Number of dev versions registered: 16
LogDevObjectVersion:   Dev-Blueprints (B0D832E4-1F89-4F0D-ACCF-7EB736FD4AA2): 10
LogDevObjectVersion:   Dev-Build (E1C64328-A22C-4D53-A36C-8E866417BD8C): 0
LogDevObjectVersion:   Dev-Core (375EC13C-06E4-48FB-B500-84F0262A717E): 2
LogDevObjectVersion:   Dev-Editor (E4B068ED-F494-42E9-A231-DA0B2E46BB41): 20
LogDevObjectVersion:   Dev-Framework (CFFC743F-43B0-4480-9391-14DF171D2073): 30
LogDevObjectVersion:   Dev-Mobile (B02B49B5-BB20-44E9-A304-32B752E40360): 0
LogDevObjectVersion:   Dev-Networking (A4E4105C-59A1-49B5-A7C5-40C4547EDFEE): 0
LogDevObjectVersion:   Dev-Online (39C831C9-5AE6-47DC-9A44-9C173E1C8E7C): 0
LogDevObjectVersion:   Dev-Physics (78F01B33-EBEA-4F98-B9B4-84EACCB95AA2): 0
LogDevObjectVersion:   Dev-Platform (6631380F-2D4D-43E0-8009-CF276956A95A): 0
LogDevObjectVersion:   Dev-Rendering (12F88B9F-8875-4AFC-A67C-D90C383ABD29): 20
LogDevObjectVersion:   Dev-Sequencer (7B5AE74C-D270-4C10-A958-57980B212A5A): 4
LogDevObjectVersion:   Dev-VR (D7296918-1DD6-4BDD-9DE2-64A83CC13884): 0
LogDevObjectVersion:   Dev-LoadTimes (C2A15278-BFE7-4AFE-6C17-90FF531DF755): 1
LogDevObjectVersion:   Private-Geometry (6EACA3D4-40EC-4CC1-B786-8BED09428FC5): 1
LogDevObjectVersion:   Dev-AnimPhys (29E575DD-E0A3-4627-9D10-D276232CDCEA): 12
LogInit: Compiled (64-bit): Jan 12 2018 02:04:55
LogInit: Compiled with Visual C++: 19.00.24215.01
LogInit: Build Configuration: Development
LogInit: Branch Name: ++UE4+Release-4.18
LogInit: Command line:  
LogInit: Base directory: D:/Ari/Program Files/UE_4.18/Engine/Binaries/Win64/
LogInit: Installed Engine Build: 1
LogInit: Presizing for max 8388607 objects, including 0 objects not considered by GC, pre-allocating 0 bytes for permanent pool.
LogInit: Object subsystem initialized
[2018.04.02-04.08.48:811][  0]LogInit: Selected Device Profile: [Windows]
[2018.04.02-04.08.48:811][  0]LogInit: Applying CVar settings loaded from the selected device profile: [Windows]
[2018.04.02-04.08.48:935][  0]LogInit: Computer: JAEBUM-PC
[2018.04.02-04.08.48:935][  0]LogInit: User: ar981
[2018.04.02-04.08.48:935][  0]LogInit: CPU Page size=4096, Cores=4
[2018.04.02-04.08.48:935][  0]LogInit: High frequency timer resolution =2.435775 MHz
[2018.04.02-04.08.48:935][  0]LogMemory: Memory total: Physical=7.9GB (8GB approx)
[2018.04.02-04.08.48:935][  0]LogMemory: Platform Memory Stats for Windows
[2018.04.02-04.08.48:935][  0]LogMemory: Process Physical Memory: 274.69 MB used, 274.69 MB peak
[2018.04.02-04.08.48:935][  0]LogMemory: Process Virtual Memory: 265.94 MB used, 265.94 MB peak
[2018.04.02-04.08.48:935][  0]LogMemory: Physical Memory: 3253.66 MB used,  4817.28 MB free, 8070.93 MB total
[2018.04.02-04.08.48:935][  0]LogMemory: Virtual Memory: 664.03 MB used,  4817.28 MB free, 134217728.00 MB total
[2018.04.02-04.08.50:809][  0]LogInit: Using OS detected language (ko-KR).
[2018.04.02-04.08.50:809][  0]LogInit: Using OS detected locale (ko-KR).
[2018.04.02-04.08.51:492][  0]LogTextLocalizationManager: No specific localization for 'ko-KR' exists, so the 'ko' localization will be used.
[2018.04.02-04.08.53:609][  0]LogInit: Setting process to per monitor DPI aware
[2018.04.02-04.09.03:001][  0]LogD3D11RHI: D3D11 adapters:
[2018.04.02-04.09.11:136][  0]LogD3D11RHI:    0. 'NVIDIA GeForce GTX 850M' (Feature Level 11_0)
[2018.04.02-04.09.11:136][  0]LogD3D11RHI:       2019/0/4035 MB DedicatedVideo/DedicatedSystem/SharedSystem, Outputs:1, VendorId:0x10de
[2018.04.02-04.09.11:326][  0]LogD3D11RHI:    1. 'Intel(R) HD Graphics 4600' (Feature Level 11_0)
[2018.04.02-04.09.11:326][  0]LogD3D11RHI:       112/0/2048 MB DedicatedVideo/DedicatedSystem/SharedSystem, Outputs:0, VendorId:0x8086
[2018.04.02-04.09.11:330][  0]LogD3D11RHI:    2. 'Microsoft Basic Render Driver' (Feature Level 11_0)
[2018.04.02-04.09.11:330][  0]LogD3D11RHI:       0/0/4035 MB DedicatedVideo/DedicatedSystem/SharedSystem, Outputs:0, VendorId:0x1414
[2018.04.02-04.09.11:330][  0]LogD3D11RHI: Chosen D3D11 Adapter: 0
[2018.04.02-04.09.11:339][  0]LogD3D11RHI: Creating new Direct3DDevice
[2018.04.02-04.09.11:379][  0]LogD3D11RHI:     GPU DeviceId: 0x1391 (for the marketing name, search the web for "GPU Device Id")
[2018.04.02-04.09.11:379][  0]LogWindows: EnumDisplayDevices:
[2018.04.02-04.09.11:379][  0]LogWindows:    0. 'Intel(R) HD Graphics 4600' (P:1 D:1)
[2018.04.02-04.09.11:380][  0]LogWindows:    1. 'Intel(R) HD Graphics 4600' (P:0 D:0)
[2018.04.02-04.09.11:381][  0]LogWindows:    2. 'Intel(R) HD Graphics 4600' (P:0 D:0)
[2018.04.02-04.09.11:381][  0]LogWindows: DebugString: GetVideoDriverDetailsInvalid PrimaryIsNotTheChoosenAdapter GetVideoDriverDetailsInvalid PrimaryIsNotTheChoosenAdapter GetVideoDriverDetailsInvalid PrimaryIsNotTheChoosenAdapter FoundDriverCount:0 
[2018.04.02-04.09.11:381][  0]LogD3D11RHI:     Adapter Name: NVIDIA GeForce GTX 850M
[2018.04.02-04.09.11:381][  0]LogD3D11RHI:   Driver Version: Unknown (internal:Unknown, unified:Unknown)
[2018.04.02-04.09.11:381][  0]LogD3D11RHI:      Driver Date: Unknown
[2018.04.02-04.09.11:381][  0]LogRHI: Texture pool is 1413 MB (70% of 2019 MB)
[2018.04.02-04.09.12:111][  0]LogD3D11RHI: Async texture creation enabled
[2018.04.02-04.09.14:009][  0]LogD3D11RHI: GPU Timing Frequency: 1000.000000 (Debug: 2 5)
[2018.04.02-04.09.14:535][  0]LogShaderCompilers: Guid format shader working directory is 3 characters bigger than the processId version (../../../../../Unreal Projects/FinalProject/Intermediate/Shaders/WorkingDirectory/2264/).
[2018.04.02-04.09.14:536][  0]LogShaderCompilers: Cleaned the shader compiler working directory 'C:/Users/ar981/AppData/Local/Temp/UnrealShaderWorkingDir/39A9A8CE44B4A58D51CBAD83F458D5B0/'.
[2018.04.02-04.09.14:574][  0]LogShaderCompilers: Display: Using Local Shader Compiler.
[2018.04.02-04.09.34:097][  0]LogTemp: Display: Loaded TP AllDesktopTargetPlatform
[2018.04.02-04.09.34:188][  0]LogTemp: Display: Loaded TP MacClientTargetPlatform
[2018.04.02-04.09.34:273][  0]LogTemp: Display: Loaded TP MacNoEditorTargetPlatform
[2018.04.02-04.09.34:360][  0]LogTemp: Display: Loaded TP MacServerTargetPlatform
[2018.04.02-04.09.34:529][  0]LogTemp: Display: Loaded TP MacTargetPlatform
[2018.04.02-04.09.34:661][  0]LogTemp: Display: Loaded TP WindowsClientTargetPlatform
[2018.04.02-04.09.34:812][  0]LogTemp: Display: Loaded TP WindowsNoEditorTargetPlatform
[2018.04.02-04.09.34:898][  0]LogTemp: Display: Loaded TP WindowsServerTargetPlatform
[2018.04.02-04.09.35:055][  0]LogTemp: Display: Loaded TP WindowsTargetPlatform
[2018.04.02-04.09.35:272][  0]LogTemp: Display: Loaded TP Android_ASTCTargetPlatform
[2018.04.02-04.09.35:444][  0]LogTemp: Display: Loaded TP Android_ATCTargetPlatform
[2018.04.02-04.09.35:587][  0]LogTemp: Display: Loaded TP Android_DXTTargetPlatform
[2018.04.02-04.09.35:766][  0]LogTemp: Display: Loaded TP Android_ETC1TargetPlatform
[2018.04.02-04.09.35:926][  0]LogTemp: Display: Loaded TP Android_ETC2TargetPlatform
[2018.04.02-04.09.36:348][  0]LogTemp: Display: Loaded TP Android_MultiTargetPlatform
[2018.04.02-04.09.36:348][  0]LogTemp: Display: Loaded TP Android_PVRTCTargetPlatform
[2018.04.02-04.09.36:495][  0]LogTemp: Display: Loaded TP AndroidTargetPlatform
[2018.04.02-04.09.36:619][  0]LogTemp: Display: Loaded TP HTML5TargetPlatform
[2018.04.02-04.09.37:383][  0]LogTemp: Display: Loaded TP IOSTargetPlatform
[2018.04.02-04.09.37:426][  0]LogTemp: Display: Loaded TP TVOSTargetPlatform
[2018.04.02-04.09.37:595][  0]LogTemp: Display: Loaded TP LinuxClientTargetPlatform
[2018.04.02-04.09.37:749][  0]LogTemp: Display: Loaded TP LinuxNoEditorTargetPlatform
[2018.04.02-04.09.37:847][  0]LogTemp: Display: Loaded TP LinuxServerTargetPlatform
[2018.04.02-04.09.38:089][  0]LogTemp: Display: Loaded TP LinuxTargetPlatform
[2018.04.02-04.09.38:089][  0]LogTargetPlatformManager: Display: Building Assets For Windows
[2018.04.02-04.09.46:636][  0]LogDerivedDataCache: Display: Max Cache Size: 512 MB
[2018.04.02-04.10.04:769][  0]LogDerivedDataCache: Loaded boot cache 18.01s 78MB C:/Users/ar981/AppData/Local/UnrealEngine/4.18/DerivedDataCache/Boot.ddc.
[2018.04.02-04.10.04:770][  0]LogDerivedDataCache: Display: Loaded Boot cache: C:/Users/ar981/AppData/Local/UnrealEngine/4.18/DerivedDataCache/Boot.ddc
[2018.04.02-04.10.04:770][  0]LogDerivedDataCache: FDerivedDataBackendGraph:  Pak pak cache file ../../../../../Unreal Projects/FinalProject/DerivedDataCache/DDC.ddp not found, will not use a pak cache.
[2018.04.02-04.10.04:770][  0]LogDerivedDataCache: Unable to find inner node Pak for hierarchical cache Hierarchy.
[2018.04.02-04.10.04:770][  0]LogDerivedDataCache: FDerivedDataBackendGraph:  CompressedPak pak cache file ../../../../../Unreal Projects/FinalProject/DerivedDataCache/Compressed.ddp not found, will not use a pak cache.
[2018.04.02-04.10.04:770][  0]LogDerivedDataCache: Unable to find inner node CompressedPak for hierarchical cache Hierarchy.
[2018.04.02-04.10.04:977][  0]LogDerivedDataCache: Display: Pak cache opened for reading ../../../Engine/DerivedDataCache/Compressed.ddp.
[2018.04.02-04.10.05:058][  0]LogDerivedDataCache: Using Local data cache path C:/Users/ar981/AppData/Local/UnrealEngine/Common/DerivedDataCache: Writable
[2018.04.02-04.10.05:557][  0]LogMaterial: Verifying Global Shaders for PCD3D_SM5
[2018.04.02-04.10.05:948][  0]LogSlate: Using Freetype 2.6.0
[2018.04.02-04.10.06:190][  0]LogSlate: SlateFontCache - WITH_FREETYPE: 1, WITH_HARFBUZZ: 1
[2018.04.02-04.10.06:210][  0]LogSlate: SlateFontCache - WITH_FREETYPE: 1, WITH_HARFBUZZ: 1
[2018.04.02-04.10.40:294][  0]LogInit: Selected Device Profile: [Windows]
[2018.04.02-04.10.45:592][  0]LogSimplygon: Simplygon DLL not present - disabling.
[2018.04.02-04.10.45:802][  0]LogMeshReduction: Using SimplygonSwarm for distributed automatic mesh merging
[2018.04.02-04.10.45:824][  0]LogMeshReduction: Using QuadricMeshReduction for automatic static mesh reduction
[2018.04.02-04.10.45:824][  0]LogMeshReduction: No automatic skeletal mesh reduction module available
[2018.04.02-04.10.45:824][  0]LogMeshReduction: No automatic mesh merging module available
[2018.04.02-04.10.45:824][  0]LogMeshMerging: No automatic mesh merging module available
[2018.04.02-04.10.46:389][  0]LogNetVersion: FinalProject , NetCL: 3709383, EngineNetVer: 2, GameNetVer: 0 (Checksum: 1186961665)
[2018.04.02-04.10.54:077][  0]LogAssetRegistry: FAssetRegistry took 0.3571 seconds to start up
[2018.04.02-04.10.55:732][  0]LogConfig: Warning: Failed to saved backup for config[GameplayTagsList]
[2018.04.02-04.11.04:952][  0]LogConfig: Warning: Failed to saved backup for config[TemplateDefs]
[2018.04.02-04.11.15:425][  0]LogAssetRegistry: Error: Failed to open file for write ../../../../../Unreal Projects/FinalProject/Intermediate/AssetRegistryCache/bd18c394.bin
[2018.04.02-04.11.15:480][  0]LogPackageLocalizationCache: Processed 7 localized package path(s) for 2 prioritized culture(s) in 0.225348 seconds
[2018.04.02-04.11.15:528][  0]LogUObjectArray: 35870 objects as part of root set at end of initial load.
[2018.04.02-04.11.15:528][  0]LogUObjectAllocator: 7363704 out of 0 bytes used by permanent object pool.
[2018.04.02-04.11.15:528][  0]LogUObjectArray: CloseDisregardForGC: 0/0 objects in disregard for GC pool
[2018.04.02-04.11.15:611][  0]LogInit: WinSock: version 1.1 (2.2), MaxSocks=32767, MaxUdp=65467
[2018.04.02-04.13.09:210][  0]LogSubstanceCoreModule: Substance [CPU] Engine Loaded, Max Texture Size = 2048
[2018.04.02-04.13.10:358][  0]LogTcpMessaging: Initializing TcpMessaging bridge
[2018.04.02-04.13.10:817][  0]LogUdpMessaging: Initializing bridge on interface 0.0.0.0:0 to multicast group 230.0.0.1:6666.
[2018.04.02-04.13.10:891][  0]FUdpSocketBuilder: Failed to subscribe UdpMessageMulticastSocket to multicast group 230.0.0.1
[2018.04.02-04.13.10:891][  0]FUdpSocketBuilder: Failed to create and initialize socket UdpMessageMulticastSocket (last error: 0)
[2018.04.02-04.13.10:891][  0]LogUdpMessaging: Warning: StartTransport failed to create multicast socket on 0.0.0.0:0, joined to 230.0.0.1:6666 with TTL 1
[2018.04.02-04.13.18:801][  0]LogConfig: Warning: Failed to saved backup for config[InternationalizationExport]
[2018.04.02-04.13.18:838][  0]LogConfig: Warning: Failed to saved backup for config[TranslationPickerSettings]
[2018.04.02-04.13.21:788][  0]LogMaterial: Uniform references updated for custom material expression Custom.
[2018.04.02-04.13.27:958][  0]LogConfig: Warning: Failed to saved backup for config[SourceControlSettings]
[2018.04.02-04.13.28:053][  0]LogConfig: Warning: Failed to saved backup for config[SourceControlSettings]
[2018.04.02-04.13.28:113][  0]SourceControl: 소스 콘트롤이 꺼졌습니다.
[2018.04.02-04.13.41:720][  0]LogAndroidPermission: UAndroidPermissionCallbackProxy::GetInstance
[2018.04.02-04.13.42:994][  0]LogOcInput: OculusInput pre-init called
[2018.04.02-04.13.50:598][  0]LogEngine: Initializing Engine...
[2018.04.02-04.13.50:981][  0]LogHMD: Failed to initialize OpenVR with code 100
[2018.04.02-04.13.54:666][  0]LogStats: UGameplayTagsManager::ConstructGameplayTagTree: Construct from data asset -  0.000 s
[2018.04.02-04.13.54:733][  0]LogStats: UGameplayTagsManager::ConstructGameplayTagTree: GameplayTagTreeChangedEvent.Broadcast -  0.000 s
[2018.04.02-04.13.57:857][  0]LogAIModule: Creating AISystem for world Untitled
[2018.04.02-04.13.58:556][  0]LogInit: XAudio2 using '스피커(VIA HD Audio)' : 2 channels at 48 kHz using 32 bits per sample (channel mask 0x3)
[2018.04.02-04.13.58:972][  0]LogInit: FAudioDevice initialized.
[2018.04.02-04.13.58:983][  0]LogDerivedDataCache: Error: Could not save memory cache C:/Users/ar981/AppData/Local/UnrealEngine/4.18/DerivedDataCache/Boot.ddc.
[2018.04.02-04.13.59:013][  0]LogInit: Texture streaming: Enabled
[2018.04.02-04.14.02:925][  0]LogEngineSessionManager: EngineSessionManager initialized
[2018.04.02-04.14.06:867][  0]LogInit: Transaction tracking system initialized
[2018.04.02-04.14.11:337][  0]BlueprintLog: New page: 에디터 로드
[2018.04.02-04.14.22:472][  0]LogConfig: Warning: Failed to saved backup for config[LocalizationServiceSettings]
[2018.04.02-04.14.22:510][  0]LocalizationService: 현지화 서비스가 비활성화되었습니다.
[2018.04.02-04.14.29:913][  0]LogConsoleResponse: Display: 
[2018.04.02-04.14.39:127][  0]LogCook: Display: Max memory allowance for cook 16384mb min free memory 0mb
[2018.04.02-04.14.39:128][  0]LogCook: Display: Mobile HDR setting 1
[2018.04.02-04.14.39:180][  0]LogFileCache: Scanning file cache for directory 'D:/Ari/Unreal Projects/FinalProject/Content/' took 0.11s
[2018.04.02-04.14.39:180][  0]LogGameplayTags: Display: UGameplayTagsManager::DoneAddingNativeTags. DelegateIsBound: 0
[2018.04.02-04.14.51:554][  0]Cmd: MAP LOAD FILE="../../../../../Unreal Projects/FinalProject/Content/Custom/Maps/TwinStickExampleMap.umap" TEMPLATE=0 SHOWPROGRESS=1 FEATURELEVEL=3
[2018.04.02-04.14.51:634][  0]LightingResults: New page: 라이팅 빌드
[2018.04.02-04.14.52:323][  0]MapCheck: New page: 맵 체크
[2018.04.02-04.14.52:323][  0]LightingResults: New page: 라이팅 빌드
[2018.04.02-04.15.24:412][  0]LogAIModule: Creating AISystem for world TwinStickExampleMap
[2018.04.02-04.15.27:270][  0]LogEditorServer: Finished looking for orphan Actors (0.000 secs)
[2018.04.02-04.15.28:073][  0]Cmd: MAP CHECKDEP NOCLEARLOG
[2018.04.02-04.15.28:267][  0]MapCheck: 맵 체크 완료: 오류 0 회, 경고 0 회, 소요 시간 193.568ms.
[2018.04.02-04.15.28:267][  0]LogFileHelpers: Loading map 'TwinStickExampleMap' took 36.856
[2018.04.02-04.15.39:917][  0]LogCollectionManager: Loaded 0 collections in 0.116312 seconds
[2018.04.02-04.15.42:443][  0]LogFileCache: Scanning file cache for directory 'D:/Ari/Unreal Projects/FinalProject/Saved/Collections/' took 0.01s
[2018.04.02-04.15.42:443][  0]LogFileCache: Scanning file cache for directory 'D:/Ari/Unreal Projects/FinalProject/Content/Developers/ar981/Collections/' took 0.01s
[2018.04.02-04.15.42:443][  0]LogFileCache: Scanning file cache for directory 'D:/Ari/Unreal Projects/FinalProject/Content/Collections/' took 0.01s
[2018.04.02-04.15.42:444][  0]LogCollectionManager: Rebuilt the GUID cache for 0 collections in 0.000000 seconds
[2018.04.02-04.15.42:818][  0]LogContentBrowser: Native class hierarchy populated in 0.1474 seconds. Added 2377 classes and 525 folders.
[2018.04.02-04.15.44:104][  0]LogContentBrowser: Native class hierarchy updated for 'WidgetCarousel' in 0.0004 seconds. Added 0 classes and 0 folders.
[2018.04.02-04.15.52:504][  0]LogContentBrowser: Native class hierarchy updated for 'AddContentDialog' in 0.0004 seconds. Added 0 classes and 0 folders.
[2018.04.02-04.15.53:853][  0]LogContentBrowser: Native class hierarchy updated for 'SceneOutliner' in 0.0005 seconds. Added 1 classes and 2 folders.
[2018.04.02-04.16.00:117][  0]LogContentBrowser: Native class hierarchy updated for 'HierarchicalLODOutliner' in 0.0004 seconds. Added 1 classes and 2 folders.
[2018.04.02-04.16.00:117][  0]LogLoad: (Engine Initialization) Total time: 596.58 seconds
[2018.04.02-04.16.00:117][  0]LogLoad: (Engine Initialization) Total Blueprint compile time: 0.00 seconds
[2018.04.02-04.16.00:117][  0]LogExternalProfiler: Found external profiler: VSPerf
[2018.04.02-04.16.00:117][  0]LogExternalProfiler: Using external profiler: VSPerf
[2018.04.02-04.16.02:351][  0]SourceControl: On branch master
[2018.04.02-04.16.02:351][  0]SourceControl: Your branch is up to date with 'origin/master'.
[2018.04.02-04.16.02:351][  0]SourceControl: Changes not staged for commit:
[2018.04.02-04.16.02:351][  0]SourceControl:   (use "git add/rm <file>..." to update what will be committed)
[2018.04.02-04.16.02:351][  0]SourceControl:   (use "git checkout -- <file>..." to discard changes in working directory)
[2018.04.02-04.16.02:351][  0]SourceControl: 	modified:   Content/Custom/Enemy/Enemys/Disruptor.uasset
[2018.04.02-04.16.02:351][  0]SourceControl: 	modified:   Content/Custom/Enemy/Enemys/Mistic.uasset
[2018.04.02-04.16.02:351][  0]SourceControl: 	modified:   Content/Custom/Enemy/Enemys/ScopeRay.uasset
[2018.04.02-04.16.02:351][  0]SourceControl: 	modified:   Content/Custom/Maps/TwinStickExampleMap.umap
[2018.04.02-04.16.02:351][  0]SourceControl: 	modified:   Intermediate/AssetRegistryCache/c90e3f55.bin
[2018.04.02-04.16.02:351][  0]SourceControl: 	modified:   Intermediate/CachedAssetRegistry.bin
[2018.04.02-04.16.02:351][  0]SourceControl: 	modified:   Saved/Autosaves/PackageRestoreData.json
[2018.04.02-04.16.02:351][  0]SourceControl: 	deleted:    Saved/Backup/Enemy_BP_2018-03-23-21-19-23.uasset
[2018.04.02-04.16.02:351][  0]SourceControl: 	deleted:    Saved/Backup/Mistic_2018-03-23-13-30-28.uasset
[2018.04.02-04.16.02:351][  0]SourceControl: 	deleted:    Saved/Backup/Mistic_2018-03-23-21-16-05.uasset
[2018.04.02-04.16.02:351][  0]SourceControl: 	deleted:    Saved/Backup/PlayerInput_BP_2018-03-23-21-30-07.uasset
[2018.04.02-04.16.02:352][  0]SourceControl: 	deleted:    Saved/Backup/Projectile_Manager_2018-03-23-13-25-20.uasset
[2018.04.02-04.16.02:352][  0]SourceControl: 	deleted:    Saved/Backup/Projectile_Manager_2018-03-24-12-45-05.uasset
[2018.04.02-04.16.02:352][  0]SourceControl: 	deleted:    Saved/Backup/Projectile_Round_Pattern_Spawner_2018-03-23-13-29-00.uasset
[2018.04.02-04.16.02:352][  0]SourceControl: 	deleted:    Saved/Backup/Projectile_Round_Pattern_Spawner_2018-03-23-21-28-30.uasset
[2018.04.02-04.16.02:352][  0]SourceControl: 	deleted:    Saved/Backup/Projectile_Round_Pattern_Spawner_2018-03-24-12-45-20.uasset
[2018.04.02-04.16.02:352][  0]SourceControl: 	deleted:    Saved/Backup/Simple_Round_Projectile_2018-03-24-12-34-54.uasset
[2018.04.02-04.16.02:352][  0]SourceControl: 	deleted:    Saved/Backup/Simple_Round_Projectile_2018-03-24-12-40-58.uasset
[2018.04.02-04.16.02:352][  0]SourceControl: 	deleted:    Saved/Backup/TwinStickExampleMap_2018-03-23-13-32-52.umap
[2018.04.02-04.16.02:352][  0]SourceControl: 	deleted:    Saved/Backup/TwinStickExampleMap_2018-03-23-14-21-15.umap
[2018.04.02-04.16.02:352][  0]SourceControl: 	deleted:    Saved/Backup/TwinStickExampleMap_2018-03-23-17-05-50.umap
[2018.04.02-04.16.02:352][  0]SourceControl: 	deleted:    Saved/Backup/TwinStickExampleMap_2018-03-23-17-16-05.umap
[2018.04.02-04.16.02:352][  0]SourceControl: 	deleted:    Saved/Backup/TwinStickExampleMap_2018-03-23-20-40-27.umap
[2018.04.02-04.16.02:352][  0]SourceControl: 	deleted:    Saved/Backup/TwinStickExampleMap_2018-03-23-21-14-04.umap
[2018.04.02-04.16.02:352][  0]SourceControl: 	deleted:    Saved/Backup/TwinStickExampleMap_2018-03-24-12-40-57.umap
[2018.04.02-04.16.02:352][  0]SourceControl: 	deleted:    Saved/Backup/TwinStickExampleMap_BuiltData_2018-03-23-13-14-07.uasset
[2018.04.02-04.16.02:352][  0]SourceControl: 	deleted:    Saved/Backup/TwinStickExampleMap_BuiltData_2018-03-23-17-05-50.uasset
[2018.04.02-04.16.02:352][  0]SourceControl: 	deleted:    Saved/Backup/TwinStickExampleMap_BuiltData_2018-03-23-17-16-05.uasset
[2018.04.02-04.16.02:352][  0]SourceControl: 	deleted:    Saved/Backup/TwinStickExampleMap_BuiltData_2018-03-23-21-14-04.uasset
[2018.04.02-04.16.02:352][  0]SourceControl: 	deleted:    Saved/Config/CrashReportClient/UE4CC-Windows-46D5161440137ACD91A7059B728AE518/CrashReportClient.ini
[2018.04.02-04.16.02:352][  0]SourceControl: 	deleted:    Saved/Config/CrashReportClient/UE4CC-Windows-6EA8BC6C4C72EE5155CF6C8002C127F5/CrashReportClient.ini
[2018.04.02-04.16.02:352][  0]SourceControl: 	deleted:    Saved/Config/CrashReportClient/UE4CC-Windows-BDAF2E3B4913C56069C063AD74A5B2DB/CrashReportClient.ini
[2018.04.02-04.16.02:352][  0]SourceControl: 	deleted:    Saved/Config/CrashReportClient/UE4CC-Windows-BE9AF27B45F3EDA7466A2FAD61AEE3F5/CrashReportClient.ini
[2018.04.02-04.16.02:352][  0]SourceControl: 	modified:   Saved/Config/Windows/Editor.ini
[2018.04.02-04.16.02:352][  0]SourceControl: 	modified:   Saved/Config/Windows/EditorPerProjectUserSettings.ini
[2018.04.02-04.16.02:352][  0]SourceControl: 	deleted:    Saved/Logs/FinalProject-backup-2018.03.30-15.52.27.log
[2018.04.02-04.16.02:352][  0]SourceControl: 	deleted:    Saved/Logs/FinalProject-backup-2018.03.30-22.47.28.log
[2018.04.02-04.16.02:352][  0]SourceControl: 	modified:   Saved/Logs/FinalProject.log
[2018.04.02-04.16.02:352][  0]SourceControl: 	modified:   Saved/Logs/FinalProject_2.log
[2018.04.02-04.16.02:352][  0]SourceControl: Untracked files:
[2018.04.02-04.16.02:352][  0]SourceControl:   (use "git add <file>..." to include in what will be committed)
[2018.04.02-04.16.02:352][  0]SourceControl: 	Saved/Backup/Disruptor_2018-04-01-22-32-38.uasset
[2018.04.02-04.16.02:352][  0]SourceControl: 	Saved/Backup/Mistic_2018-04-01-22-32-39.uasset
[2018.04.02-04.16.02:352][  0]SourceControl: 	Saved/Backup/ScopeRay_2018-04-01-22-32-39.uasset
[2018.04.02-04.16.02:352][  0]SourceControl: 	Saved/Backup/TwinStickExampleMap_2018-04-01-22-32-35.umap
[2018.04.02-04.16.02:352][  0]SourceControl: 	Saved/Backup/TwinStickExampleMap_2018-04-01-22-54-22.umap
[2018.04.02-04.16.02:352][  0]SourceControl: 	Saved/Backup/TwinStickExampleMap_2018-04-01-23-07-46.umap
[2018.04.02-04.16.02:352][  0]SourceControl: 	Saved/Backup/TwinStickExampleMap_2018-04-01-23-17-32.umap
[2018.04.02-04.16.02:352][  0]SourceControl: 	Saved/Backup/TwinStickExampleMap_2018-04-01-23-24-42.umap
[2018.04.02-04.16.02:352][  0]SourceControl: 	Saved/Config/CrashReportClient/UE4CC-Windows-2FE96ACC451068599E76C0909AB22829/
[2018.04.02-04.16.02:352][  0]SourceControl: 	Saved/Config/CrashReportClient/UE4CC-Windows-332D6FCF410ACA9EEB2842960198AF5C/
[2018.04.02-04.16.02:352][  0]SourceControl: 	Saved/Config/CrashReportClient/UE4CC-Windows-A88CBB10473DE7EBE488BCB557E32714/
[2018.04.02-04.16.02:352][  0]SourceControl: 	Saved/Logs/FinalProject-backup-2018.04.01-22.52.33.log
[2018.04.02-04.16.02:352][  0]SourceControl: 	Saved/Logs/FinalProject-backup-2018.04.02-13.08.21.log
[2018.04.02-04.16.02:352][  0]SourceControl: 	Saved/Logs/FinalProject_2-backup-2018.04.02-13.08.21.log
[2018.04.02-04.16.02:352][  0]SourceControl: no changes added to commit (use "git add" and/or "git commit -a")
[2018.04.02-04.16.02:387][  0]LogContentStreaming: Texture pool size now 1000 MB
[2018.04.02-04.16.02:965][  0]LogSlate: Took 0.090232 seconds to synchronously load lazily loaded font '../../../Engine/Content/Slate/Fonts/Roboto-Regular.ttf' (155K)
[2018.04.02-04.16.03:331][  0]LogSlate: Took 0.363633 seconds to synchronously load lazily loaded font '../../../Engine/Content/Slate/Fonts/NanumGothic.ttf' (4243K)
[2018.04.02-04.16.03:406][  0]LogSlate: Took 0.074686 seconds to synchronously load lazily loaded font '../../../Engine/Content/Slate/Fonts/Roboto-Bold.ttf' (160K)
[2018.04.02-04.16.03:549][  0]LogSlate: Took 0.040391 seconds to synchronously load lazily loaded font '../../../Engine/Content/Editor/Slate/Fonts/FontAwesome.ttf' (139K)
[2018.04.02-04.16.06:717][  1]LogRenderer: Reallocating scene render targets to support 672x420 Format 10 NumSamples 1 (Frame:1).
[2018.04.02-04.16.06:717][  1]LogSubstanceLiveLink: Warning: Unable to send data along socket, closing connection
[2018.04.02-04.16.06:955][  1]LogSlate: Took 0.016981 seconds to synchronously load lazily loaded font '../../../Engine/Content/Slate/Fonts/Roboto-Light.ttf' (159K)
[2018.04.02-04.16.10:434][  4]LogAssetRegistry: Asset discovery search completed in 316.3794 seconds
[2018.04.02-04.16.10:437][  4]LogCollectionManager: Rebuilt the object cache for 0 collections in 0.000001 seconds (found 0 objects)
[2018.04.02-04.16.10:437][  4]LogCollectionManager: Fixed up redirectors for 0 collections in 0.000066 seconds (updated 0 objects)
[2018.04.02-04.16.14:393][ 15]LogWindowsTextInputMethodSystem: Display: IME system now activated using TSF (Microsoft 입력기).
[2018.04.02-04.16.14:905][ 16]Cmd: QUIT_EDITOR
[2018.04.02-04.16.15:589][ 16]LogExit: Preparing to exit.
[2018.04.02-04.16.16:518][ 16]LogDirectoryWatcher: A directory notification for 'D:/Ari/Unreal Projects/FinalProject/Content/' was aborted.
[2018.04.02-04.16.16:936][ 16]LogExit: Editor shut down
[2018.04.02-04.16.16:941][ 16]LogExit: Transaction tracking system shut down
[2018.04.02-04.16.17:476][ 16]LogDirectoryWatcher: A directory notification for '../../../Engine/Content/' was aborted.
[2018.04.02-04.16.17:476][ 16]LogDirectoryWatcher: A directory notification for '../../../../../Unreal Projects/FinalProject/Content/' was aborted.
[2018.04.02-04.16.17:476][ 16]LogDirectoryWatcher: A directory notification for '../../../Engine/Plugins/2D/Paper2D/Content/' was aborted.
[2018.04.02-04.16.17:476][ 16]LogDirectoryWatcher: A directory notification for '../../../Engine/Plugins/Media/MediaCompositing/Content/' was aborted.
[2018.04.02-04.16.17:477][ 16]LogDirectoryWatcher: A directory notification for '../../../Engine/Plugins/Runtime/AppleARKit/Content/' was aborted.
[2018.04.02-04.16.17:477][ 16]LogDirectoryWatcher: A directory notification for '../../../Engine/Plugins/Runtime/Oculus/OculusVR/Content/' was aborted.
[2018.04.02-04.16.17:477][ 16]LogDirectoryWatcher: A directory notification for '../../../Engine/Plugins/Runtime/Steam/SteamVR/Content/' was aborted.
[2018.04.02-04.16.19:642][ 16]LogExit: Object subsystem successfully closed.
[2018.04.02-04.16.19:967][ 16]LogD3D11RHI: Shutdown
[2018.04.02-04.16.19:967][ 16]LogD3D11RHI: CleanupD3DDevice
[2018.04.02-04.16.19:999][ 16]LogD3D11RHI: ~FD3D11DynamicRHI
[2018.04.02-04.16.20:970][ 16]LogModuleManager: Shutting down and abandoning module HierarchicalLODOutliner (556)
[2018.04.02-04.16.20:970][ 16]LogModuleManager: Shutting down and abandoning module SceneOutliner (554)
[2018.04.02-04.16.20:996][ 16]LogModuleManager: Shutting down and abandoning module AddContentDialog (552)
[2018.04.02-04.16.21:014][ 16]LogDirectoryWatcher: A directory notification for 'D:/Ari/Program Files/UE_4.18/FeaturePacks/' was aborted.
[2018.04.02-04.16.21:015][ 16]LogModuleManager: Shutting down and abandoning module WidgetCarousel (551)
[2018.04.02-04.16.21:015][ 16]LogModuleManager: Shutting down and abandoning module EditorWidgets (548)
[2018.04.02-04.16.21:015][ 16]LogModuleManager: Shutting down and abandoning module CollectionManager (546)
[2018.04.02-04.16.21:016][ 16]LogDirectoryWatcher: A directory notification for 'D:/Ari/Unreal Projects/FinalProject/Content/Collections/' was aborted.
[2018.04.02-04.16.21:016][ 16]LogDirectoryWatcher: A directory notification for 'D:/Ari/Unreal Projects/FinalProject/Content/Developers/ar981/Collections/' was aborted.
[2018.04.02-04.16.21:016][ 16]LogDirectoryWatcher: A directory notification for 'D:/Ari/Unreal Projects/FinalProject/Saved/Collections/' was aborted.
[2018.04.02-04.16.21:016][ 16]LogModuleManager: Shutting down and abandoning module StatsViewer (544)
[2018.04.02-04.16.21:016][ 16]LogModuleManager: Shutting down and abandoning module FoliageEdit (542)
[2018.04.02-04.16.21:016][ 16]LogModuleManager: Shutting down and abandoning module LandscapeEditor (540)
[2018.04.02-04.16.21:034][ 16]LogModuleManager: Shutting down and abandoning module MeshPaintMode (538)
[2018.04.02-04.16.21:035][ 16]LogModuleManager: Shutting down and abandoning module SceneDepthPickerMode (536)
[2018.04.02-04.16.21:035][ 16]LogModuleManager: Shutting down and abandoning module ActorPickerMode (534)
[2018.04.02-04.16.21:035][ 16]LogModuleManager: Shutting down and abandoning module GeometryMode (532)
[2018.04.02-04.16.21:035][ 16]LogModuleManager: Shutting down and abandoning module TextureAlignMode (530)
[2018.04.02-04.16.21:035][ 16]LogModuleManager: Shutting down and abandoning module BspMode (528)
[2018.04.02-04.16.21:035][ 16]LogModuleManager: Shutting down and abandoning module PIEPreviewDeviceProfileSelector (526)
[2018.04.02-04.16.21:035][ 16]LogModuleManager: Shutting down and abandoning module HardwareSurvey (524)
[2018.04.02-04.16.21:035][ 16]LogModuleManager: Shutting down and abandoning module SequenceRecorderSections (522)
[2018.04.02-04.16.21:035][ 16]LogModuleManager: Shutting down and abandoning module AutomationWorker (520)
[2018.04.02-04.16.21:035][ 16]LogModuleManager: Shutting down and abandoning module MatineeToLevelSequence (518)
[2018.04.02-04.16.21:035][ 16]LogModuleManager: Shutting down and abandoning module LevelSequenceEditor (516)
[2018.04.02-04.16.21:102][ 16]LogModuleManager: Shutting down and abandoning module PlacementMode (515)
[2018.04.02-04.16.21:102][ 16]LogModuleManager: Shutting down and abandoning module WmfMediaFactory (512)
[2018.04.02-04.16.21:102][ 16]LogModuleManager: Shutting down and abandoning module WmfMediaEditor (510)
[2018.04.02-04.16.21:102][ 16]LogModuleManager: Shutting down and abandoning module OpenExrWrapper (508)
[2018.04.02-04.16.21:102][ 16]LogModuleManager: Shutting down and abandoning module ImgMediaFactory (506)
[2018.04.02-04.16.21:102][ 16]LogModuleManager: Shutting down and abandoning module ImgMediaEditor (504)
[2018.04.02-04.16.21:102][ 16]LogModuleManager: Shutting down and abandoning module AvfMediaFactory (502)
[2018.04.02-04.16.21:102][ 16]LogModuleManager: Shutting down and abandoning module AvfMediaEditor (500)
[2018.04.02-04.16.21:103][ 16]LogModuleManager: Shutting down and abandoning module AndroidMediaFactory (498)
[2018.04.02-04.16.21:103][ 16]LogModuleManager: Shutting down and abandoning module AndroidMediaEditor (496)
[2018.04.02-04.16.21:103][ 16]LogModuleManager: Shutting down and abandoning module CharacterAI (494)
[2018.04.02-04.16.21:103][ 16]LogModuleManager: Shutting down and abandoning module AudioCapture (492)
[2018.04.02-04.16.21:103][ 16]LogModuleManager: Shutting down and abandoning module SequenceRecorder (491)
[2018.04.02-04.16.21:103][ 16]LogModuleManager: Shutting down and abandoning module SmartSnapping (488)
[2018.04.02-04.16.21:103][ 16]LogModuleManager: Shutting down and abandoning module SessionServices (486)
[2018.04.02-04.16.21:103][ 16]LogModuleManager: Shutting down and abandoning module ViewportSnapping (484)
[2018.04.02-04.16.21:103][ 16]LogModuleManager: Shutting down and abandoning module ViewportInteraction (482)
[2018.04.02-04.16.21:103][ 16]LogModuleManager: Shutting down and abandoning module ClothPainter (480)
[2018.04.02-04.16.21:123][ 16]LogModuleManager: Shutting down and abandoning module SkeletalMeshEditor (479)
[2018.04.02-04.16.21:211][ 16]LogModuleManager: Shutting down and abandoning module LogVisualizer (476)
[2018.04.02-04.16.21:211][ 16]LogModuleManager: Shutting down and abandoning module IntroTutorials (474)
[2018.04.02-04.16.21:211][ 16]LogModuleManager: Shutting down and abandoning module GameProjectGeneration (473)
[2018.04.02-04.16.21:298][ 16]LogModuleManager: Shutting down and abandoning module IOSPlatformEditor (470)
[2018.04.02-04.16.21:298][ 16]LogModuleManager: Shutting down and abandoning module HTML5PlatformEditor (468)
[2018.04.02-04.16.21:298][ 16]LogModuleManager: Shutting down and abandoning module AndroidPlatformEditor (466)
[2018.04.02-04.16.21:298][ 16]LogModuleManager: Shutting down and abandoning module AndroidDeviceDetection (465)
[2018.04.02-04.16.21:610][ 16]LogModuleManager: Shutting down and abandoning module WindowsPlatformEditor (462)
[2018.04.02-04.16.21:610][ 16]LogModuleManager: Shutting down and abandoning module IOSRuntimeSettings (460)
[2018.04.02-04.16.21:610][ 16]LogModuleManager: Shutting down and abandoning module AndroidRuntimeSettings (458)
[2018.04.02-04.16.21:610][ 16]LogModuleManager: Shutting down and abandoning module InputBindingEditor (456)
[2018.04.02-04.16.21:610][ 16]LogModuleManager: Shutting down and abandoning module MergeActors (454)
[2018.04.02-04.16.21:643][ 16]LogModuleManager: Shutting down and abandoning module SizeMap (452)
[2018.04.02-04.16.21:643][ 16]LogModuleManager: Shutting down and abandoning module TreeMap (450)
[2018.04.02-04.16.21:643][ 16]LogModuleManager: Shutting down and abandoning module ReferenceViewer (448)
[2018.04.02-04.16.21:643][ 16]LogModuleManager: Shutting down and abandoning module LocalizationDashboard (446)
[2018.04.02-04.16.21:673][ 16]LogModuleManager: Shutting down and abandoning module LocalizationService (445)
[2018.04.02-04.16.21:673][ 16]LogModuleManager: Shutting down and abandoning module HardwareTargeting (442)
[2018.04.02-04.16.21:673][ 16]LogModuleManager: Shutting down and abandoning module DeviceProfileEditor (440)
[2018.04.02-04.16.21:673][ 16]LogModuleManager: Shutting down and abandoning module UndoHistory (438)
[2018.04.02-04.16.21:673][ 16]LogModuleManager: Shutting down and abandoning module XmlParser (436)
[2018.04.02-04.16.21:673][ 16]LogModuleManager: Shutting down and abandoning module Blutility (434)
[2018.04.02-04.16.21:673][ 16]LogModuleManager: Shutting down and abandoning module ProjectSettingsViewer (432)
[2018.04.02-04.16.21:673][ 16]LogModuleManager: Shutting down and abandoning module ProjectTargetPlatformEditor (431)
[2018.04.02-04.16.21:673][ 16]LogModuleManager: Shutting down and abandoning module EditorSettingsViewer (428)
[2018.04.02-04.16.21:673][ 16]LogModuleManager: Shutting down and abandoning module SettingsEditor (426)
[2018.04.02-04.16.21:699][ 16]LogModuleManager: Shutting down and abandoning module ProjectLauncher (424)
[2018.04.02-04.16.21:770][ 16]LogModuleManager: Shutting down and abandoning module SessionFrontend (422)
[2018.04.02-04.16.21:770][ 16]LogModuleManager: Shutting down and abandoning module ProfilerClient (420)
[2018.04.02-04.16.21:803][ 16]LogModuleManager: Shutting down and abandoning module DeviceManager (418)
[2018.04.02-04.16.21:804][ 16]LogModuleManager: Shutting down and abandoning module TargetDeviceServices (417)
[2018.04.02-04.16.21:857][ 16]LogModuleManager: Shutting down and abandoning module AutomationController (414)
[2018.04.02-04.16.21:889][ 16]LogModuleManager: Shutting down and abandoning module AutomationWindow (412)
[2018.04.02-04.16.22:023][ 16]LogModuleManager: Shutting down and abandoning module Layers (410)
[2018.04.02-04.16.22:232][ 16]LogModuleManager: Shutting down and abandoning module ComponentVisualizers (408)
[2018.04.02-04.16.22:232][ 16]LogModuleManager: Shutting down and abandoning module DetailCustomizations (406)
[2018.04.02-04.16.22:264][ 16]LogModuleManager: Shutting down and abandoning module PackagesDialog (404)
[2018.04.02-04.16.22:326][ 16]LogModuleManager: Shutting down and abandoning module Persona (402)
[2018.04.02-04.16.22:428][ 16]LogModuleManager: Shutting down and abandoning module AdvancedPreviewScene (401)
[2018.04.02-04.16.22:428][ 16]LogModuleManager: Shutting down and abandoning module AnimGraph (399)
[2018.04.02-04.16.22:428][ 16]LogModuleManager: Shutting down and abandoning module Kismet (396)
[2018.04.02-04.16.22:435][ 16]LogModuleManager: Shutting down and abandoning module ClassViewer (394)
[2018.04.02-04.16.22:435][ 16]LogModuleManager: Shutting down and abandoning module Toolbox (392)
[2018.04.02-04.16.22:435][ 16]LogModuleManager: Shutting down and abandoning module ModuleUI (390)
[2018.04.02-04.16.22:467][ 16]LogModuleManager: Shutting down and abandoning module MovieSceneTools (388)
[2018.04.02-04.16.22:551][ 16]LogModuleManager: Shutting down and abandoning module OutputLog (386)
[2018.04.02-04.16.22:551][ 16]LogModuleManager: Shutting down and abandoning module GammaUI (384)
[2018.04.02-04.16.22:575][ 16]LogModuleManager: Shutting down and abandoning module Documentation (382)
[2018.04.02-04.16.22:575][ 16]LogModuleManager: Shutting down and abandoning module MovieSceneTracks (380)
[2018.04.02-04.16.22:589][ 16]LogModuleManager: Shutting down and abandoning module MovieScene (378)
[2018.04.02-04.16.22:589][ 16]LogModuleManager: Shutting down and abandoning module StreamingPauseRendering (376)
[2018.04.02-04.16.22:589][ 16]LogModuleManager: Shutting down and abandoning module LauncherPlatform (374)
[2018.04.02-04.16.22:589][ 16]LogModuleManager: Shutting down and abandoning module AnalyticsET (372)
[2018.04.02-04.16.22:589][ 16]LogModuleManager: Shutting down and abandoning module PortalServices (370)
[2018.04.02-04.16.22:589][ 16]LogModuleManager: Shutting down and abandoning module PortalRpc (368)
[2018.04.02-04.16.22:589][ 16]LogModuleManager: Shutting down and abandoning module MessagingRpc (366)
[2018.04.02-04.16.22:589][ 16]LogModuleManager: Shutting down and abandoning module AIModule (364)
[2018.04.02-04.16.22:589][ 16]LogModuleManager: Shutting down and abandoning module GameplayDebugger (363)
[2018.04.02-04.16.22:589][ 16]LogModuleManager: Shutting down and abandoning module AITestSuite (361)
[2018.04.02-04.16.22:589][ 16]LogModuleManager: Shutting down and abandoning module DesktopPlatform (358)
[2018.04.02-04.16.22:589][ 16]LogModuleManager: Shutting down and abandoning module ProfilerService (356)
[2018.04.02-04.16.22:692][ 16]LogModuleManager: Shutting down and abandoning module TaskGraph (354)
[2018.04.02-04.16.22:693][ 16]LogModuleManager: Shutting down and abandoning module SubstanceLiveLink (352)
[2018.04.02-04.16.22:693][ 16]LogModuleManager: Shutting down and abandoning module SubstanceSource (350)
[2018.04.02-04.16.22:825][ 16]LogModuleManager: Shutting down and abandoning module SubstanceEditor (348)
[2018.04.02-04.16.22:860][ 16]LogModuleManager: Shutting down and abandoning module SteamVRController (346)
[2018.04.02-04.16.22:861][ 16]LogModuleManager: Shutting down and abandoning module ProceduralMeshComponentEditor (344)
[2018.04.02-04.16.22:861][ 16]LogModuleManager: Shutting down and abandoning module ProceduralMeshComponent (342)
[2018.04.02-04.16.22:861][ 16]LogModuleManager: Shutting down and abandoning module OculusInput (340)
[2018.04.02-04.16.22:861][ 16]LogModuleManager: Shutting down and abandoning module MobilePatchingUtils (338)
[2018.04.02-04.16.22:861][ 16]LogModuleManager: Shutting down and abandoning module CustomMeshComponent (336)
[2018.04.02-04.16.22:861][ 16]LogModuleManager: Shutting down and abandoning module CableComponent (334)
[2018.04.02-04.16.22:861][ 16]LogModuleManager: Shutting down and abandoning module ArchVisCharacter (332)
[2018.04.02-04.16.22:861][ 16]LogModuleManager: Shutting down and abandoning module AndroidPermission (330)
[2018.04.02-04.16.22:861][ 16]LogModuleManager: Shutting down and abandoning module ActorSequence (326)
[2018.04.02-04.16.22:861][ 16]LogModuleManager: Shutting down and abandoning module MediaPlayerEditor (324)
[2018.04.02-04.16.22:882][ 16]LogModuleManager: Shutting down and abandoning module MediaCompositingEditor (322)
[2018.04.02-04.16.22:883][ 16]LogModuleManager: Shutting down and abandoning module MediaCompositing (320)
[2018.04.02-04.16.22:883][ 16]LogModuleManager: Shutting down and abandoning module HTML5Networking (318)
[2018.04.02-04.16.22:883][ 16]LogModuleManager: Shutting down and abandoning module AlembicImporter (316)
[2018.04.02-04.16.22:895][ 16]LogModuleManager: Shutting down and abandoning module AlembicLibrary (315)
[2018.04.02-04.16.22:895][ 16]LogModuleManager: Shutting down and abandoning module GeometryCache (314)
[2018.04.02-04.16.22:895][ 16]LogModuleManager: Shutting down and abandoning module GeometryCacheEd (313)
[2018.04.02-04.16.22:896][ 16]LogModuleManager: Shutting down and abandoning module SpeedTreeImporter (308)
[2018.04.02-04.16.22:896][ 16]LogModuleManager: Shutting down and abandoning module PluginBrowser (306)
[2018.04.02-04.16.22:912][ 16]LogModuleManager: Shutting down and abandoning module MobileLauncherProfileWizard (304)
[2018.04.02-04.16.22:934][ 16]LogModuleManager: Shutting down and abandoning module VisualStudioSourceCodeAccess (302)
[2018.04.02-04.16.22:934][ 16]LogModuleManager: Shutting down and abandoning module VisualStudioCodeSourceCodeAccess (300)
[2018.04.02-04.16.22:934][ 16]LogModuleManager: Shutting down and abandoning module UObjectPlugin (298)
[2018.04.02-04.16.22:934][ 16]LogModuleManager: Shutting down and abandoning module SubversionSourceControl (296)
[2018.04.02-04.16.22:934][ 16]LogModuleManager: Shutting down and abandoning module PerforceSourceControl (294)
[2018.04.02-04.16.22:998][ 16]LogModuleManager: Shutting down and abandoning module GitSourceControl (292)
[2018.04.02-04.16.22:998][ 16]LogModuleManager: Shutting down and abandoning module SourceControl (291)
[2018.04.02-04.16.22:998][ 16]LogModuleManager: Shutting down and abandoning module LightPropagationVolumeEditor (288)
[2018.04.02-04.16.22:998][ 16]LogModuleManager: Shutting down and abandoning module PaperTiledImporter (286)
[2018.04.02-04.16.22:998][ 16]LogModuleManager: Shutting down and abandoning module PaperSpriteSheetImporter (284)
[2018.04.02-04.16.22:998][ 16]LogModuleManager: Shutting down and abandoning module Paper2DEditor (282)
[2018.04.02-04.16.23:017][ 16]LogModuleManager: Shutting down and abandoning module MeshPaint (281)
[2018.04.02-04.16.23:017][ 16]LogModuleManager: Shutting down and abandoning module LevelEditor (279)
[2018.04.02-04.16.23:019][ 16]LogModuleManager: Shutting down and abandoning module PixelInspectorModule (278)
[2018.04.02-04.16.23:019][ 16]LogModuleManager: Shutting down and abandoning module MainFrame (276)
[2018.04.02-04.16.23:019][ 16]LogModuleManager: Shutting down and abandoning module HotReload (275)
[2018.04.02-04.16.23:019][ 16]LogDirectoryWatcher: A directory notification for 'D:/Ari/Unreal Projects/FinalProject/Binaries/Win64' was aborted.
[2018.04.02-04.16.23:020][ 16]LogModuleManager: Shutting down and abandoning module RuntimePhysXCooking (270)
[2018.04.02-04.16.23:020][ 16]LogModuleManager: Shutting down and abandoning module PhysXVehiclesEditor (268)
[2018.04.02-04.16.23:020][ 16]LogModuleManager: Shutting down and abandoning module PhysXVehicles (266)
[2018.04.02-04.16.23:020][ 16]LogModuleManager: Shutting down and abandoning module OculusEditor (264)
[2018.04.02-04.16.23:020][ 16]LogModuleManager: Shutting down and abandoning module LocationServicesBPLibrary (262)
[2018.04.02-04.16.23:020][ 16]LogModuleManager: Shutting down and abandoning module ImmediatePhysicsEditor (260)
[2018.04.02-04.16.23:020][ 16]LogModuleManager: Shutting down and abandoning module ImmediatePhysics (258)
[2018.04.02-04.16.23:020][ 16]LogModuleManager: Shutting down and abandoning module UdpMessaging (256)
[2018.04.02-04.16.23:121][ 16]LogModuleManager: Shutting down and abandoning module TcpMessaging (254)
[2018.04.02-04.16.23:221][ 16]LogModuleManager: Shutting down and abandoning module SubstanceCore (252)
[2018.04.02-04.16.23:221][ 16]LogModuleManager: Shutting down and abandoning module GameplayTagsEditor (250)
[2018.04.02-04.16.23:221][ 16]LogModuleManager: Shutting down and abandoning module FacialAnimationEditor (248)
[2018.04.02-04.16.23:221][ 16]LogModuleManager: Shutting down and abandoning module FacialAnimation (246)
[2018.04.02-04.16.23:221][ 16]LogModuleManager: Shutting down and abandoning module AssetManagerEditor (244)
[2018.04.02-04.16.23:221][ 16]LogModuleManager: Shutting down and abandoning module GraphEditor (243)
[2018.04.02-04.16.23:389][ 16]LogModuleManager: Shutting down and abandoning module ContentBrowser (241)
[2018.04.02-04.16.23:390][ 16]LogModuleManager: Shutting down and abandoning module LightPropagationVolumeRuntime (238)
[2018.04.02-04.16.23:390][ 16]LogModuleManager: Shutting down and abandoning module Paper2D (236)
[2018.04.02-04.16.23:390][ 16]LogModuleManager: Shutting down and abandoning module WindowsMoviePlayer (234)
[2018.04.02-04.16.23:390][ 16]LogModuleManager: Shutting down and abandoning module WmfMedia (232)
[2018.04.02-04.16.23:449][ 16]LogModuleManager: Shutting down and abandoning module ImgMedia (230)
[2018.04.02-04.16.23:449][ 16]LogModuleManager: Shutting down and abandoning module PacketHandler (228)
[2018.04.02-04.16.23:449][ 16]LogModuleManager: Shutting down and abandoning module ClothingSystemEditor (226)
[2018.04.02-04.16.23:449][ 16]LogModuleManager: Shutting down and abandoning module ClothingSystemRuntime (224)
[2018.04.02-04.16.23:479][ 16]LogModuleManager: Shutting down and abandoning module MediaAssets (222)
[2018.04.02-04.16.23:479][ 16]LogModuleManager: Shutting down and abandoning module Media (221)
[2018.04.02-04.16.23:486][ 16]LogModuleManager: Shutting down and abandoning module Overlay (218)
[2018.04.02-04.16.23:486][ 16]LogModuleManager: Shutting down and abandoning module OverlayEditor (217)
[2018.04.02-04.16.23:486][ 16]LogModuleManager: Shutting down and abandoning module VREditor (214)
[2018.04.02-04.16.23:521][ 16]LogModuleManager: Shutting down and abandoning module StringTableEditor (212)
[2018.04.02-04.16.23:521][ 16]LogModuleManager: Shutting down and abandoning module GameplayTasksEditor (210)
[2018.04.02-04.16.23:521][ 16]LogModuleManager: Shutting down and abandoning module BehaviorTreeEditor (208)
[2018.04.02-04.16.23:559][ 16]LogModuleManager: Shutting down and abandoning module FunctionalTesting (206)
[2018.04.02-04.16.23:559][ 16]LogModuleManager: Shutting down and abandoning module CollisionAnalyzer (204)
[2018.04.02-04.16.23:559][ 16]LogModuleManager: Shutting down and abandoning module WorkspaceMenuStructure (203)
[2018.04.02-04.16.23:559][ 16]LogModuleManager: Shutting down and abandoning module UMG (200)
[2018.04.02-04.16.23:611][ 16]LogModuleManager: Shutting down and abandoning module UMGEditor (199)
[2018.04.02-04.16.23:635][ 16]LogModuleManager: Shutting down and abandoning module Sequencer (198)
[2018.04.02-04.16.23:716][ 16]LogModuleManager: Shutting down and abandoning module MessageLog (195)
[2018.04.02-04.16.23:716][ 16]LogModuleManager: Shutting down and abandoning module SlateReflector (190)
[2018.04.02-04.16.23:828][ 16]LogModuleManager: Shutting down and abandoning module Slate (188)
[2018.04.02-04.16.23:828][ 16]LogModuleManager: Shutting down and abandoning module EditorStyle (186)
[2018.04.02-04.16.23:830][ 16]LogModuleManager: Shutting down and abandoning module MRMesh (184)
[2018.04.02-04.16.23:830][ 16]LogModuleManager: Shutting down and abandoning module SourceCodeAccess (182)
[2018.04.02-04.16.23:830][ 16]LogModuleManager: Shutting down and abandoning module HeadMountedDisplay (180)
[2018.04.02-04.16.23:830][ 16]LogModuleManager: Shutting down and abandoning module XAudio2 (178)
[2018.04.02-04.16.23:830][ 16]LogModuleManager: Shutting down and abandoning module Networking (176)
[2018.04.02-04.16.23:830][ 16]LogModuleManager: Shutting down and abandoning module Core (172)
[2018.04.02-04.16.23:830][ 16]LogModuleManager: Shutting down and abandoning module LevelSequence (168)
[2018.04.02-04.16.23:830][ 16]LogModuleManager: Shutting down and abandoning module DirectoryWatcher (166)
[2018.04.02-04.16.23:831][ 16]LogModuleManager: Shutting down and abandoning module KismetCompiler (164)
[2018.04.02-04.16.23:831][ 16]LogModuleManager: Shutting down and abandoning module MeshUtilities (162)
[2018.04.02-04.16.23:859][ 16]LogModuleManager: Shutting down and abandoning module MeshMergeUtilities (161)
[2018.04.02-04.16.23:859][ 16]LogModuleManager: Shutting down and abandoning module MeshReductionInterface (160)
[2018.04.02-04.16.23:860][ 16]LogModuleManager: Shutting down and abandoning module SimplygonSwarm (159)
[2018.04.02-04.16.23:912][ 16]LogModuleManager: Shutting down and abandoning module SimplygonMeshReduction (157)
[2018.04.02-04.16.23:912][ 16]LogModuleManager: Shutting down and abandoning module QuadricMeshReduction (155)
[2018.04.02-04.16.23:912][ 16]LogModuleManager: Shutting down and abandoning module MaterialBaking (151)
[2018.04.02-04.16.23:912][ 16]LogModuleManager: Shutting down and abandoning module DerivedDataCache (148)
[2018.04.02-04.16.24:002][ 16]LogDerivedDataCache: Shutdown
[2018.04.02-04.16.24:002][ 16]LogModuleManager: Shutting down and abandoning module TargetPlatform (146)
[2018.04.02-04.16.24:002][ 16]LogModuleManager: Shutting down and abandoning module VulkanShaderFormat (145)
[2018.04.02-04.16.24:002][ 16]LogModuleManager: Shutting down and abandoning module ShaderFormatVectorVM (143)
[2018.04.02-04.16.24:062][ 16]LogModuleManager: Shutting down and abandoning module ShaderFormatOpenGL (141)
[2018.04.02-04.16.24:089][ 16]LogModuleManager: Shutting down and abandoning module ShaderFormatD3D (139)
[2018.04.02-04.16.24:089][ 16]LogModuleManager: Shutting down and abandoning module MetalShaderFormat (137)
[2018.04.02-04.16.24:116][ 16]LogModuleManager: Shutting down and abandoning module TextureFormatUncompressed (135)
[2018.04.02-04.16.24:116][ 16]LogModuleManager: Shutting down and abandoning module TextureFormatPVR (133)
[2018.04.02-04.16.24:116][ 16]LogModuleManager: Shutting down and abandoning module TextureFormatDXT (131)
[2018.04.02-04.16.24:116][ 16]LogModuleManager: Shutting down and abandoning module TextureFormatIntelISPCTexComp (129)
[2018.04.02-04.16.24:116][ 16]LogModuleManager: Shutting down and abandoning module TextureFormatASTC (127)
[2018.04.02-04.16.24:116][ 16]LogModuleManager: Shutting down and abandoning module ImageWrapper (126)
[2018.04.02-04.16.24:116][ 16]LogModuleManager: Shutting down and abandoning module TextureFormatAndroid (123)
[2018.04.02-04.16.24:116][ 16]LogModuleManager: Shutting down and abandoning module AudioFormatOpus (121)
[2018.04.02-04.16.24:116][ 16]LogModuleManager: Shutting down and abandoning module AudioFormatOgg (119)
[2018.04.02-04.16.24:116][ 16]LogModuleManager: Shutting down and abandoning module AudioFormatADPCM (117)
[2018.04.02-04.16.24:116][ 16]LogModuleManager: Shutting down and abandoning module LinuxTargetPlatform (115)
[2018.04.02-04.16.24:117][ 16]LogModuleManager: Shutting down and abandoning module LinuxServerTargetPlatform (113)
[2018.04.02-04.16.24:117][ 16]LogModuleManager: Shutting down and abandoning module LinuxNoEditorTargetPlatform (111)
[2018.04.02-04.16.24:117][ 16]LogModuleManager: Shutting down and abandoning module LinuxClientTargetPlatform (109)
[2018.04.02-04.16.24:117][ 16]LogModuleManager: Shutting down and abandoning module TVOSTargetPlatform (107)
[2018.04.02-04.16.24:117][ 16]LogModuleManager: Shutting down and abandoning module Messaging (105)
[2018.04.02-04.16.24:117][ 16]LogModuleManager: Shutting down and abandoning module IOSTargetPlatform (103)
[2018.04.02-04.16.24:117][ 16]LogModuleManager: Shutting down and abandoning module HTML5TargetPlatform (101)
[2018.04.02-04.16.24:117][ 16]LogModuleManager: Shutting down and abandoning module AndroidTargetPlatform (99)
[2018.04.02-04.16.24:117][ 16]LogModuleManager: Shutting down and abandoning module Android_PVRTCTargetPlatform (97)
[2018.04.02-04.16.24:117][ 16]LogModuleManager: Shutting down and abandoning module Android_MultiTargetPlatform (95)
[2018.04.02-04.16.24:117][ 16]LogModuleManager: Shutting down and abandoning module Android_ETC2TargetPlatform (93)
[2018.04.02-04.16.24:117][ 16]LogModuleManager: Shutting down and abandoning module Android_ETC1TargetPlatform (91)
[2018.04.02-04.16.24:117][ 16]LogModuleManager: Shutting down and abandoning module Android_DXTTargetPlatform (89)
[2018.04.02-04.16.24:117][ 16]LogModuleManager: Shutting down and abandoning module Android_ATCTargetPlatform (87)
[2018.04.02-04.16.24:117][ 16]LogModuleManager: Shutting down and abandoning module Android_ASTCTargetPlatform (85)
[2018.04.02-04.16.24:117][ 16]LogModuleManager: Shutting down and abandoning module WindowsTargetPlatform (83)
[2018.04.02-04.16.24:117][ 16]LogModuleManager: Shutting down and abandoning module WindowsServerTargetPlatform (81)
[2018.04.02-04.16.24:117][ 16]LogModuleManager: Shutting down and abandoning module WindowsNoEditorTargetPlatform (79)
[2018.04.02-04.16.24:117][ 16]LogModuleManager: Shutting down and abandoning module WindowsClientTargetPlatform (77)
[2018.04.02-04.16.24:117][ 16]LogModuleManager: Shutting down and abandoning module MacTargetPlatform (75)
[2018.04.02-04.16.24:117][ 16]LogModuleManager: Shutting down and abandoning module MacServerTargetPlatform (73)
[2018.04.02-04.16.24:117][ 16]LogModuleManager: Shutting down and abandoning module MacNoEditorTargetPlatform (71)
[2018.04.02-04.16.24:117][ 16]LogModuleManager: Shutting down and abandoning module MacClientTargetPlatform (69)
[2018.04.02-04.16.24:117][ 16]LogModuleManager: Shutting down and abandoning module AllDesktopTargetPlatform (67)
[2018.04.02-04.16.24:117][ 16]LogModuleManager: Shutting down and abandoning module InputCore (64)
[2018.04.02-04.16.24:117][ 16]LogModuleManager: Shutting down and abandoning module Settings (62)
[2018.04.02-04.16.24:117][ 16]LogModuleManager: Shutting down and abandoning module PhysXCooking (60)
[2018.04.02-04.16.24:117][ 16]LogModuleManager: Shutting down and abandoning module SteamVR (58)
[2018.04.02-04.16.24:117][ 16]LogModuleManager: Shutting down and abandoning module OculusHMD (56)
[2018.04.02-04.16.24:117][ 16]LogModuleManager: Shutting down and abandoning module ExampleDeviceProfileSelector (54)
[2018.04.02-04.16.24:117][ 16]LogModuleManager: Shutting down and abandoning module AppleARKit (52)
[2018.04.02-04.16.24:117][ 16]LogModuleManager: Shutting down and abandoning module AugmentedReality (51)
[2018.04.02-04.16.24:117][ 16]LogModuleManager: Shutting down and abandoning module OnlineBlueprintSupport (48)
[2018.04.02-04.16.24:117][ 16]LogModuleManager: Shutting down and abandoning module OnlineSubsystem (44)
[2018.04.02-04.16.24:170][ 16]LogModuleManager: Shutting down and abandoning module XMPP (43)
[2018.04.02-04.16.24:201][ 16]LogModuleManager: Shutting down and abandoning module HTTP (41)
[2018.04.02-04.16.24:201][ 16]LogHttp: Display: Http module shutting down, but needs to wait on 1 outstanding Http requests:
[2018.04.02-04.16.24:246][ 16]LogHttp: Display: 	verb=[POST] url=[https://datarouter.ol.epicgames.com/datarouter/api/v1/public/data?SessionID=%7B76ECCA5F-4FE9-E48D-FB74-3686958CF5FD%7D&AppID=UEEditor.Rocket.Release&AppVersion=4.18.3-3832480%2B%2B%2BUE4%2BRelease-4.18&UserID=5712ad7f45d9e96aa4003a820469c188%7C0484f503dfd84142907b84d36f52f0e9%7Cf755e3a6-1554-4250-9085-c3a0509afc01&AppEnvironment=datacollector-binary&UploadType=eteventstream] status=Processing
[2018.04.02-04.16.24:276][ 16]LogModuleManager: Shutting down and abandoning module SSL (40)
[2018.04.02-04.16.24:278][ 16]LogModuleManager: Shutting down and abandoning module AnimationModifiers (36)
[2018.04.02-04.16.24:278][ 16]LogModuleManager: Shutting down and abandoning module PropertyEditor (35)
[2018.04.02-04.16.24:278][ 16]LogModuleManager: Shutting down and abandoning module AudioEditor (32)
[2018.04.02-04.16.24:309][ 16]LogModuleManager: Shutting down and abandoning module TextureCompressor (30)
[2018.04.02-04.16.24:333][ 16]LogModuleManager: Shutting down and abandoning module ShaderCore (28)
[2018.04.02-04.16.24:333][ 16]LogModuleManager: Shutting down and abandoning module Landscape (26)
[2018.04.02-04.16.24:333][ 16]LogModuleManager: Shutting down and abandoning module SlateRHIRenderer (24)
[2018.04.02-04.16.24:359][ 16]LogModuleManager: Shutting down and abandoning module OpenGLDrv (22)
[2018.04.02-04.16.24:500][ 16]LogModuleManager: Shutting down and abandoning module D3D11RHI (20)
[2018.04.02-04.16.24:500][ 16]LogModuleManager: Shutting down and abandoning module AnimGraphRuntime (18)
[2018.04.02-04.16.24:501][ 16]LogModuleManager: Shutting down and abandoning module Renderer (16)
[2018.04.02-04.16.24:501][ 16]LogModuleManager: Shutting down and abandoning module Engine (14)
[2018.04.02-04.16.24:501][ 16]LogModuleManager: Shutting down and abandoning module CoreUObject (12)
[2018.04.02-04.16.24:501][ 16]LogModuleManager: Shutting down and abandoning module NetworkFile (10)
[2018.04.02-04.16.24:501][ 16]LogModuleManager: Shutting down and abandoning module CookedIterativeFile (8)
[2018.04.02-04.16.24:501][ 16]LogModuleManager: Shutting down and abandoning module StreamingFile (6)
[2018.04.02-04.16.24:501][ 16]LogModuleManager: Shutting down and abandoning module SandboxFile (4)
[2018.04.02-04.16.24:501][ 16]LogModuleManager: Shutting down and abandoning module PakFile (2)
[2018.04.02-04.16.24:505][ 16]LogExit: Exiting.
[2018.04.02-04.16.24:535][ 16]Log file closed, 04/02/18 13:16:24
