Log file open, 02/08/18 17:56:53
LogWindows: Failed to load 'aqProf.dll' (GetLastError=126)
LogWindows: File 'aqProf.dll' does not exist
LogWindows: Failed to load 'VtuneApi.dll' (GetLastError=126)
LogWindows: File 'VtuneApi.dll' does not exist
LogWindows: Failed to load 'VtuneApi32e.dll' (GetLastError=126)
LogWindows: File 'VtuneApi32e.dll' does not exist
LogInit: Display: Running engine for game: FinalProject
LogPlatformFile: Not using cached read wrapper
LogInit: Display: RandInit(-1211585251) SRandInit(-1211585251).
LogInit: Read version file with build ID '3709383'
LogInit: Overriding engine version to CL 3832480, compatible CL 3709383
LogInit: Registered custom module enumerator with build ID '3709383'
LogTaskGraph: Started task graph with 5 named threads and 14 total threads with 3 sets of task threads.
LogStats: Stats thread started at 0.242227
LogD3D11RHI: Aftermath initialized
LogModuleManager: Display: Found up-to-date module file ../../../Engine/Plugins/2D/Paper2D/Binaries/Win64/UE4Editor-Paper2D.dll (API version 3709383).
LogModuleManager: Display: Found up-to-date module file ../../../Engine/Plugins/2D/Paper2D/Binaries/Win64/UE4Editor-Paper2DEditor.dll (API version 3709383).
LogModuleManager: Display: Found up-to-date module file ../../../Engine/Plugins/2D/Paper2D/Binaries/Win64/UE4Editor-PaperSpriteSheetImporter.dll (API version 3709383).
LogModuleManager: Display: Found up-to-date module file ../../../Engine/Plugins/2D/Paper2D/Binaries/Win64/UE4Editor-PaperTiledImporter.dll (API version 3709383).
LogModuleManager: Display: Found up-to-date module file ../../../Engine/Plugins/2D/Paper2D/Binaries/Win64/UE4Editor-SmartSnapping.dll (API version 3709383).
LogModuleManager: Display: Found up-to-date module file ../../../Engine/Plugins/Blendables/LightPropagationVolume/Binaries/Win64/UE4Editor-LightPropagationVolumeRuntime.dll (API version 3709383).
LogModuleManager: Display: Found up-to-date module file ../../../Engine/Plugins/Blendables/LightPropagationVolume/Binaries/Win64/UE4Editor-LightPropagationVolumeEditor.dll (API version 3709383).
LogModuleManager: Display: Found up-to-date module file ../../../Engine/Plugins/Developer/GitSourceControl/Binaries/Win64/UE4Editor-GitSourceControl.dll (API version 3709383).
LogModuleManager: Display: Found up-to-date module file ../../../Engine/Plugins/Developer/PerforceSourceControl/Binaries/Win64/UE4Editor-PerforceSourceControl.dll (API version 3709383).
LogModuleManager: Display: Found up-to-date module file ../../../Engine/Plugins/Developer/SubversionSourceControl/Binaries/Win64/UE4Editor-SubversionSourceControl.dll (API version 3709383).
LogModuleManager: Display: Found up-to-date module file ../../../Engine/Plugins/Developer/UObjectPlugin/Binaries/Win64/UE4Editor-UObjectPlugin.dll (API version 3709383).
LogModuleManager: Display: Found up-to-date module file ../../../Engine/Plugins/Developer/VisualStudioCodeSourceCodeAccess/Binaries/Win64/UE4Editor-VisualStudioCodeSourceCodeAccess.dll (API version 3709383).
LogModuleManager: Display: Found up-to-date module file ../../../Engine/Plugins/Developer/VisualStudioSourceCodeAccess/Binaries/Win64/UE4Editor-VisualStudioSourceCodeAccess.dll (API version 3709383).
LogModuleManager: Display: Found up-to-date module file ../../../Engine/Plugins/Editor/AssetManagerEditor/Binaries/Win64/UE4Editor-AssetManagerEditor.dll (API version 3709383).
LogModuleManager: Display: Found up-to-date module file ../../../Engine/Plugins/Editor/AudioCapture/Binaries/Win64/UE4Editor-AudioCapture.dll (API version 3709383).
LogModuleManager: Display: Found up-to-date module file ../../../Engine/Plugins/Editor/FacialAnimation/Binaries/Win64/UE4Editor-FacialAnimation.dll (API version 3709383).
LogModuleManager: Display: Found up-to-date module file ../../../Engine/Plugins/Editor/FacialAnimation/Binaries/Win64/UE4Editor-FacialAnimationEditor.dll (API version 3709383).
LogModuleManager: Display: Found up-to-date module file ../../../Engine/Plugins/Editor/GameplayTagsEditor/Binaries/Win64/UE4Editor-GameplayTagsEditor.dll (API version 3709383).
LogModuleManager: Display: Found up-to-date module file ../../../Engine/Plugins/Editor/MobileLauncherProfileWizard/Binaries/Win64/UE4Editor-MobileLauncherProfileWizard.dll (API version 3709383).
LogModuleManager: Display: Found up-to-date module file ../../../Engine/Plugins/Editor/PluginBrowser/Binaries/Win64/UE4Editor-PluginBrowser.dll (API version 3709383).
LogModuleManager: Display: Found up-to-date module file ../../../Engine/Plugins/Editor/SpeedTreeImporter/Binaries/Win64/UE4Editor-SpeedTreeImporter.dll (API version 3709383).
LogModuleManager: Display: Found up-to-date module file ../../../Engine/Plugins/Experimental/AlembicImporter/Binaries/Win64/UE4Editor-AlembicImporter.dll (API version 3709383).
LogModuleManager: Display: Found up-to-date module file ../../../Engine/Plugins/Experimental/AlembicImporter/Binaries/Win64/UE4Editor-AlembicLibrary.dll (API version 3709383).
LogModuleManager: Display: Found up-to-date module file ../../../Engine/Plugins/Experimental/CharacterAI/Binaries/Win64/UE4Editor-CharacterAI.dll (API version 3709383).
LogModuleManager: Display: Found up-to-date module file ../../../Engine/Plugins/Experimental/HTML5Networking/Binaries/Win64/UE4Editor-HTML5Networking.dll (API version 3709383).
LogModuleManager: Display: Found up-to-date module file ../../../Engine/Plugins/Media/AndroidMedia/Binaries/Win64/UE4Editor-AndroidMediaEditor.dll (API version 3709383).
LogModuleManager: Display: Found up-to-date module file ../../../Engine/Plugins/Media/AndroidMedia/Binaries/Win64/UE4Editor-AndroidMediaFactory.dll (API version 3709383).
LogModuleManager: Display: Found up-to-date module file ../../../Engine/Plugins/Media/AvfMedia/Binaries/Win64/UE4Editor-AvfMediaEditor.dll (API version 3709383).
LogModuleManager: Display: Found up-to-date module file ../../../Engine/Plugins/Media/AvfMedia/Binaries/Win64/UE4Editor-AvfMediaFactory.dll (API version 3709383).
LogModuleManager: Display: Found up-to-date module file ../../../Engine/Plugins/Media/AvfMedia/Binaries/Win64/UE4Editor-AvfMediaFactory.dll (API version 3709383).
LogModuleManager: Display: Found up-to-date module file ../../../Engine/Plugins/Media/ImgMedia/Binaries/Win64/UE4Editor-ImgMedia.dll (API version 3709383).
LogModuleManager: Display: Found up-to-date module file ../../../Engine/Plugins/Media/ImgMedia/Binaries/Win64/UE4Editor-ImgMediaEditor.dll (API version 3709383).
LogModuleManager: Display: Found up-to-date module file ../../../Engine/Plugins/Media/ImgMedia/Binaries/Win64/UE4Editor-ImgMediaFactory.dll (API version 3709383).
LogModuleManager: Display: Found up-to-date module file ../../../Engine/Plugins/Media/ImgMedia/Binaries/Win64/UE4Editor-ImgMediaFactory.dll (API version 3709383).
LogModuleManager: Display: Found up-to-date module file ../../../Engine/Plugins/Media/ImgMedia/Binaries/Win64/UE4Editor-OpenExrWrapper.dll (API version 3709383).
LogModuleManager: Display: Found up-to-date module file ../../../Engine/Plugins/Media/MediaCompositing/Binaries/Win64/UE4Editor-MediaCompositing.dll (API version 3709383).
LogModuleManager: Display: Found up-to-date module file ../../../Engine/Plugins/Media/MediaCompositing/Binaries/Win64/UE4Editor-MediaCompositingEditor.dll (API version 3709383).
LogModuleManager: Display: Found up-to-date module file ../../../Engine/Plugins/Media/MediaPlayerEditor/Binaries/Win64/UE4Editor-MediaPlayerEditor.dll (API version 3709383).
LogModuleManager: Display: Found up-to-date module file ../../../Engine/Plugins/Media/WmfMedia/Binaries/Win64/UE4Editor-WmfMedia.dll (API version 3709383).
LogModuleManager: Display: Found up-to-date module file ../../../Engine/Plugins/Media/WmfMedia/Binaries/Win64/UE4Editor-WmfMediaEditor.dll (API version 3709383).
LogModuleManager: Display: Found up-to-date module file ../../../Engine/Plugins/Media/WmfMedia/Binaries/Win64/UE4Editor-WmfMediaFactory.dll (API version 3709383).
LogModuleManager: Display: Found up-to-date module file ../../../Engine/Plugins/Media/WmfMedia/Binaries/Win64/UE4Editor-WmfMediaFactory.dll (API version 3709383).
LogModuleManager: Display: Found up-to-date module file ../../../Engine/Plugins/Messaging/TcpMessaging/Binaries/Win64/UE4Editor-TcpMessaging.dll (API version 3709383).
LogModuleManager: Display: Found up-to-date module file ../../../Engine/Plugins/Messaging/UdpMessaging/Binaries/Win64/UE4Editor-UdpMessaging.dll (API version 3709383).
LogModuleManager: Display: Found up-to-date module file ../../../Engine/Plugins/MovieScene/ActorSequence/Binaries/Win64/UE4Editor-ActorSequence.dll (API version 3709383).
LogModuleManager: Display: Found up-to-date module file ../../../Engine/Plugins/MovieScene/LevelSequenceEditor/Binaries/Win64/UE4Editor-LevelSequenceEditor.dll (API version 3709383).
LogModuleManager: Display: Found up-to-date module file ../../../Engine/Plugins/MovieScene/MatineeToLevelSequence/Binaries/Win64/UE4Editor-MatineeToLevelSequence.dll (API version 3709383).
LogModuleManager: Display: Found up-to-date module file ../../../Engine/Plugins/Online/OnlineSubsystem/Binaries/Win64/UE4Editor-OnlineSubsystem.dll (API version 3709383).
LogModuleManager: Display: Found up-to-date module file ../../../Engine/Plugins/Runtime/AndroidPermission/Binaries/Win64/UE4Editor-AndroidPermission.dll (API version 3709383).
LogModuleManager: Display: Found up-to-date module file ../../../Engine/Plugins/Online/OnlineSubsystemNull/Binaries/Win64/UE4Editor-OnlineSubsystemNull.dll (API version 3709383).
LogModuleManager: Display: Found up-to-date module file ../../../Engine/Plugins/Online/OnlineSubsystemUtils/Binaries/Win64/UE4Editor-OnlineSubsystemUtils.dll (API version 3709383).
LogModuleManager: Display: Found up-to-date module file ../../../Engine/Plugins/Online/OnlineSubsystemUtils/Binaries/Win64/UE4Editor-OnlineBlueprintSupport.dll (API version 3709383).
LogModuleManager: Display: Found up-to-date module file ../../../Engine/Plugins/Runtime/AndroidDeviceProfileSelector/Binaries/Win64/UE4Editor-AndroidDeviceProfileSelector.dll (API version 3709383).
LogModuleManager: Display: Found up-to-date module file ../../../Engine/Plugins/Runtime/AppleARKit/Binaries/Win64/UE4Editor-AppleARKit.dll (API version 3709383).
LogModuleManager: Display: Found up-to-date module file ../../../Engine/Plugins/Runtime/ArchVisCharacter/Binaries/Win64/UE4Editor-ArchVisCharacter.dll (API version 3709383).
LogModuleManager: Display: Found up-to-date module file ../../../Engine/Plugins/Runtime/CableComponent/Binaries/Win64/UE4Editor-CableComponent.dll (API version 3709383).
LogModuleManager: Display: Found up-to-date module file ../../../Engine/Plugins/Runtime/CustomMeshComponent/Binaries/Win64/UE4Editor-CustomMeshComponent.dll (API version 3709383).
LogModuleManager: Display: Found up-to-date module file ../../../Engine/Plugins/Runtime/ExampleDeviceProfileSelector/Binaries/Win64/UE4Editor-ExampleDeviceProfileSelector.dll (API version 3709383).
LogModuleManager: Display: Found up-to-date module file ../../../Engine/Plugins/Runtime/ImmediatePhysics/Binaries/Win64/UE4Editor-ImmediatePhysics.dll (API version 3709383).
LogModuleManager: Display: Found up-to-date module file ../../../Engine/Plugins/Runtime/ImmediatePhysics/Binaries/Win64/UE4Editor-ImmediatePhysicsEditor.dll (API version 3709383).
LogModuleManager: Display: Found up-to-date module file ../../../Engine/Plugins/Runtime/LocationServicesBPLibrary/Binaries/Win64/UE4Editor-LocationServicesBPLibrary.dll (API version 3709383).
LogModuleManager: Display: Found up-to-date module file ../../../Engine/Plugins/Runtime/MobilePatchingUtils/Binaries/Win64/UE4Editor-MobilePatchingUtils.dll (API version 3709383).
LogModuleManager: Display: Found up-to-date module file ../../../Engine/Plugins/Runtime/Oculus/OculusVR/Binaries/Win64/UE4Editor-OculusHMD.dll (API version 3709383).
LogModuleManager: Display: Found up-to-date module file ../../../Engine/Plugins/Runtime/Oculus/OculusVR/Binaries/Win64/UE4Editor-OculusInput.dll (API version 3709383).
LogModuleManager: Display: Found up-to-date module file ../../../Engine/Plugins/Runtime/Oculus/OculusVR/Binaries/Win64/UE4Editor-OculusEditor.dll (API version 3709383).
LogModuleManager: Display: Found up-to-date module file ../../../Engine/Plugins/Runtime/PhysXVehicles/Binaries/Win64/UE4Editor-PhysXVehicles.dll (API version 3709383).
LogModuleManager: Display: Found up-to-date module file ../../../Engine/Plugins/Runtime/PhysXVehicles/Binaries/Win64/UE4Editor-PhysXVehiclesEditor.dll (API version 3709383).
LogModuleManager: Display: Found up-to-date module file ../../../Engine/Plugins/Runtime/ProceduralMeshComponent/Binaries/Win64/UE4Editor-ProceduralMeshComponent.dll (API version 3709383).
LogModuleManager: Display: Found up-to-date module file ../../../Engine/Plugins/Runtime/ProceduralMeshComponent/Binaries/Win64/UE4Editor-ProceduralMeshComponentEditor.dll (API version 3709383).
LogModuleManager: Display: Found up-to-date module file ../../../Engine/Plugins/Runtime/RuntimePhysXCooking/Binaries/Win64/UE4Editor-RuntimePhysXCooking.dll (API version 3709383).
LogModuleManager: Display: Found up-to-date module file ../../../Engine/Plugins/Runtime/Steam/SteamVR/Binaries/Win64/UE4Editor-SteamVR.dll (API version 3709383).
LogModuleManager: Display: Found up-to-date module file ../../../Engine/Plugins/Runtime/Steam/SteamVR/Binaries/Win64/UE4Editor-SteamVRController.dll (API version 3709383).
LogModuleManager: Display: Found up-to-date module file ../../../Engine/Plugins/Runtime/WindowsMoviePlayer/Binaries/Win64/UE4Editor-WindowsMoviePlayer.dll (API version 3709383).
LogPluginManager: Mounting plugin Paper2D
LogPluginManager: Mounting plugin LightPropagationVolume
LogPluginManager: Mounting plugin CodeLiteSourceCodeAccess
LogPluginManager: Mounting plugin GitSourceControl
LogPluginManager: Mounting plugin KDevelopSourceCodeAccess
LogPluginManager: Mounting plugin NullSourceCodeAccess
LogPluginManager: Mounting plugin PerforceSourceControl
LogPluginManager: Mounting plugin SubversionSourceControl
LogPluginManager: Mounting plugin UObjectPlugin
LogPluginManager: Mounting plugin VisualStudioCodeSourceCodeAccess
LogPluginManager: Mounting plugin VisualStudioSourceCodeAccess
LogPluginManager: Mounting plugin XCodeSourceCodeAccess
LogPluginManager: Mounting plugin AssetManagerEditor
LogPluginManager: Mounting plugin AudioCapture
LogPluginManager: Mounting plugin FacialAnimation
LogPluginManager: Mounting plugin GameplayTagsEditor
LogPluginManager: Mounting plugin MobileLauncherProfileWizard
LogPluginManager: Mounting plugin PluginBrowser
LogPluginManager: Mounting plugin SpeedTreeImporter
LogPluginManager: Mounting plugin AlembicImporter
LogPluginManager: Mounting plugin CharacterAI
LogPluginManager: Mounting plugin HTML5Networking
LogPluginManager: Mounting plugin AndroidMedia
LogPluginManager: Mounting plugin AvfMedia
LogPluginManager: Mounting plugin ImgMedia
LogPluginManager: Mounting plugin MediaCompositing
LogPluginManager: Mounting plugin MediaPlayerEditor
LogPluginManager: Mounting plugin WmfMedia
LogPluginManager: Mounting plugin TcpMessaging
LogPluginManager: Mounting plugin UdpMessaging
LogPluginManager: Mounting plugin ActorSequence
LogPluginManager: Mounting plugin LevelSequenceEditor
LogPluginManager: Mounting plugin MatineeToLevelSequence
LogPluginManager: Mounting plugin OnlineSubsystemGooglePlay
LogPluginManager: Mounting plugin OnlineSubsystemIOS
LogPluginManager: Mounting plugin OnlineSubsystem
LogPluginManager: Mounting plugin OnlineSubsystemNull
LogPluginManager: Mounting plugin OnlineSubsystemUtils
LogPluginManager: Mounting plugin AndroidDeviceProfileSelector
LogPluginManager: Mounting plugin AndroidMoviePlayer
LogPluginManager: Mounting plugin AndroidPermission
LogPluginManager: Mounting plugin AppleARKit
LogPluginManager: Mounting plugin AppleMoviePlayer
LogPluginManager: Mounting plugin ArchVisCharacter
LogPluginManager: Mounting plugin CableComponent
LogPluginManager: Mounting plugin CustomMeshComponent
LogPluginManager: Mounting plugin ExampleDeviceProfileSelector
LogPluginManager: Mounting plugin GoogleCloudMessaging
LogPluginManager: Mounting plugin ImmediatePhysics
LogPluginManager: Mounting plugin IOSDeviceProfileSelector
LogPluginManager: Mounting plugin LinuxDeviceProfileSelector
LogPluginManager: Mounting plugin LocationServicesBPLibrary
LogPluginManager: Mounting plugin MobilePatchingUtils
LogPluginManager: Mounting plugin OculusVR
LogPluginManager: Plugin shader directory ../../../Engine/Plugins/Runtime/Oculus/OculusVR/Shaders found
LogPluginManager: Mapping shader source directory ../../../Engine/Plugins/Runtime/Oculus/OculusVR/Shaders to virtual directory /Plugin/OculusVR
LogPluginManager: Mounting plugin PhysXVehicles
LogPluginManager: Mounting plugin ProceduralMeshComponent
LogPluginManager: Mounting plugin RuntimePhysXCooking
LogPluginManager: Mounting plugin SteamVR
LogPluginManager: Mounting plugin WindowsMoviePlayer
LogInit: Using libcurl 7.47.1
LogInit:  - built for x86_64-pc-win32
LogInit:  - supports SSL with OpenSSL/1.0.2g
LogInit:  - supports HTTP deflate (compression) using libz 1.2.8
LogInit:  - other features:
LogInit:      CURL_VERSION_SSL
LogInit:      CURL_VERSION_LIBZ
LogInit:      CURL_VERSION_IPV6
LogInit:      CURL_VERSION_ASYNCHDNS
LogInit:      CURL_VERSION_LARGEFILE
LogInit:      CURL_VERSION_IDN
LogInit:  CurlRequestOptions (configurable via config and command line):
LogInit:  - bVerifyPeer = false  - Libcurl will NOT verify peer certificate
LogInit:  - bUseHttpProxy = false  - Libcurl will NOT use HTTP proxy
LogInit:  - bDontReuseConnections = false  - Libcurl will reuse connections
LogInit:  - CertBundlePath = nullptr  - Libcurl will use whatever was configured at build time.
LogInit: Build: ++UE4+Release-4.18-CL-3832480
LogInit: Engine Version: 4.18.3-3832480+++UE4+Release-4.18
LogInit: Compatible Engine Version: 4.18.0-3709383+++UE4+Release-4.18
LogInit: Net CL: 3709383
LogDevObjectVersion: Number of dev versions registered: 16
LogDevObjectVersion:   Dev-Blueprints (B0D832E4-1F89-4F0D-ACCF-7EB736FD4AA2): 10
LogDevObjectVersion:   Dev-Build (E1C64328-A22C-4D53-A36C-8E866417BD8C): 0
LogDevObjectVersion:   Dev-Core (375EC13C-06E4-48FB-B500-84F0262A717E): 2
LogDevObjectVersion:   Dev-Editor (E4B068ED-F494-42E9-A231-DA0B2E46BB41): 20
LogDevObjectVersion:   Dev-Framework (CFFC743F-43B0-4480-9391-14DF171D2073): 30
LogDevObjectVersion:   Dev-Mobile (B02B49B5-BB20-44E9-A304-32B752E40360): 0
LogDevObjectVersion:   Dev-Networking (A4E4105C-59A1-49B5-A7C5-40C4547EDFEE): 0
LogDevObjectVersion:   Dev-Online (39C831C9-5AE6-47DC-9A44-9C173E1C8E7C): 0
LogDevObjectVersion:   Dev-Physics (78F01B33-EBEA-4F98-B9B4-84EACCB95AA2): 0
LogDevObjectVersion:   Dev-Platform (6631380F-2D4D-43E0-8009-CF276956A95A): 0
LogDevObjectVersion:   Dev-Rendering (12F88B9F-8875-4AFC-A67C-D90C383ABD29): 20
LogDevObjectVersion:   Dev-Sequencer (7B5AE74C-D270-4C10-A958-57980B212A5A): 4
LogDevObjectVersion:   Dev-VR (D7296918-1DD6-4BDD-9DE2-64A83CC13884): 0
LogDevObjectVersion:   Dev-LoadTimes (C2A15278-BFE7-4AFE-6C17-90FF531DF755): 1
LogDevObjectVersion:   Private-Geometry (6EACA3D4-40EC-4CC1-B786-8BED09428FC5): 1
LogDevObjectVersion:   Dev-AnimPhys (29E575DD-E0A3-4627-9D10-D276232CDCEA): 12
LogInit: Compiled (64-bit): Jan 12 2018 02:04:55
LogInit: Compiled with Visual C++: 19.00.24215.01
LogInit: Build Configuration: Development
LogInit: Branch Name: ++UE4+Release-4.18
LogInit: Command line:  
LogInit: Base directory: D:/Ari/Program Files/UE_4.18/Engine/Binaries/Win64/
LogInit: Installed Engine Build: 1
LogInit: Presizing for max 8388607 objects, including 0 objects not considered by GC, pre-allocating 0 bytes for permanent pool.
LogInit: Object subsystem initialized
[2018.02.08-08.56.58:136][  0]LogInit: Selected Device Profile: [Windows]
[2018.02.08-08.56.58:136][  0]LogInit: Applying CVar settings loaded from the selected device profile: [Windows]
[2018.02.08-08.56.58:198][  0]LogInit: Computer: JAEBUM-PC
[2018.02.08-08.56.58:198][  0]LogInit: User: ar981
[2018.02.08-08.56.58:198][  0]LogInit: CPU Page size=4096, Cores=4
[2018.02.08-08.56.58:198][  0]LogInit: High frequency timer resolution =2.435779 MHz
[2018.02.08-08.56.58:199][  0]LogMemory: Memory total: Physical=7.9GB (8GB approx)
[2018.02.08-08.56.58:199][  0]LogMemory: Platform Memory Stats for Windows
[2018.02.08-08.56.58:199][  0]LogMemory: Process Physical Memory: 274.00 MB used, 274.00 MB peak
[2018.02.08-08.56.58:199][  0]LogMemory: Process Virtual Memory: 269.79 MB used, 269.79 MB peak
[2018.02.08-08.56.58:199][  0]LogMemory: Physical Memory: 4607.61 MB used,  3463.32 MB free, 8070.93 MB total
[2018.02.08-08.56.58:199][  0]LogMemory: Virtual Memory: 663.16 MB used,  3463.32 MB free, 134217728.00 MB total
[2018.02.08-08.56.58:698][  0]LogInit: Using OS detected language (ko-KR).
[2018.02.08-08.56.58:698][  0]LogInit: Using OS detected locale (ko-KR).
[2018.02.08-08.56.58:772][  0]LogTextLocalizationManager: No specific localization for 'ko-KR' exists, so the 'ko' localization will be used.
[2018.02.08-08.56.59:159][  0]LogInit: Setting process to per monitor DPI aware
[2018.02.08-08.57.00:290][  0]LogD3D11RHI: D3D11 adapters:
[2018.02.08-08.57.00:365][  0]LogD3D11RHI:    0. 'NVIDIA GeForce GTX 850M' (Feature Level 11_0)
[2018.02.08-08.57.00:365][  0]LogD3D11RHI:       2019/0/4035 MB DedicatedVideo/DedicatedSystem/SharedSystem, Outputs:1, VendorId:0x10de
[2018.02.08-08.57.00:374][  0]LogD3D11RHI:    1. 'Intel(R) HD Graphics 4600' (Feature Level 11_0)
[2018.02.08-08.57.00:374][  0]LogD3D11RHI:       112/0/2048 MB DedicatedVideo/DedicatedSystem/SharedSystem, Outputs:0, VendorId:0x8086
[2018.02.08-08.57.00:427][  0]LogD3D11RHI:    2. 'Microsoft Basic Render Driver' (Feature Level 11_0)
[2018.02.08-08.57.00:427][  0]LogD3D11RHI:       0/0/4035 MB DedicatedVideo/DedicatedSystem/SharedSystem, Outputs:0, VendorId:0x1414
[2018.02.08-08.57.00:427][  0]LogD3D11RHI: Chosen D3D11 Adapter: 0
[2018.02.08-08.57.00:443][  0]LogD3D11RHI: Creating new Direct3DDevice
[2018.02.08-08.57.00:443][  0]LogD3D11RHI:     GPU DeviceId: 0x1391 (for the marketing name, search the web for "GPU Device Id")
[2018.02.08-08.57.00:443][  0]LogWindows: EnumDisplayDevices:
[2018.02.08-08.57.00:443][  0]LogWindows:    0. 'Intel(R) HD Graphics 4600' (P:1 D:1)
[2018.02.08-08.57.00:444][  0]LogWindows:    1. 'Intel(R) HD Graphics 4600' (P:0 D:0)
[2018.02.08-08.57.00:444][  0]LogWindows:    2. 'Intel(R) HD Graphics 4600' (P:0 D:0)
[2018.02.08-08.57.00:444][  0]LogWindows: DebugString: GetVideoDriverDetailsInvalid PrimaryIsNotTheChoosenAdapter GetVideoDriverDetailsInvalid PrimaryIsNotTheChoosenAdapter GetVideoDriverDetailsInvalid PrimaryIsNotTheChoosenAdapter FoundDriverCount:0 
[2018.02.08-08.57.00:444][  0]LogD3D11RHI:     Adapter Name: NVIDIA GeForce GTX 850M
[2018.02.08-08.57.00:444][  0]LogD3D11RHI:   Driver Version: Unknown (internal:Unknown, unified:Unknown)
[2018.02.08-08.57.00:444][  0]LogD3D11RHI:      Driver Date: Unknown
[2018.02.08-08.57.00:444][  0]LogRHI: Texture pool is 1413 MB (70% of 2019 MB)
[2018.02.08-08.57.00:489][  0]LogD3D11RHI: Async texture creation enabled
[2018.02.08-08.57.00:511][  0]LogD3D11RHI: GPU Timing Frequency: 1000.000000 (Debug: 2 1)
[2018.02.08-08.57.00:512][  0]LogShaderCompilers: Guid format shader working directory is 2 characters bigger than the processId version (../../../../../Unreal Projects/FinalProject/Intermediate/Shaders/WorkingDirectory/14024/).
[2018.02.08-08.57.00:513][  0]LogShaderCompilers: Cleaned the shader compiler working directory 'C:/Users/ar981/AppData/Local/Temp/UnrealShaderWorkingDir/6230B1AE47249E444886CC8588FC73F9/'.
[2018.02.08-08.57.00:513][  0]LogShaderCompilers: Display: Using Local Shader Compiler.
[2018.02.08-08.57.05:045][  0]LogTemp: Display: Loaded TP AllDesktopTargetPlatform
[2018.02.08-08.57.05:122][  0]LogTemp: Display: Loaded TP MacClientTargetPlatform
[2018.02.08-08.57.05:188][  0]LogTemp: Display: Loaded TP MacNoEditorTargetPlatform
[2018.02.08-08.57.05:257][  0]LogTemp: Display: Loaded TP MacServerTargetPlatform
[2018.02.08-08.57.05:333][  0]LogTemp: Display: Loaded TP MacTargetPlatform
[2018.02.08-08.57.05:410][  0]LogTemp: Display: Loaded TP WindowsClientTargetPlatform
[2018.02.08-08.57.05:480][  0]LogTemp: Display: Loaded TP WindowsNoEditorTargetPlatform
[2018.02.08-08.57.05:547][  0]LogTemp: Display: Loaded TP WindowsServerTargetPlatform
[2018.02.08-08.57.05:625][  0]LogTemp: Display: Loaded TP WindowsTargetPlatform
[2018.02.08-08.57.06:011][  0]LogTemp: Display: Loaded TP Android_ASTCTargetPlatform
[2018.02.08-08.57.06:113][  0]LogTemp: Display: Loaded TP Android_ATCTargetPlatform
[2018.02.08-08.57.06:190][  0]LogTemp: Display: Loaded TP Android_DXTTargetPlatform
[2018.02.08-08.57.06:262][  0]LogTemp: Display: Loaded TP Android_ETC1TargetPlatform
[2018.02.08-08.57.06:340][  0]LogTemp: Display: Loaded TP Android_ETC2TargetPlatform
[2018.02.08-08.57.06:463][  0]LogTemp: Display: Loaded TP Android_MultiTargetPlatform
[2018.02.08-08.57.06:463][  0]LogTemp: Display: Loaded TP Android_PVRTCTargetPlatform
[2018.02.08-08.57.06:557][  0]LogTemp: Display: Loaded TP AndroidTargetPlatform
[2018.02.08-08.57.06:637][  0]LogTemp: Display: Loaded TP HTML5TargetPlatform
[2018.02.08-08.57.06:797][  0]LogTemp: Display: Loaded TP IOSTargetPlatform
[2018.02.08-08.57.06:821][  0]LogTemp: Display: Loaded TP TVOSTargetPlatform
[2018.02.08-08.57.06:882][  0]LogTemp: Display: Loaded TP LinuxClientTargetPlatform
[2018.02.08-08.57.06:938][  0]LogTemp: Display: Loaded TP LinuxNoEditorTargetPlatform
[2018.02.08-08.57.07:033][  0]LogTemp: Display: Loaded TP LinuxServerTargetPlatform
[2018.02.08-08.57.07:132][  0]LogTemp: Display: Loaded TP LinuxTargetPlatform
[2018.02.08-08.57.07:132][  0]LogTargetPlatformManager: Display: Building Assets For Windows
[2018.02.08-08.57.08:409][  0]LogDerivedDataCache: Display: Max Cache Size: 512 MB
[2018.02.08-08.57.09:401][  0]LogDerivedDataCache: Loaded boot cache 0.99s 78MB C:/Users/ar981/AppData/Local/UnrealEngine/4.18/DerivedDataCache/Boot.ddc.
[2018.02.08-08.57.09:401][  0]LogDerivedDataCache: Display: Loaded Boot cache: C:/Users/ar981/AppData/Local/UnrealEngine/4.18/DerivedDataCache/Boot.ddc
[2018.02.08-08.57.09:401][  0]LogDerivedDataCache: FDerivedDataBackendGraph:  Pak pak cache file ../../../../../Unreal Projects/FinalProject/DerivedDataCache/DDC.ddp not found, will not use a pak cache.
[2018.02.08-08.57.09:401][  0]LogDerivedDataCache: Unable to find inner node Pak for hierarchical cache Hierarchy.
[2018.02.08-08.57.09:401][  0]LogDerivedDataCache: FDerivedDataBackendGraph:  CompressedPak pak cache file ../../../../../Unreal Projects/FinalProject/DerivedDataCache/Compressed.ddp not found, will not use a pak cache.
[2018.02.08-08.57.09:401][  0]LogDerivedDataCache: Unable to find inner node CompressedPak for hierarchical cache Hierarchy.
[2018.02.08-08.57.09:420][  0]LogDerivedDataCache: Display: Pak cache opened for reading ../../../Engine/DerivedDataCache/Compressed.ddp.
[2018.02.08-08.57.09:433][  0]LogDerivedDataCache: Using Local data cache path C:/Users/ar981/AppData/Local/UnrealEngine/Common/DerivedDataCache: Writable
[2018.02.08-08.57.09:443][  0]LogMaterial: Verifying Global Shaders for PCD3D_SM5
[2018.02.08-08.57.09:444][  0]LogSlate: Using Freetype 2.6.0
[2018.02.08-08.57.09:464][  0]LogSlate: SlateFontCache - WITH_FREETYPE: 1, WITH_HARFBUZZ: 1
[2018.02.08-08.57.09:464][  0]LogSlate: SlateFontCache - WITH_FREETYPE: 1, WITH_HARFBUZZ: 1
[2018.02.08-08.57.14:686][  0]LogInit: Selected Device Profile: [Windows]
[2018.02.08-08.57.15:345][  0]LogSimplygon: Simplygon DLL not present - disabling.
[2018.02.08-08.57.15:417][  0]LogMeshReduction: Using SimplygonSwarm for distributed automatic mesh merging
[2018.02.08-08.57.15:418][  0]LogMeshReduction: Using QuadricMeshReduction for automatic static mesh reduction
[2018.02.08-08.57.15:418][  0]LogMeshReduction: No automatic skeletal mesh reduction module available
[2018.02.08-08.57.15:418][  0]LogMeshReduction: No automatic mesh merging module available
[2018.02.08-08.57.15:418][  0]LogMeshMerging: No automatic mesh merging module available
[2018.02.08-08.57.15:469][  0]LogNetVersion: FinalProject , NetCL: 3709383, EngineNetVer: 2, GameNetVer: 0 (Checksum: 1186961665)
[2018.02.08-08.57.15:698][  0]LogAssetRegistry: FAssetRegistry took 0.0280 seconds to start up
[2018.02.08-08.57.16:532][  0]LogPackageLocalizationCache: Processed 7 localized package path(s) for 2 prioritized culture(s) in 0.157374 seconds
[2018.02.08-08.57.16:540][  0]LogUObjectArray: 35870 objects as part of root set at end of initial load.
[2018.02.08-08.57.16:540][  0]LogUObjectAllocator: 7363696 out of 0 bytes used by permanent object pool.
[2018.02.08-08.57.16:540][  0]LogUObjectArray: CloseDisregardForGC: 0/0 objects in disregard for GC pool
[2018.02.08-08.57.16:630][  0]LogInit: WinSock: version 1.1 (2.2), MaxSocks=32767, MaxUdp=65467
[2018.02.08-08.57.50:584][  0]LogTcpMessaging: Initializing TcpMessaging bridge
[2018.02.08-08.57.50:689][  0]LogUdpMessaging: Initializing bridge on interface 0.0.0.0:0 to multicast group 230.0.0.1:6666.
[2018.02.08-08.57.52:573][  0]LogMaterial: Uniform references updated for custom material expression Custom.
[2018.02.08-08.57.54:186][  0]SourceControl: 소스 콘트롤이 꺼졌습니다.
[2018.02.08-08.57.57:333][  0]LogAndroidPermission: UAndroidPermissionCallbackProxy::GetInstance
[2018.02.08-08.57.57:834][  0]LogOcInput: OculusInput pre-init called
[2018.02.08-08.57.58:711][  0]LogEngine: Initializing Engine...
[2018.02.08-08.57.58:716][  0]LogHMD: Failed to initialize OpenVR with code 100
[2018.02.08-08.58.00:302][  0]LogStats: UGameplayTagsManager::ConstructGameplayTagTree: Construct from data asset -  0.000 s
[2018.02.08-08.58.00:302][  0]LogStats: UGameplayTagsManager::ConstructGameplayTagTree: GameplayTagTreeChangedEvent.Broadcast -  0.000 s
[2018.02.08-08.58.00:539][  0]LogAIModule: Creating AISystem for world Untitled
[2018.02.08-08.58.00:620][  0]LogInit: XAudio2 using '스피커(VIA HD Audio)' : 2 channels at 48 kHz using 32 bits per sample (channel mask 0x3)
[2018.02.08-08.58.00:998][  0]LogInit: FAudioDevice initialized.
[2018.02.08-08.58.01:630][  0]LogDerivedDataCache: Saved boot cache 0.63s 78MB C:/Users/ar981/AppData/Local/UnrealEngine/4.18/DerivedDataCache/Boot.ddc.
[2018.02.08-08.58.01:650][  0]LogInit: Texture streaming: Enabled
[2018.02.08-08.58.01:743][  0]LogEngineSessionManager: EngineSessionManager initialized
[2018.02.08-08.58.01:896][  0]LogInit: Transaction tracking system initialized
[2018.02.08-08.58.02:250][  0]BlueprintLog: New page: 에디터 로드
[2018.02.08-08.58.04:637][  0]LogConfig: Warning: Failed to saved backup for config[LocalizationServiceSettings]
[2018.02.08-08.58.04:642][  0]LogConfig: Warning: Failed to saved backup for config[LocalizationServiceSettings]
[2018.02.08-08.58.04:642][  0]LocalizationService: 현지화 서비스가 비활성화되었습니다.
[2018.02.08-08.58.06:110][  0]LogConsoleResponse: Display: 
[2018.02.08-08.58.11:436][  0]LogCook: Display: Max memory allowance for cook 16384mb min free memory 0mb
[2018.02.08-08.58.11:436][  0]LogCook: Display: Mobile HDR setting 1
[2018.02.08-08.58.11:436][  0]LogGameplayTags: Display: UGameplayTagsManager::DoneAddingNativeTags. DelegateIsBound: 0
[2018.02.08-08.58.12:413][  0]LogFileCache: Scanning file cache for directory 'D:/Ari/Unreal Projects/FinalProject/Content/' took 0.02s
[2018.02.08-08.58.16:590][  0]Cmd: MAP LOAD FILE="../../../../../Unreal Projects/FinalProject/Content/TwinStickBP/Maps/TwinStickExampleMap.umap" TEMPLATE=0 SHOWPROGRESS=1 FEATURELEVEL=3
[2018.02.08-08.58.16:629][  0]LightingResults: New page: 라이팅 빌드
[2018.02.08-08.58.16:688][  0]MapCheck: New page: 맵 체크
[2018.02.08-08.58.16:688][  0]LightingResults: New page: 라이팅 빌드
[2018.02.08-08.58.18:558][  0]LogAIModule: Creating AISystem for world TwinStickExampleMap
[2018.02.08-08.58.18:754][  0]LogEditorServer: Finished looking for orphan Actors (0.000 secs)
[2018.02.08-08.58.18:783][  0]Cmd: MAP CHECKDEP NOCLEARLOG
[2018.02.08-08.58.18:888][  0]MapCheck: 맵 체크 완료: 오류 0 회, 경고 0 회, 소요 시간 105.269ms.
[2018.02.08-08.58.18:888][  0]LogFileHelpers: Loading map 'TwinStickExampleMap' took 2.299
[2018.02.08-08.58.20:206][  0]LogCollectionManager: Loaded 0 collections in 0.004130 seconds
[2018.02.08-08.58.20:520][  0]LogFileCache: Scanning file cache for directory 'D:/Ari/Unreal Projects/FinalProject/Saved/Collections/' took 0.01s
[2018.02.08-08.58.20:520][  0]LogFileCache: Scanning file cache for directory 'D:/Ari/Unreal Projects/FinalProject/Content/Developers/ar981/Collections/' took 0.01s
[2018.02.08-08.58.20:520][  0]LogFileCache: Scanning file cache for directory 'D:/Ari/Unreal Projects/FinalProject/Content/Collections/' took 0.01s
[2018.02.08-08.58.20:521][  0]LogCollectionManager: Rebuilt the GUID cache for 0 collections in 0.000000 seconds
[2018.02.08-08.58.20:544][  0]LogContentBrowser: Native class hierarchy populated in 0.0123 seconds. Added 2363 classes and 519 folders.
[2018.02.08-08.58.20:618][  0]LogContentBrowser: Native class hierarchy updated for 'WidgetCarousel' in 0.0005 seconds. Added 0 classes and 0 folders.
[2018.02.08-08.58.21:608][  0]LogContentBrowser: Native class hierarchy updated for 'AddContentDialog' in 0.0004 seconds. Added 0 classes and 0 folders.
[2018.02.08-08.58.21:770][  0]LogContentBrowser: Native class hierarchy updated for 'SceneOutliner' in 0.0005 seconds. Added 1 classes and 2 folders.
[2018.02.08-08.58.21:967][  0]LogContentBrowser: Native class hierarchy updated for 'HierarchicalLODOutliner' in 0.0006 seconds. Added 1 classes and 2 folders.
[2018.02.08-08.58.21:967][  0]LogLoad: (Engine Initialization) Total time: 99.52 seconds
[2018.02.08-08.58.21:967][  0]LogLoad: (Engine Initialization) Total Blueprint compile time: 0.00 seconds
[2018.02.08-08.58.21:978][  0]LogExternalProfiler: Found external profiler: VSPerf
[2018.02.08-08.58.21:979][  0]LogExternalProfiler: Using external profiler: VSPerf
[2018.02.08-08.58.22:347][  0]SourceControl: On branch master
[2018.02.08-08.58.22:347][  0]SourceControl: Changes not staged for commit:
[2018.02.08-08.58.22:347][  0]SourceControl:   (use "git add <file>..." to update what will be committed)
[2018.02.08-08.58.22:347][  0]SourceControl:   (use "git checkout -- <file>..." to discard changes in working directory)
[2018.02.08-08.58.22:347][  0]SourceControl: 	modified:   Content/Custom/Character_BP/Character_BP.uasset
[2018.02.08-08.58.22:347][  0]SourceControl: Untracked files:
[2018.02.08-08.58.22:347][  0]SourceControl:   (use "git add <file>..." to include in what will be committed)
[2018.02.08-08.58.22:348][  0]SourceControl: 	Config/
[2018.02.08-08.58.22:348][  0]SourceControl: 	Content/Geometry/
[2018.02.08-08.58.22:348][  0]SourceControl: 	Content/StarterContent/
[2018.02.08-08.58.22:348][  0]SourceControl: 	Content/TwinStick/
[2018.02.08-08.58.22:348][  0]SourceControl: 	Intermediate/
[2018.02.08-08.58.22:348][  0]SourceControl: 	Saved/
[2018.02.08-08.58.22:348][  0]SourceControl: no changes added to commit (use "git add" and/or "git commit -a")
[2018.02.08-08.58.22:348][  0]LogContentStreaming: Texture pool size now 1000 MB
[2018.02.08-08.58.22:349][  0]LogSlate: Took 0.000343 seconds to synchronously load lazily loaded font '../../../Engine/Content/Slate/Fonts/Roboto-Regular.ttf' (155K)
[2018.02.08-08.58.22:353][  0]LogSlate: Took 0.002533 seconds to synchronously load lazily loaded font '../../../Engine/Content/Slate/Fonts/NanumGothic.ttf' (4243K)
[2018.02.08-08.58.22:354][  0]LogSlate: Took 0.000333 seconds to synchronously load lazily loaded font '../../../Engine/Content/Slate/Fonts/Roboto-Bold.ttf' (160K)
[2018.02.08-08.58.22:359][  0]LogSlate: Took 0.000255 seconds to synchronously load lazily loaded font '../../../Engine/Content/Editor/Slate/Fonts/FontAwesome.ttf' (139K)
[2018.02.08-08.58.22:692][  0]LogRenderer: Reallocating scene render targets to support 360x372 Format 10 NumSamples 1 (Frame:1).
[2018.02.08-08.58.23:416][  0]LogSlate: Took 0.021501 seconds to synchronously load lazily loaded font '../../../Engine/Content/Slate/Fonts/Roboto-Light.ttf' (159K)
[2018.02.08-08.58.24:422][  2]LogAssetRegistry: Asset discovery search completed in 68.7469 seconds
[2018.02.08-08.58.24:432][  2]LogCollectionManager: Rebuilt the object cache for 0 collections in 0.000002 seconds (found 0 objects)
[2018.02.08-08.58.24:433][  2]LogCollectionManager: Fixed up redirectors for 0 collections in 0.000561 seconds (updated 0 objects)
[2018.02.08-08.59.08:948][140]LogEditorViewport: Clicking on Actor (context menu): StaticMeshActor (Floor)
[2018.02.08-08.59.10:173][140]LogEditorViewport: Clicking on Actor (context menu): StaticMeshActor (Floor)
[2018.02.08-08.59.11:297][183]LogEditorViewport: Clicking on Actor (LMB): StaticMeshActor (Floor)
[2018.02.08-08.59.12:057][224]LogEditorViewport: Clicking on Actor (LMB): StaticMeshActor (Floor)
[2018.02.08-08.59.14:188][344]LogEditorViewport: Clicking on Actor (LMB): StaticMeshActor (Floor)
[2018.02.08-08.59.23:965][914]LogEditorViewport: Clicking on Actor (LMB): BP_Sky_Sphere_C (SkyShereBlueprint)
[2018.02.08-09.02.55:565][325]LogRenderer: Reallocating scene render targets to support 432x476 Format 10 NumSamples 1 (Frame:13217).
[2018.02.08-09.03.03:652][ 73]LogTemp: Repeating last play command: 선택된 뷰포트
[2018.02.08-09.03.03:852][ 73]LogBlueprintUserMessages: Early PlayInEditor Detection: Level '/Game/TwinStickBP/Maps/TwinStickExampleMap.TwinStickExampleMap:PersistentLevel' has LevelScriptBlueprint '/Game/TwinStickBP/Maps/TwinStickExampleMap.TwinStickExampleMap:PersistentLevel.TwinStickExampleMap' with GeneratedClass '/Game/TwinStickBP/Maps/TwinStickExampleMap.TwinStickExampleMap_C' with ClassGeneratedBy '/Game/TwinStickBP/Maps/TwinStickExampleMap.TwinStickExampleMap:PersistentLevel.TwinStickExampleMap'
[2018.02.08-09.03.03:879][ 73]LogPlayLevel: PlayLevel: No blueprints needed recompiling
[2018.02.08-09.03.03:997][ 73]PIE: New page: PIE 세션: TwinStickExampleMap (2018. 2. 9. 오전 3:03:03)
[2018.02.08-09.03.04:009][ 73]LogPlayLevel: Creating play world package: /Game/TwinStickBP/Maps/UEDPIE_0_TwinStickExampleMap
[2018.02.08-09.03.04:061][ 73]LogPlayLevel: PIE: StaticDuplicateObject took: (0.051099s)
[2018.02.08-09.03.04:061][ 73]LogAIModule: Creating AISystem for world TwinStickExampleMap
[2018.02.08-09.03.04:073][ 73]LogPlayLevel: PIE: World Init took: (0.012549s)
[2018.02.08-09.03.04:074][ 73]LogPlayLevel: PIE: Created PIE world by copying editor world from /Game/TwinStickBP/Maps/TwinStickExampleMap.TwinStickExampleMap to /Game/TwinStickBP/Maps/UEDPIE_0_TwinStickExampleMap.TwinStickExampleMap (0.064067s)
[2018.02.08-09.03.04:142][ 73]LogInit: XAudio2 using '스피커(VIA HD Audio)' : 2 channels at 48 kHz using 32 bits per sample (channel mask 0x3)
[2018.02.08-09.03.04:160][ 73]LogInit: FAudioDevice initialized.
[2018.02.08-09.03.04:219][ 73]LogLoad: Game class is 'TwinStickGameMode_C'
[2018.02.08-09.03.04:289][ 73]LogWorld: Bringing World /Game/TwinStickBP/Maps/UEDPIE_0_TwinStickExampleMap.TwinStickExampleMap up for play (max tick rate 0) at 2018.02.08-18.03.04
[2018.02.08-09.03.04:345][ 73]LogWorld: Bringing up level for play took: 0.056795
[2018.02.08-09.03.04:577][ 73]LogContentBrowser: Native class hierarchy updated for 'MovieSceneCapture' in 0.0006 seconds. Added 11 classes and 0 folders.
[2018.02.08-09.03.04:627][ 73]PIE: /Game/TwinStickBP/Maps/UEDPIE_0_TwinStickExampleMap 에 대한 에디터에서 플레이 시작 시간: 0.503
[2018.02.08-09.03.04:627][ 73]LogBlueprintUserMessages: Late PlayInEditor Detection: Level '/Game/TwinStickBP/Maps/TwinStickExampleMap.TwinStickExampleMap:PersistentLevel' has LevelScriptBlueprint '/Game/TwinStickBP/Maps/TwinStickExampleMap.TwinStickExampleMap:PersistentLevel.TwinStickExampleMap' with GeneratedClass '/Game/TwinStickBP/Maps/TwinStickExampleMap.TwinStickExampleMap_C' with ClassGeneratedBy '/Game/TwinStickBP/Maps/TwinStickExampleMap.TwinStickExampleMap:PersistentLevel.TwinStickExampleMap'
[2018.02.08-09.04.16:091][204]LogBlueprintUserMessages: Early EndPlayMap Detection: Level '/Game/TwinStickBP/Maps/TwinStickExampleMap.TwinStickExampleMap:PersistentLevel' has LevelScriptBlueprint '/Game/TwinStickBP/Maps/TwinStickExampleMap.TwinStickExampleMap:PersistentLevel.TwinStickExampleMap' with GeneratedClass '/Game/TwinStickBP/Maps/TwinStickExampleMap.TwinStickExampleMap_C' with ClassGeneratedBy '/Game/TwinStickBP/Maps/TwinStickExampleMap.TwinStickExampleMap:PersistentLevel.TwinStickExampleMap'
[2018.02.08-09.04.16:191][204]LogBlueprintUserMessages: Late EndPlayMap Detection: Level '/Game/TwinStickBP/Maps/TwinStickExampleMap.TwinStickExampleMap:PersistentLevel' has LevelScriptBlueprint '/Game/TwinStickBP/Maps/TwinStickExampleMap.TwinStickExampleMap:PersistentLevel.TwinStickExampleMap' with GeneratedClass '/Game/TwinStickBP/Maps/TwinStickExampleMap.TwinStickExampleMap_C' with ClassGeneratedBy '/Game/TwinStickBP/Maps/TwinStickExampleMap.TwinStickExampleMap:PersistentLevel.TwinStickExampleMap'
[2018.02.08-09.04.18:900][505]LogEditorViewport: Clicking on Actor (LMB): BP_Sky_Sphere_C (SkyShereBlueprint)
[2018.02.08-09.04.20:031][610]LogEditorViewport: Clicking on Actor (LMB): PostProcessVolume (PostProcessVolume)
[2018.02.08-09.04.22:567][826]LogTemp: Repeating last play command: 선택된 뷰포트
[2018.02.08-09.04.22:580][826]LogBlueprintUserMessages: Early PlayInEditor Detection: Level '/Game/TwinStickBP/Maps/TwinStickExampleMap.TwinStickExampleMap:PersistentLevel' has LevelScriptBlueprint '/Game/TwinStickBP/Maps/TwinStickExampleMap.TwinStickExampleMap:PersistentLevel.TwinStickExampleMap' with GeneratedClass '/Game/TwinStickBP/Maps/TwinStickExampleMap.TwinStickExampleMap_C' with ClassGeneratedBy '/Game/TwinStickBP/Maps/TwinStickExampleMap.TwinStickExampleMap:PersistentLevel.TwinStickExampleMap'
[2018.02.08-09.04.22:580][826]LogPlayLevel: PlayLevel: No blueprints needed recompiling
[2018.02.08-09.04.22:580][826]PIE: New page: PIE 세션: TwinStickExampleMap (2018. 2. 9. 오전 3:04:22)
[2018.02.08-09.04.22:580][826]LogPlayLevel: Creating play world package: /Game/TwinStickBP/Maps/UEDPIE_0_TwinStickExampleMap
[2018.02.08-09.04.22:586][826]LogPlayLevel: PIE: StaticDuplicateObject took: (0.006247s)
[2018.02.08-09.04.22:588][826]LogAIModule: Creating AISystem for world TwinStickExampleMap
[2018.02.08-09.04.22:589][826]LogPlayLevel: PIE: World Init took: (0.002297s)
[2018.02.08-09.04.22:590][826]LogPlayLevel: PIE: Created PIE world by copying editor world from /Game/TwinStickBP/Maps/TwinStickExampleMap.TwinStickExampleMap to /Game/TwinStickBP/Maps/UEDPIE_0_TwinStickExampleMap.TwinStickExampleMap (0.009463s)
[2018.02.08-09.04.22:603][826]LogInit: XAudio2 using '스피커(VIA HD Audio)' : 2 channels at 48 kHz using 32 bits per sample (channel mask 0x3)
[2018.02.08-09.04.22:625][826]LogInit: FAudioDevice initialized.
[2018.02.08-09.04.22:684][826]LogLoad: Game class is 'TwinStickGameMode_C'
[2018.02.08-09.04.22:686][826]LogWorld: Bringing World /Game/TwinStickBP/Maps/UEDPIE_0_TwinStickExampleMap.TwinStickExampleMap up for play (max tick rate 0) at 2018.02.08-18.04.22
[2018.02.08-09.04.22:686][826]LogWorld: Bringing up level for play took: 0.001419
[2018.02.08-09.04.22:687][826]PIE: /Game/TwinStickBP/Maps/UEDPIE_0_TwinStickExampleMap 에 대한 에디터에서 플레이 시작 시간: 0.563
[2018.02.08-09.04.22:687][826]LogBlueprintUserMessages: Late PlayInEditor Detection: Level '/Game/TwinStickBP/Maps/TwinStickExampleMap.TwinStickExampleMap:PersistentLevel' has LevelScriptBlueprint '/Game/TwinStickBP/Maps/TwinStickExampleMap.TwinStickExampleMap:PersistentLevel.TwinStickExampleMap' with GeneratedClass '/Game/TwinStickBP/Maps/TwinStickExampleMap.TwinStickExampleMap_C' with ClassGeneratedBy '/Game/TwinStickBP/Maps/TwinStickExampleMap.TwinStickExampleMap:PersistentLevel.TwinStickExampleMap'
[2018.02.08-09.04.28:132][437]LogBlueprintUserMessages: Early EndPlayMap Detection: Level '/Game/TwinStickBP/Maps/TwinStickExampleMap.TwinStickExampleMap:PersistentLevel' has LevelScriptBlueprint '/Game/TwinStickBP/Maps/TwinStickExampleMap.TwinStickExampleMap:PersistentLevel.TwinStickExampleMap' with GeneratedClass '/Game/TwinStickBP/Maps/TwinStickExampleMap.TwinStickExampleMap_C' with ClassGeneratedBy '/Game/TwinStickBP/Maps/TwinStickExampleMap.TwinStickExampleMap:PersistentLevel.TwinStickExampleMap'
[2018.02.08-09.04.28:171][437]LogBlueprintUserMessages: Late EndPlayMap Detection: Level '/Game/TwinStickBP/Maps/TwinStickExampleMap.TwinStickExampleMap:PersistentLevel' has LevelScriptBlueprint '/Game/TwinStickBP/Maps/TwinStickExampleMap.TwinStickExampleMap:PersistentLevel.TwinStickExampleMap' with GeneratedClass '/Game/TwinStickBP/Maps/TwinStickExampleMap.TwinStickExampleMap_C' with ClassGeneratedBy '/Game/TwinStickBP/Maps/TwinStickExampleMap.TwinStickExampleMap:PersistentLevel.TwinStickExampleMap'
[2018.02.08-16.43.28:295][991]LogHttp: Warning: 000001970F3A9480: request failed, libcurl error: 6 (Couldn't resolve host name)
[2018.02.08-16.43.28:296][991]LogHttp: Warning: 000001970F3A9480: libcurl info message cache 0 (Connection 55 seems to be dead!)
[2018.02.08-16.43.28:296][991]LogHttp: Warning: 000001970F3A9480: libcurl info message cache 1 (Closing connection 55)
[2018.02.08-16.43.28:296][991]LogHttp: Warning: 000001970F3A9480: libcurl info message cache 2 (Could not resolve host: datarouter.ol.epicgames.com)
[2018.02.08-16.43.28:297][991]LogHttp: Warning: 000001970F3A9480: libcurl info message cache 3 (Closing connection 56)
[2018.02.08-18.39.37:767][ 33]LogHttp: Warning: 000001970F3AA500: request failed, libcurl error: 6 (Couldn't resolve host name)
[2018.02.08-18.39.37:768][ 33]LogHttp: Warning: 000001970F3AA500: libcurl info message cache 0 (Could not resolve host: datarouter.ol.epicgames.com)
[2018.02.08-18.39.37:771][ 33]LogHttp: Warning: 000001970F3AA500: libcurl info message cache 1 (Closing connection 57)
[2018.02.08-18.41.38:212][395]LogHttp: Warning: 000001970F3A9780: request failed, libcurl error: 6 (Couldn't resolve host name)
[2018.02.08-18.41.38:212][395]LogHttp: Warning: 000001970F3A9780: libcurl info message cache 0 (Could not resolve host: datarouter.ol.epicgames.com)
[2018.02.08-18.41.38:212][395]LogHttp: Warning: 000001970F3A9780: libcurl info message cache 1 (Closing connection 58)
[2018.02.08-18.43.38:875][757]LogHttp: Warning: 000001970F3A9600: request failed, libcurl error: 6 (Couldn't resolve host name)
[2018.02.08-18.43.38:875][757]LogHttp: Warning: 000001970F3A9600: libcurl info message cache 0 (Could not resolve host: datarouter.ol.epicgames.com)
[2018.02.08-18.43.38:875][757]LogHttp: Warning: 000001970F3A9600: libcurl info message cache 1 (Closing connection 59)
[2018.02.08-18.45.39:537][119]LogHttp: Warning: 000001970F3ABB80: request failed, libcurl error: 6 (Couldn't resolve host name)
[2018.02.08-18.45.39:537][119]LogHttp: Warning: 000001970F3ABB80: libcurl info message cache 0 (Could not resolve host: datarouter.ol.epicgames.com)
[2018.02.08-18.45.39:537][119]LogHttp: Warning: 000001970F3ABB80: libcurl info message cache 1 (Closing connection 60)
[2018.02.08-18.47.40:211][481]LogHttp: Warning: 000001970F3A9300: request failed, libcurl error: 6 (Couldn't resolve host name)
[2018.02.08-18.47.40:211][481]LogHttp: Warning: 000001970F3A9300: libcurl info message cache 0 (Could not resolve host: datarouter.ol.epicgames.com)
[2018.02.08-18.47.40:211][481]LogHttp: Warning: 000001970F3A9300: libcurl info message cache 1 (Closing connection 61)
[2018.02.08-18.49.40:869][843]LogHttp: Warning: 000001970F3A8D00: request failed, libcurl error: 6 (Couldn't resolve host name)
[2018.02.08-18.49.40:869][843]LogHttp: Warning: 000001970F3A8D00: libcurl info message cache 0 (Could not resolve host: datarouter.ol.epicgames.com)
[2018.02.08-18.49.40:869][843]LogHttp: Warning: 000001970F3A8D00: libcurl info message cache 1 (Closing connection 62)
[2018.02.08-18.51.41:210][204]LogHttp: Warning: 000001970F3A8D00: request failed, libcurl error: 6 (Couldn't resolve host name)
[2018.02.08-18.51.41:211][204]LogHttp: Warning: 000001970F3A8D00: libcurl info message cache 0 (Could not resolve host: datarouter.ol.epicgames.com)
[2018.02.08-18.51.41:211][204]LogHttp: Warning: 000001970F3A8D00: libcurl info message cache 1 (Closing connection 63)
[2018.02.08-18.53.41:876][566]LogHttp: Warning: 000001970F3ABB80: request failed, libcurl error: 6 (Couldn't resolve host name)
[2018.02.08-18.53.41:876][566]LogHttp: Warning: 000001970F3ABB80: libcurl info message cache 0 (Could not resolve host: datarouter.ol.epicgames.com)
[2018.02.08-18.53.41:876][566]LogHttp: Warning: 000001970F3ABB80: libcurl info message cache 1 (Closing connection 64)
[2018.02.08-18.55.42:538][928]LogHttp: Warning: 000001970F3A9C00: request failed, libcurl error: 6 (Couldn't resolve host name)
[2018.02.08-18.55.42:538][928]LogHttp: Warning: 000001970F3A9C00: libcurl info message cache 0 (Could not resolve host: datarouter.ol.epicgames.com)
[2018.02.08-18.55.42:538][928]LogHttp: Warning: 000001970F3A9C00: libcurl info message cache 1 (Closing connection 65)
[2018.02.08-18.57.42:869][289]LogHttp: Warning: 000001970F3A9C00: request failed, libcurl error: 6 (Couldn't resolve host name)
[2018.02.08-18.57.42:870][289]LogHttp: Warning: 000001970F3A9C00: libcurl info message cache 0 (Could not resolve host: datarouter.ol.epicgames.com)
[2018.02.08-18.57.42:870][289]LogHttp: Warning: 000001970F3A9C00: libcurl info message cache 1 (Closing connection 66)
[2018.02.08-18.59.43:205][650]LogHttp: Warning: 000001970F3A9C00: request failed, libcurl error: 6 (Couldn't resolve host name)
[2018.02.08-18.59.43:205][650]LogHttp: Warning: 000001970F3A9C00: libcurl info message cache 0 (Could not resolve host: datarouter.ol.epicgames.com)
[2018.02.08-18.59.43:205][650]LogHttp: Warning: 000001970F3A9C00: libcurl info message cache 1 (Closing connection 67)
[2018.02.08-19.01.43:539][ 11]LogHttp: Warning: 000001970F3A9C00: request failed, libcurl error: 6 (Couldn't resolve host name)
[2018.02.08-19.01.43:540][ 11]LogHttp: Warning: 000001970F3A9C00: libcurl info message cache 0 (Could not resolve host: datarouter.ol.epicgames.com)
[2018.02.08-19.01.43:540][ 11]LogHttp: Warning: 000001970F3A9C00: libcurl info message cache 1 (Closing connection 68)
[2018.02.08-19.03.44:211][373]LogHttp: Warning: 000001970F3ABB80: request failed, libcurl error: 6 (Couldn't resolve host name)
[2018.02.08-19.03.44:211][373]LogHttp: Warning: 000001970F3ABB80: libcurl info message cache 0 (Could not resolve host: datarouter.ol.epicgames.com)
[2018.02.08-19.03.44:211][373]LogHttp: Warning: 000001970F3ABB80: libcurl info message cache 1 (Closing connection 69)
[2018.02.08-19.05.44:873][735]LogHttp: Warning: 000001970F3A9000: request failed, libcurl error: 6 (Couldn't resolve host name)
[2018.02.08-19.05.44:873][735]LogHttp: Warning: 000001970F3A9000: libcurl info message cache 0 (Could not resolve host: datarouter.ol.epicgames.com)
[2018.02.08-19.05.44:873][735]LogHttp: Warning: 000001970F3A9000: libcurl info message cache 1 (Closing connection 70)
[2018.02.08-19.07.45:206][ 96]LogHttp: Warning: 000001970F3A9000: request failed, libcurl error: 6 (Couldn't resolve host name)
[2018.02.08-19.07.45:207][ 96]LogHttp: Warning: 000001970F3A9000: libcurl info message cache 0 (Could not resolve host: datarouter.ol.epicgames.com)
[2018.02.08-19.07.45:207][ 96]LogHttp: Warning: 000001970F3A9000: libcurl info message cache 1 (Closing connection 71)
[2018.02.08-19.09.45:873][458]LogHttp: Warning: 000001970F3A9C00: request failed, libcurl error: 6 (Couldn't resolve host name)
[2018.02.08-19.09.45:873][458]LogHttp: Warning: 000001970F3A9C00: libcurl info message cache 0 (Could not resolve host: datarouter.ol.epicgames.com)
[2018.02.08-19.09.45:873][458]LogHttp: Warning: 000001970F3A9C00: libcurl info message cache 1 (Closing connection 72)
[2018.02.08-19.11.46:205][819]LogHttp: Warning: 000001970F3A9C00: request failed, libcurl error: 6 (Couldn't resolve host name)
[2018.02.08-19.11.46:206][819]LogHttp: Warning: 000001970F3A9C00: libcurl info message cache 0 (Could not resolve host: datarouter.ol.epicgames.com)
[2018.02.08-19.11.46:206][819]LogHttp: Warning: 000001970F3A9C00: libcurl info message cache 1 (Closing connection 73)
[2018.02.08-19.13.46:540][180]LogHttp: Warning: 000001970F3A9C00: request failed, libcurl error: 6 (Couldn't resolve host name)
[2018.02.08-19.13.46:540][180]LogHttp: Warning: 000001970F3A9C00: libcurl info message cache 0 (Could not resolve host: datarouter.ol.epicgames.com)
[2018.02.08-19.13.46:540][180]LogHttp: Warning: 000001970F3A9C00: libcurl info message cache 1 (Closing connection 74)
[2018.02.08-19.15.46:873][541]LogHttp: Warning: 000001970F3A9C00: request failed, libcurl error: 6 (Couldn't resolve host name)
[2018.02.08-19.15.46:873][541]LogHttp: Warning: 000001970F3A9C00: libcurl info message cache 0 (Could not resolve host: datarouter.ol.epicgames.com)
[2018.02.08-19.15.46:873][541]LogHttp: Warning: 000001970F3A9C00: libcurl info message cache 1 (Closing connection 75)
[2018.02.08-19.17.47:542][903]LogHttp: Warning: 000001970F3A9000: request failed, libcurl error: 6 (Couldn't resolve host name)
[2018.02.08-19.17.47:543][903]LogHttp: Warning: 000001970F3A9000: libcurl info message cache 0 (Could not resolve host: datarouter.ol.epicgames.com)
[2018.02.08-19.17.47:543][903]LogHttp: Warning: 000001970F3A9000: libcurl info message cache 1 (Closing connection 76)
[2018.02.08-19.19.47:875][264]LogHttp: Warning: 000001970F3A9000: request failed, libcurl error: 6 (Couldn't resolve host name)
[2018.02.08-19.19.47:875][264]LogHttp: Warning: 000001970F3A9000: libcurl info message cache 0 (Could not resolve host: datarouter.ol.epicgames.com)
[2018.02.08-19.19.47:875][264]LogHttp: Warning: 000001970F3A9000: libcurl info message cache 1 (Closing connection 77)
[2018.02.08-19.21.48:540][626]LogHttp: Warning: 000001970F3ABD00: request failed, libcurl error: 6 (Couldn't resolve host name)
[2018.02.08-19.21.48:540][626]LogHttp: Warning: 000001970F3ABD00: libcurl info message cache 0 (Could not resolve host: datarouter.ol.epicgames.com)
[2018.02.08-19.21.48:540][626]LogHttp: Warning: 000001970F3ABD00: libcurl info message cache 1 (Closing connection 78)
[2018.02.08-19.23.48:876][987]LogHttp: Warning: 000001970F3ABD00: request failed, libcurl error: 6 (Couldn't resolve host name)
[2018.02.08-19.23.48:877][987]LogHttp: Warning: 000001970F3ABD00: libcurl info message cache 0 (Could not resolve host: datarouter.ol.epicgames.com)
[2018.02.08-19.23.48:877][987]LogHttp: Warning: 000001970F3ABD00: libcurl info message cache 1 (Closing connection 79)
[2018.02.08-19.25.49:212][348]LogHttp: Warning: 000001970F3ABD00: request failed, libcurl error: 6 (Couldn't resolve host name)
[2018.02.08-19.25.49:213][348]LogHttp: Warning: 000001970F3ABD00: libcurl info message cache 0 (Could not resolve host: datarouter.ol.epicgames.com)
[2018.02.08-19.25.49:213][348]LogHttp: Warning: 000001970F3ABD00: libcurl info message cache 1 (Closing connection 80)
[2018.02.08-19.27.49:874][710]LogHttp: Warning: 000001970F3AA380: request failed, libcurl error: 6 (Couldn't resolve host name)
[2018.02.08-19.27.49:874][710]LogHttp: Warning: 000001970F3AA380: libcurl info message cache 0 (Could not resolve host: datarouter.ol.epicgames.com)
[2018.02.08-19.27.49:874][710]LogHttp: Warning: 000001970F3AA380: libcurl info message cache 1 (Closing connection 81)
[2018.02.08-19.29.50:207][ 71]LogHttp: Warning: 000001970F3AA380: request failed, libcurl error: 6 (Couldn't resolve host name)
[2018.02.08-19.29.50:207][ 71]LogHttp: Warning: 000001970F3AA380: libcurl info message cache 0 (Could not resolve host: datarouter.ol.epicgames.com)
[2018.02.08-19.29.50:208][ 71]LogHttp: Warning: 000001970F3AA380: libcurl info message cache 1 (Closing connection 82)
[2018.02.08-19.31.50:541][432]LogHttp: Warning: 000001970F3AA380: request failed, libcurl error: 6 (Couldn't resolve host name)
[2018.02.08-19.31.50:541][432]LogHttp: Warning: 000001970F3AA380: libcurl info message cache 0 (Could not resolve host: datarouter.ol.epicgames.com)
[2018.02.08-19.31.50:541][432]LogHttp: Warning: 000001970F3AA380: libcurl info message cache 1 (Closing connection 83)
[2018.02.08-19.33.50:880][793]LogHttp: Warning: 000001970F3AA380: request failed, libcurl error: 6 (Couldn't resolve host name)
[2018.02.08-19.33.50:880][793]LogHttp: Warning: 000001970F3AA380: libcurl info message cache 0 (Could not resolve host: datarouter.ol.epicgames.com)
[2018.02.08-19.33.50:880][793]LogHttp: Warning: 000001970F3AA380: libcurl info message cache 1 (Closing connection 84)
[2018.02.08-19.35.51:542][155]LogHttp: Warning: 000001970F3ABD00: request failed, libcurl error: 6 (Couldn't resolve host name)
[2018.02.08-19.35.51:542][155]LogHttp: Warning: 000001970F3ABD00: libcurl info message cache 0 (Could not resolve host: datarouter.ol.epicgames.com)
[2018.02.08-19.35.51:542][155]LogHttp: Warning: 000001970F3ABD00: libcurl info message cache 1 (Closing connection 85)
[2018.02.08-19.37.51:875][516]LogHttp: Warning: 000001970F3ABD00: request failed, libcurl error: 6 (Couldn't resolve host name)
[2018.02.08-19.37.51:875][516]LogHttp: Warning: 000001970F3ABD00: libcurl info message cache 0 (Could not resolve host: datarouter.ol.epicgames.com)
[2018.02.08-19.37.51:875][516]LogHttp: Warning: 000001970F3ABD00: libcurl info message cache 1 (Closing connection 86)
[2018.02.08-19.39.52:543][878]LogHttp: Warning: 000001970F3A8880: request failed, libcurl error: 6 (Couldn't resolve host name)
[2018.02.08-19.39.52:543][878]LogHttp: Warning: 000001970F3A8880: libcurl info message cache 0 (Could not resolve host: datarouter.ol.epicgames.com)
[2018.02.08-19.39.52:543][878]LogHttp: Warning: 000001970F3A8880: libcurl info message cache 1 (Closing connection 87)
[2018.02.08-19.41.52:878][239]LogHttp: Warning: 000001970F3A8880: request failed, libcurl error: 6 (Couldn't resolve host name)
[2018.02.08-19.41.52:878][239]LogHttp: Warning: 000001970F3A8880: libcurl info message cache 0 (Could not resolve host: datarouter.ol.epicgames.com)
[2018.02.08-19.41.52:878][239]LogHttp: Warning: 000001970F3A8880: libcurl info message cache 1 (Closing connection 88)
[2018.02.08-19.43.53:209][600]LogHttp: Warning: 000001970F3A8880: request failed, libcurl error: 6 (Couldn't resolve host name)
[2018.02.08-19.43.53:209][600]LogHttp: Warning: 000001970F3A8880: libcurl info message cache 0 (Could not resolve host: datarouter.ol.epicgames.com)
[2018.02.08-19.43.53:209][600]LogHttp: Warning: 000001970F3A8880: libcurl info message cache 1 (Closing connection 89)
[2018.02.08-19.45.53:545][961]LogHttp: Warning: 000001970F3A8880: request failed, libcurl error: 6 (Couldn't resolve host name)
[2018.02.08-19.45.53:545][961]LogHttp: Warning: 000001970F3A8880: libcurl info message cache 0 (Could not resolve host: datarouter.ol.epicgames.com)
[2018.02.08-19.45.53:545][961]LogHttp: Warning: 000001970F3A8880: libcurl info message cache 1 (Closing connection 90)
[2018.02.08-19.47.54:209][323]LogHttp: Warning: 000001970F3ABD00: request failed, libcurl error: 6 (Couldn't resolve host name)
[2018.02.08-19.47.54:209][323]LogHttp: Warning: 000001970F3ABD00: libcurl info message cache 0 (Could not resolve host: datarouter.ol.epicgames.com)
[2018.02.08-19.47.54:209][323]LogHttp: Warning: 000001970F3ABD00: libcurl info message cache 1 (Closing connection 91)
[2018.02.08-19.49.54:550][684]LogHttp: Warning: 000001970F3AAB00: request failed, libcurl error: 6 (Couldn't resolve host name)
[2018.02.08-19.49.54:550][684]LogHttp: Warning: 000001970F3AAB00: libcurl info message cache 0 (Could not resolve host: datarouter.ol.epicgames.com)
[2018.02.08-19.49.54:551][684]LogHttp: Warning: 000001970F3AAB00: libcurl info message cache 1 (Closing connection 92)
[2018.02.08-19.51.55:209][ 46]LogHttp: Warning: 000001970F3A9A80: request failed, libcurl error: 6 (Couldn't resolve host name)
[2018.02.08-19.51.55:209][ 46]LogHttp: Warning: 000001970F3A9A80: libcurl info message cache 0 (Could not resolve host: datarouter.ol.epicgames.com)
[2018.02.08-19.51.55:209][ 46]LogHttp: Warning: 000001970F3A9A80: libcurl info message cache 1 (Closing connection 93)
[2018.02.08-19.53.55:543][407]LogHttp: Warning: 000001970F3A9A80: request failed, libcurl error: 6 (Couldn't resolve host name)
[2018.02.08-19.53.55:543][407]LogHttp: Warning: 000001970F3A9A80: libcurl info message cache 0 (Could not resolve host: datarouter.ol.epicgames.com)
[2018.02.08-19.53.55:543][407]LogHttp: Warning: 000001970F3A9A80: libcurl info message cache 1 (Closing connection 94)
[2018.02.08-19.55.55:877][768]LogHttp: Warning: 000001970F3A9A80: request failed, libcurl error: 6 (Couldn't resolve host name)
[2018.02.08-19.55.55:878][768]LogHttp: Warning: 000001970F3A9A80: libcurl info message cache 0 (Could not resolve host: datarouter.ol.epicgames.com)
[2018.02.08-19.55.55:878][768]LogHttp: Warning: 000001970F3A9A80: libcurl info message cache 1 (Closing connection 95)
[2018.02.08-19.57.56:212][129]LogHttp: Warning: 000001970F3A9A80: request failed, libcurl error: 6 (Couldn't resolve host name)
[2018.02.08-19.57.56:212][129]LogHttp: Warning: 000001970F3A9A80: libcurl info message cache 0 (Could not resolve host: datarouter.ol.epicgames.com)
[2018.02.08-19.57.56:212][129]LogHttp: Warning: 000001970F3A9A80: libcurl info message cache 1 (Closing connection 96)
[2018.02.08-19.59.56:878][491]LogHttp: Warning: 000001970F3AAB00: request failed, libcurl error: 6 (Couldn't resolve host name)
[2018.02.08-19.59.56:879][491]LogHttp: Warning: 000001970F3AAB00: libcurl info message cache 0 (Could not resolve host: datarouter.ol.epicgames.com)
[2018.02.08-19.59.56:879][491]LogHttp: Warning: 000001970F3AAB00: libcurl info message cache 1 (Closing connection 97)
[2018.02.08-20.01.57:218][852]LogHttp: Warning: 000001970F3AAB00: request failed, libcurl error: 6 (Couldn't resolve host name)
[2018.02.08-20.01.57:218][852]LogHttp: Warning: 000001970F3AAB00: libcurl info message cache 0 (Could not resolve host: datarouter.ol.epicgames.com)
[2018.02.08-20.01.57:218][852]LogHttp: Warning: 000001970F3AAB00: libcurl info message cache 1 (Closing connection 98)
[2018.02.08-20.03.57:879][214]LogHttp: Warning: 000001970F3ABB80: request failed, libcurl error: 6 (Couldn't resolve host name)
[2018.02.08-20.03.57:879][214]LogHttp: Warning: 000001970F3ABB80: libcurl info message cache 0 (Could not resolve host: datarouter.ol.epicgames.com)
[2018.02.08-20.03.57:879][214]LogHttp: Warning: 000001970F3ABB80: libcurl info message cache 1 (Closing connection 99)
[2018.02.08-20.05.58:213][575]LogHttp: Warning: 000001970F3ABB80: request failed, libcurl error: 6 (Couldn't resolve host name)
[2018.02.08-20.05.58:213][575]LogHttp: Warning: 000001970F3ABB80: libcurl info message cache 0 (Could not resolve host: datarouter.ol.epicgames.com)
[2018.02.08-20.05.58:213][575]LogHttp: Warning: 000001970F3ABB80: libcurl info message cache 1 (Closing connection 100)
[2018.02.08-20.07.58:550][936]LogHttp: Warning: 000001970F3ABB80: request failed, libcurl error: 6 (Couldn't resolve host name)
[2018.02.08-20.07.58:550][936]LogHttp: Warning: 000001970F3ABB80: libcurl info message cache 0 (Could not resolve host: datarouter.ol.epicgames.com)
[2018.02.08-20.07.58:550][936]LogHttp: Warning: 000001970F3ABB80: libcurl info message cache 1 (Closing connection 101)
[2018.02.08-20.09.58:884][297]LogHttp: Warning: 000001970F3ABB80: request failed, libcurl error: 6 (Couldn't resolve host name)
[2018.02.08-20.09.58:884][297]LogHttp: Warning: 000001970F3ABB80: libcurl info message cache 0 (Could not resolve host: datarouter.ol.epicgames.com)
[2018.02.08-20.09.58:884][297]LogHttp: Warning: 000001970F3ABB80: libcurl info message cache 1 (Closing connection 102)
[2018.02.08-20.11.59:219][658]LogHttp: Warning: 000001970F3ABB80: request failed, libcurl error: 6 (Couldn't resolve host name)
[2018.02.08-20.11.59:220][658]LogHttp: Warning: 000001970F3ABB80: libcurl info message cache 0 (Could not resolve host: datarouter.ol.epicgames.com)
[2018.02.08-20.11.59:220][658]LogHttp: Warning: 000001970F3ABB80: libcurl info message cache 1 (Closing connection 103)
[2018.02.08-20.13.59:553][ 19]LogHttp: Warning: 000001970F3ABB80: request failed, libcurl error: 6 (Couldn't resolve host name)
[2018.02.08-20.13.59:553][ 19]LogHttp: Warning: 000001970F3ABB80: libcurl info message cache 0 (Could not resolve host: datarouter.ol.epicgames.com)
[2018.02.08-20.13.59:553][ 19]LogHttp: Warning: 000001970F3ABB80: libcurl info message cache 1 (Closing connection 104)
[2018.02.08-20.16.00:218][381]LogHttp: Warning: 000001970F3A9000: request failed, libcurl error: 6 (Couldn't resolve host name)
[2018.02.08-20.16.00:218][381]LogHttp: Warning: 000001970F3A9000: libcurl info message cache 0 (Could not resolve host: datarouter.ol.epicgames.com)
[2018.02.08-20.16.00:218][381]LogHttp: Warning: 000001970F3A9000: libcurl info message cache 1 (Closing connection 105)
[2018.02.08-20.18.00:553][742]LogHttp: Warning: 000001970F3A9000: request failed, libcurl error: 6 (Couldn't resolve host name)
[2018.02.08-20.18.00:554][742]LogHttp: Warning: 000001970F3A9000: libcurl info message cache 0 (Could not resolve host: datarouter.ol.epicgames.com)
[2018.02.08-20.18.00:554][742]LogHttp: Warning: 000001970F3A9000: libcurl info message cache 1 (Closing connection 106)
[2018.02.08-20.20.01:220][104]LogHttp: Warning: 000001970F3AA500: request failed, libcurl error: 6 (Couldn't resolve host name)
[2018.02.08-20.20.01:220][104]LogHttp: Warning: 000001970F3AA500: libcurl info message cache 0 (Could not resolve host: datarouter.ol.epicgames.com)
[2018.02.08-20.20.01:220][104]LogHttp: Warning: 000001970F3AA500: libcurl info message cache 1 (Closing connection 107)
[2018.02.08-20.22.01:889][466]LogHttp: Warning: 000001970F3ABB80: request failed, libcurl error: 6 (Couldn't resolve host name)
[2018.02.08-20.22.01:889][466]LogHttp: Warning: 000001970F3ABB80: libcurl info message cache 0 (Could not resolve host: datarouter.ol.epicgames.com)
[2018.02.08-20.22.01:889][466]LogHttp: Warning: 000001970F3ABB80: libcurl info message cache 1 (Closing connection 108)
[2018.02.08-20.24.02:554][828]LogHttp: Warning: 000001970F3AAB00: request failed, libcurl error: 6 (Couldn't resolve host name)
[2018.02.08-20.24.02:554][828]LogHttp: Warning: 000001970F3AAB00: libcurl info message cache 0 (Could not resolve host: datarouter.ol.epicgames.com)
[2018.02.08-20.24.02:554][828]LogHttp: Warning: 000001970F3AAB00: libcurl info message cache 1 (Closing connection 109)
[2018.02.08-20.26.02:885][189]LogHttp: Warning: 000001970F3AAB00: request failed, libcurl error: 6 (Couldn't resolve host name)
[2018.02.08-20.26.02:885][189]LogHttp: Warning: 000001970F3AAB00: libcurl info message cache 0 (Could not resolve host: datarouter.ol.epicgames.com)
[2018.02.08-20.26.02:886][189]LogHttp: Warning: 000001970F3AAB00: libcurl info message cache 1 (Closing connection 110)
[2018.02.08-20.28.03:220][550]LogHttp: Warning: 000001970F3AAB00: request failed, libcurl error: 6 (Couldn't resolve host name)
[2018.02.08-20.28.03:220][550]LogHttp: Warning: 000001970F3AAB00: libcurl info message cache 0 (Could not resolve host: datarouter.ol.epicgames.com)
[2018.02.08-20.28.03:220][550]LogHttp: Warning: 000001970F3AAB00: libcurl info message cache 1 (Closing connection 111)
[2018.02.08-20.30.03:564][911]LogHttp: Warning: 000001970F3AAB00: request failed, libcurl error: 6 (Couldn't resolve host name)
[2018.02.08-20.30.03:564][911]LogHttp: Warning: 000001970F3AAB00: libcurl info message cache 0 (Could not resolve host: datarouter.ol.epicgames.com)
[2018.02.08-20.30.03:564][911]LogHttp: Warning: 000001970F3AAB00: libcurl info message cache 1 (Closing connection 112)
[2018.02.08-20.32.04:226][273]LogHttp: Warning: 000001970F3ABB80: request failed, libcurl error: 6 (Couldn't resolve host name)
[2018.02.08-20.32.04:227][273]LogHttp: Warning: 000001970F3ABB80: libcurl info message cache 0 (Could not resolve host: datarouter.ol.epicgames.com)
[2018.02.08-20.32.04:227][273]LogHttp: Warning: 000001970F3ABB80: libcurl info message cache 1 (Closing connection 113)
[2018.02.08-20.34.04:887][635]LogHttp: Warning: 000001970F3A9600: request failed, libcurl error: 6 (Couldn't resolve host name)
[2018.02.08-20.34.04:888][635]LogHttp: Warning: 000001970F3A9600: libcurl info message cache 0 (Could not resolve host: datarouter.ol.epicgames.com)
[2018.02.08-20.34.04:888][635]LogHttp: Warning: 000001970F3A9600: libcurl info message cache 1 (Closing connection 114)
[2018.02.08-20.36.05:556][997]LogHttp: Warning: 000001970F3A9480: request failed, libcurl error: 6 (Couldn't resolve host name)
[2018.02.08-20.36.05:556][997]LogHttp: Warning: 000001970F3A9480: libcurl info message cache 0 (Could not resolve host: datarouter.ol.epicgames.com)
[2018.02.08-20.36.05:556][997]LogHttp: Warning: 000001970F3A9480: libcurl info message cache 1 (Closing connection 115)
[2018.02.08-20.38.06:229][359]LogHttp: Warning: 000001970F3A8880: request failed, libcurl error: 6 (Couldn't resolve host name)
[2018.02.08-20.38.06:230][359]LogHttp: Warning: 000001970F3A8880: libcurl info message cache 0 (Could not resolve host: datarouter.ol.epicgames.com)
[2018.02.08-20.38.06:230][359]LogHttp: Warning: 000001970F3A8880: libcurl info message cache 1 (Closing connection 116)
[2018.02.08-20.40.06:889][721]LogHttp: Warning: 000001970F3ABD00: request failed, libcurl error: 6 (Couldn't resolve host name)
[2018.02.08-20.40.06:889][721]LogHttp: Warning: 000001970F3ABD00: libcurl info message cache 0 (Could not resolve host: datarouter.ol.epicgames.com)
[2018.02.08-20.40.06:889][721]LogHttp: Warning: 000001970F3ABD00: libcurl info message cache 1 (Closing connection 117)
[2018.02.08-20.42.07:222][ 82]LogHttp: Warning: 000001970F3ABD00: request failed, libcurl error: 6 (Couldn't resolve host name)
[2018.02.08-20.42.07:222][ 82]LogHttp: Warning: 000001970F3ABD00: libcurl info message cache 0 (Could not resolve host: datarouter.ol.epicgames.com)
[2018.02.08-20.42.07:222][ 82]LogHttp: Warning: 000001970F3ABD00: libcurl info message cache 1 (Closing connection 118)
[2018.02.08-20.44.07:561][443]LogHttp: Warning: 000001970F3ABD00: request failed, libcurl error: 6 (Couldn't resolve host name)
[2018.02.08-20.44.07:561][443]LogHttp: Warning: 000001970F3ABD00: libcurl info message cache 0 (Could not resolve host: datarouter.ol.epicgames.com)
[2018.02.08-20.44.07:561][443]LogHttp: Warning: 000001970F3ABD00: libcurl info message cache 1 (Closing connection 119)
[2018.02.08-20.46.08:225][805]LogHttp: Warning: 000001970F3A9C00: request failed, libcurl error: 6 (Couldn't resolve host name)
[2018.02.08-20.46.08:225][805]LogHttp: Warning: 000001970F3A9C00: libcurl info message cache 0 (Could not resolve host: datarouter.ol.epicgames.com)
[2018.02.08-20.46.08:225][805]LogHttp: Warning: 000001970F3A9C00: libcurl info message cache 1 (Closing connection 120)
[2018.02.08-20.48.08:559][166]LogHttp: Warning: 000001970F3A9C00: request failed, libcurl error: 6 (Couldn't resolve host name)
[2018.02.08-20.48.08:559][166]LogHttp: Warning: 000001970F3A9C00: libcurl info message cache 0 (Could not resolve host: datarouter.ol.epicgames.com)
[2018.02.08-20.48.08:559][166]LogHttp: Warning: 000001970F3A9C00: libcurl info message cache 1 (Closing connection 121)
