Log file open, 02/28/18 14:26:35
LogWindows: Failed to load 'aqProf.dll' (GetLastError=126)
LogWindows: File 'aqProf.dll' does not exist
LogWindows: Failed to load 'VtuneApi.dll' (GetLastError=126)
LogWindows: File 'VtuneApi.dll' does not exist
LogWindows: Failed to load 'VtuneApi32e.dll' (GetLastError=126)
LogWindows: File 'VtuneApi32e.dll' does not exist
LogInit: Display: Running engine for game: FinalProject
LogPlatformFile: Not using cached read wrapper
LogInit: Display: RandInit(-2056515684) SRandInit(-2056515684).
LogInit: Read version file with build ID '3709383'
LogInit: Overriding engine version to CL 3832480, compatible CL 3709383
LogInit: Registered custom module enumerator with build ID '3709383'
LogTaskGraph: Started task graph with 5 named threads and 14 total threads with 3 sets of task threads.
LogStats: Stats thread started at 0.189701
LogD3D11RHI: Aftermath initialized
LogModuleManager: Display: Found up-to-date module file ../../../Engine/Plugins/Marketplace/Substance/Binaries/Win64/UE4Editor-SubstanceCore.dll (API version 3709383).
LogModuleManager: Display: Found up-to-date module file ../../../Engine/Plugins/Marketplace/Substance/Binaries/Win64/UE4Editor-SubstanceEditor.dll (API version 3709383).
LogModuleManager: Display: Found up-to-date module file ../../../Engine/Plugins/Marketplace/Substance/Binaries/Win64/UE4Editor-SubstanceSource.dll (API version 3709383).
LogModuleManager: Display: Found up-to-date module file ../../../Engine/Plugins/Marketplace/Substance/Binaries/Win64/UE4Editor-SubstanceLiveLink.dll (API version 3709383).
LogModuleManager: Display: Found up-to-date module file ../../../Engine/Plugins/2D/Paper2D/Binaries/Win64/UE4Editor-Paper2D.dll (API version 3709383).
LogModuleManager: Display: Found up-to-date module file ../../../Engine/Plugins/2D/Paper2D/Binaries/Win64/UE4Editor-Paper2DEditor.dll (API version 3709383).
LogModuleManager: Display: Found up-to-date module file ../../../Engine/Plugins/2D/Paper2D/Binaries/Win64/UE4Editor-PaperSpriteSheetImporter.dll (API version 3709383).
LogModuleManager: Display: Found up-to-date module file ../../../Engine/Plugins/2D/Paper2D/Binaries/Win64/UE4Editor-PaperTiledImporter.dll (API version 3709383).
LogModuleManager: Display: Found up-to-date module file ../../../Engine/Plugins/2D/Paper2D/Binaries/Win64/UE4Editor-SmartSnapping.dll (API version 3709383).
LogModuleManager: Display: Found up-to-date module file ../../../Engine/Plugins/Blendables/LightPropagationVolume/Binaries/Win64/UE4Editor-LightPropagationVolumeRuntime.dll (API version 3709383).
LogModuleManager: Display: Found up-to-date module file ../../../Engine/Plugins/Blendables/LightPropagationVolume/Binaries/Win64/UE4Editor-LightPropagationVolumeEditor.dll (API version 3709383).
LogModuleManager: Display: Found up-to-date module file ../../../Engine/Plugins/Developer/GitSourceControl/Binaries/Win64/UE4Editor-GitSourceControl.dll (API version 3709383).
LogModuleManager: Display: Found up-to-date module file ../../../Engine/Plugins/Developer/PerforceSourceControl/Binaries/Win64/UE4Editor-PerforceSourceControl.dll (API version 3709383).
LogModuleManager: Display: Found up-to-date module file ../../../Engine/Plugins/Developer/SubversionSourceControl/Binaries/Win64/UE4Editor-SubversionSourceControl.dll (API version 3709383).
LogModuleManager: Display: Found up-to-date module file ../../../Engine/Plugins/Developer/UObjectPlugin/Binaries/Win64/UE4Editor-UObjectPlugin.dll (API version 3709383).
LogModuleManager: Display: Found up-to-date module file ../../../Engine/Plugins/Developer/VisualStudioCodeSourceCodeAccess/Binaries/Win64/UE4Editor-VisualStudioCodeSourceCodeAccess.dll (API version 3709383).
LogModuleManager: Display: Found up-to-date module file ../../../Engine/Plugins/Developer/VisualStudioSourceCodeAccess/Binaries/Win64/UE4Editor-VisualStudioSourceCodeAccess.dll (API version 3709383).
LogModuleManager: Display: Found up-to-date module file ../../../Engine/Plugins/Editor/AssetManagerEditor/Binaries/Win64/UE4Editor-AssetManagerEditor.dll (API version 3709383).
LogModuleManager: Display: Found up-to-date module file ../../../Engine/Plugins/Editor/AudioCapture/Binaries/Win64/UE4Editor-AudioCapture.dll (API version 3709383).
LogModuleManager: Display: Found up-to-date module file ../../../Engine/Plugins/Editor/FacialAnimation/Binaries/Win64/UE4Editor-FacialAnimation.dll (API version 3709383).
LogModuleManager: Display: Found up-to-date module file ../../../Engine/Plugins/Editor/FacialAnimation/Binaries/Win64/UE4Editor-FacialAnimationEditor.dll (API version 3709383).
LogModuleManager: Display: Found up-to-date module file ../../../Engine/Plugins/Editor/GameplayTagsEditor/Binaries/Win64/UE4Editor-GameplayTagsEditor.dll (API version 3709383).
LogModuleManager: Display: Found up-to-date module file ../../../Engine/Plugins/Editor/MobileLauncherProfileWizard/Binaries/Win64/UE4Editor-MobileLauncherProfileWizard.dll (API version 3709383).
LogModuleManager: Display: Found up-to-date module file ../../../Engine/Plugins/Editor/PluginBrowser/Binaries/Win64/UE4Editor-PluginBrowser.dll (API version 3709383).
LogModuleManager: Display: Found up-to-date module file ../../../Engine/Plugins/Editor/SpeedTreeImporter/Binaries/Win64/UE4Editor-SpeedTreeImporter.dll (API version 3709383).
LogModuleManager: Display: Found up-to-date module file ../../../Engine/Plugins/Experimental/AlembicImporter/Binaries/Win64/UE4Editor-AlembicImporter.dll (API version 3709383).
LogModuleManager: Display: Found up-to-date module file ../../../Engine/Plugins/Experimental/AlembicImporter/Binaries/Win64/UE4Editor-AlembicLibrary.dll (API version 3709383).
LogModuleManager: Display: Found up-to-date module file ../../../Engine/Plugins/Experimental/CharacterAI/Binaries/Win64/UE4Editor-CharacterAI.dll (API version 3709383).
LogModuleManager: Display: Found up-to-date module file ../../../Engine/Plugins/Experimental/HTML5Networking/Binaries/Win64/UE4Editor-HTML5Networking.dll (API version 3709383).
LogModuleManager: Display: Found up-to-date module file ../../../Engine/Plugins/Media/AndroidMedia/Binaries/Win64/UE4Editor-AndroidMediaEditor.dll (API version 3709383).
LogModuleManager: Display: Found up-to-date module file ../../../Engine/Plugins/Media/AndroidMedia/Binaries/Win64/UE4Editor-AndroidMediaFactory.dll (API version 3709383).
LogModuleManager: Display: Found up-to-date module file ../../../Engine/Plugins/Media/AvfMedia/Binaries/Win64/UE4Editor-AvfMediaEditor.dll (API version 3709383).
LogModuleManager: Display: Found up-to-date module file ../../../Engine/Plugins/Media/AvfMedia/Binaries/Win64/UE4Editor-AvfMediaFactory.dll (API version 3709383).
LogModuleManager: Display: Found up-to-date module file ../../../Engine/Plugins/Media/AvfMedia/Binaries/Win64/UE4Editor-AvfMediaFactory.dll (API version 3709383).
LogModuleManager: Display: Found up-to-date module file ../../../Engine/Plugins/Media/ImgMedia/Binaries/Win64/UE4Editor-ImgMedia.dll (API version 3709383).
LogModuleManager: Display: Found up-to-date module file ../../../Engine/Plugins/Media/ImgMedia/Binaries/Win64/UE4Editor-ImgMediaEditor.dll (API version 3709383).
LogModuleManager: Display: Found up-to-date module file ../../../Engine/Plugins/Media/ImgMedia/Binaries/Win64/UE4Editor-ImgMediaFactory.dll (API version 3709383).
LogModuleManager: Display: Found up-to-date module file ../../../Engine/Plugins/Media/ImgMedia/Binaries/Win64/UE4Editor-ImgMediaFactory.dll (API version 3709383).
LogModuleManager: Display: Found up-to-date module file ../../../Engine/Plugins/Media/ImgMedia/Binaries/Win64/UE4Editor-OpenExrWrapper.dll (API version 3709383).
LogModuleManager: Display: Found up-to-date module file ../../../Engine/Plugins/Media/MediaCompositing/Binaries/Win64/UE4Editor-MediaCompositing.dll (API version 3709383).
LogModuleManager: Display: Found up-to-date module file ../../../Engine/Plugins/Media/MediaCompositing/Binaries/Win64/UE4Editor-MediaCompositingEditor.dll (API version 3709383).
LogModuleManager: Display: Found up-to-date module file ../../../Engine/Plugins/Media/MediaPlayerEditor/Binaries/Win64/UE4Editor-MediaPlayerEditor.dll (API version 3709383).
LogModuleManager: Display: Found up-to-date module file ../../../Engine/Plugins/Media/WmfMedia/Binaries/Win64/UE4Editor-WmfMedia.dll (API version 3709383).
LogModuleManager: Display: Found up-to-date module file ../../../Engine/Plugins/Media/WmfMedia/Binaries/Win64/UE4Editor-WmfMediaEditor.dll (API version 3709383).
LogModuleManager: Display: Found up-to-date module file ../../../Engine/Plugins/Media/WmfMedia/Binaries/Win64/UE4Editor-WmfMediaFactory.dll (API version 3709383).
LogModuleManager: Display: Found up-to-date module file ../../../Engine/Plugins/Media/WmfMedia/Binaries/Win64/UE4Editor-WmfMediaFactory.dll (API version 3709383).
LogModuleManager: Display: Found up-to-date module file ../../../Engine/Plugins/Messaging/TcpMessaging/Binaries/Win64/UE4Editor-TcpMessaging.dll (API version 3709383).
LogModuleManager: Display: Found up-to-date module file ../../../Engine/Plugins/Messaging/UdpMessaging/Binaries/Win64/UE4Editor-UdpMessaging.dll (API version 3709383).
LogModuleManager: Display: Found up-to-date module file ../../../Engine/Plugins/MovieScene/ActorSequence/Binaries/Win64/UE4Editor-ActorSequence.dll (API version 3709383).
LogModuleManager: Display: Found up-to-date module file ../../../Engine/Plugins/MovieScene/LevelSequenceEditor/Binaries/Win64/UE4Editor-LevelSequenceEditor.dll (API version 3709383).
LogModuleManager: Display: Found up-to-date module file ../../../Engine/Plugins/MovieScene/MatineeToLevelSequence/Binaries/Win64/UE4Editor-MatineeToLevelSequence.dll (API version 3709383).
LogModuleManager: Display: Found up-to-date module file ../../../Engine/Plugins/Online/OnlineSubsystem/Binaries/Win64/UE4Editor-OnlineSubsystem.dll (API version 3709383).
LogModuleManager: Display: Found up-to-date module file ../../../Engine/Plugins/Runtime/AndroidPermission/Binaries/Win64/UE4Editor-AndroidPermission.dll (API version 3709383).
LogModuleManager: Display: Found up-to-date module file ../../../Engine/Plugins/Online/OnlineSubsystemNull/Binaries/Win64/UE4Editor-OnlineSubsystemNull.dll (API version 3709383).
LogModuleManager: Display: Found up-to-date module file ../../../Engine/Plugins/Online/OnlineSubsystemUtils/Binaries/Win64/UE4Editor-OnlineSubsystemUtils.dll (API version 3709383).
LogModuleManager: Display: Found up-to-date module file ../../../Engine/Plugins/Online/OnlineSubsystemUtils/Binaries/Win64/UE4Editor-OnlineBlueprintSupport.dll (API version 3709383).
LogModuleManager: Display: Found up-to-date module file ../../../Engine/Plugins/Runtime/AndroidDeviceProfileSelector/Binaries/Win64/UE4Editor-AndroidDeviceProfileSelector.dll (API version 3709383).
LogModuleManager: Display: Found up-to-date module file ../../../Engine/Plugins/Runtime/AppleARKit/Binaries/Win64/UE4Editor-AppleARKit.dll (API version 3709383).
LogModuleManager: Display: Found up-to-date module file ../../../Engine/Plugins/Runtime/ArchVisCharacter/Binaries/Win64/UE4Editor-ArchVisCharacter.dll (API version 3709383).
LogModuleManager: Display: Found up-to-date module file ../../../Engine/Plugins/Runtime/CableComponent/Binaries/Win64/UE4Editor-CableComponent.dll (API version 3709383).
LogModuleManager: Display: Found up-to-date module file ../../../Engine/Plugins/Runtime/CustomMeshComponent/Binaries/Win64/UE4Editor-CustomMeshComponent.dll (API version 3709383).
LogModuleManager: Display: Found up-to-date module file ../../../Engine/Plugins/Runtime/ExampleDeviceProfileSelector/Binaries/Win64/UE4Editor-ExampleDeviceProfileSelector.dll (API version 3709383).
LogModuleManager: Display: Found up-to-date module file ../../../Engine/Plugins/Runtime/ImmediatePhysics/Binaries/Win64/UE4Editor-ImmediatePhysics.dll (API version 3709383).
LogModuleManager: Display: Found up-to-date module file ../../../Engine/Plugins/Runtime/ImmediatePhysics/Binaries/Win64/UE4Editor-ImmediatePhysicsEditor.dll (API version 3709383).
LogModuleManager: Display: Found up-to-date module file ../../../Engine/Plugins/Runtime/LocationServicesBPLibrary/Binaries/Win64/UE4Editor-LocationServicesBPLibrary.dll (API version 3709383).
LogModuleManager: Display: Found up-to-date module file ../../../Engine/Plugins/Runtime/MobilePatchingUtils/Binaries/Win64/UE4Editor-MobilePatchingUtils.dll (API version 3709383).
LogModuleManager: Display: Found up-to-date module file ../../../Engine/Plugins/Runtime/Oculus/OculusVR/Binaries/Win64/UE4Editor-OculusHMD.dll (API version 3709383).
LogModuleManager: Display: Found up-to-date module file ../../../Engine/Plugins/Runtime/Oculus/OculusVR/Binaries/Win64/UE4Editor-OculusInput.dll (API version 3709383).
LogModuleManager: Display: Found up-to-date module file ../../../Engine/Plugins/Runtime/Oculus/OculusVR/Binaries/Win64/UE4Editor-OculusEditor.dll (API version 3709383).
LogModuleManager: Display: Found up-to-date module file ../../../Engine/Plugins/Runtime/PhysXVehicles/Binaries/Win64/UE4Editor-PhysXVehicles.dll (API version 3709383).
LogModuleManager: Display: Found up-to-date module file ../../../Engine/Plugins/Runtime/PhysXVehicles/Binaries/Win64/UE4Editor-PhysXVehiclesEditor.dll (API version 3709383).
LogModuleManager: Display: Found up-to-date module file ../../../Engine/Plugins/Runtime/ProceduralMeshComponent/Binaries/Win64/UE4Editor-ProceduralMeshComponent.dll (API version 3709383).
LogModuleManager: Display: Found up-to-date module file ../../../Engine/Plugins/Runtime/ProceduralMeshComponent/Binaries/Win64/UE4Editor-ProceduralMeshComponentEditor.dll (API version 3709383).
LogModuleManager: Display: Found up-to-date module file ../../../Engine/Plugins/Runtime/RuntimePhysXCooking/Binaries/Win64/UE4Editor-RuntimePhysXCooking.dll (API version 3709383).
LogModuleManager: Display: Found up-to-date module file ../../../Engine/Plugins/Runtime/Steam/SteamVR/Binaries/Win64/UE4Editor-SteamVR.dll (API version 3709383).
LogModuleManager: Display: Found up-to-date module file ../../../Engine/Plugins/Runtime/Steam/SteamVR/Binaries/Win64/UE4Editor-SteamVRController.dll (API version 3709383).
LogModuleManager: Display: Found up-to-date module file ../../../Engine/Plugins/Runtime/WindowsMoviePlayer/Binaries/Win64/UE4Editor-WindowsMoviePlayer.dll (API version 3709383).
LogPluginManager: Mounting plugin Paper2D
LogPluginManager: Mounting plugin LightPropagationVolume
LogPluginManager: Mounting plugin CodeLiteSourceCodeAccess
LogPluginManager: Mounting plugin GitSourceControl
LogPluginManager: Mounting plugin KDevelopSourceCodeAccess
LogPluginManager: Mounting plugin NullSourceCodeAccess
LogPluginManager: Mounting plugin PerforceSourceControl
LogPluginManager: Mounting plugin SubversionSourceControl
LogPluginManager: Mounting plugin UObjectPlugin
LogPluginManager: Mounting plugin VisualStudioCodeSourceCodeAccess
LogPluginManager: Mounting plugin VisualStudioSourceCodeAccess
LogPluginManager: Mounting plugin XCodeSourceCodeAccess
LogPluginManager: Mounting plugin AssetManagerEditor
LogPluginManager: Mounting plugin AudioCapture
LogPluginManager: Mounting plugin FacialAnimation
LogPluginManager: Mounting plugin GameplayTagsEditor
LogPluginManager: Mounting plugin MobileLauncherProfileWizard
LogPluginManager: Mounting plugin PluginBrowser
LogPluginManager: Mounting plugin SpeedTreeImporter
LogPluginManager: Mounting plugin AlembicImporter
LogPluginManager: Mounting plugin CharacterAI
LogPluginManager: Mounting plugin HTML5Networking
LogPluginManager: Mounting plugin Substance
LogPluginManager: Mounting plugin AndroidMedia
LogPluginManager: Mounting plugin AvfMedia
LogPluginManager: Mounting plugin ImgMedia
LogPluginManager: Mounting plugin MediaCompositing
LogPluginManager: Mounting plugin MediaPlayerEditor
LogPluginManager: Mounting plugin WmfMedia
LogPluginManager: Mounting plugin TcpMessaging
LogPluginManager: Mounting plugin UdpMessaging
LogPluginManager: Mounting plugin ActorSequence
LogPluginManager: Mounting plugin LevelSequenceEditor
LogPluginManager: Mounting plugin MatineeToLevelSequence
LogPluginManager: Mounting plugin OnlineSubsystemGooglePlay
LogPluginManager: Mounting plugin OnlineSubsystemIOS
LogPluginManager: Mounting plugin OnlineSubsystem
LogPluginManager: Mounting plugin OnlineSubsystemNull
LogPluginManager: Mounting plugin OnlineSubsystemUtils
LogPluginManager: Mounting plugin AndroidDeviceProfileSelector
LogPluginManager: Mounting plugin AndroidMoviePlayer
LogPluginManager: Mounting plugin AndroidPermission
LogPluginManager: Mounting plugin AppleARKit
LogPluginManager: Mounting plugin AppleMoviePlayer
LogPluginManager: Mounting plugin ArchVisCharacter
LogPluginManager: Mounting plugin CableComponent
LogPluginManager: Mounting plugin CustomMeshComponent
LogPluginManager: Mounting plugin ExampleDeviceProfileSelector
LogPluginManager: Mounting plugin GoogleCloudMessaging
LogPluginManager: Mounting plugin ImmediatePhysics
LogPluginManager: Mounting plugin IOSDeviceProfileSelector
LogPluginManager: Mounting plugin LinuxDeviceProfileSelector
LogPluginManager: Mounting plugin LocationServicesBPLibrary
LogPluginManager: Mounting plugin MobilePatchingUtils
LogPluginManager: Mounting plugin OculusVR
LogPluginManager: Plugin shader directory ../../../Engine/Plugins/Runtime/Oculus/OculusVR/Shaders found
LogPluginManager: Mapping shader source directory ../../../Engine/Plugins/Runtime/Oculus/OculusVR/Shaders to virtual directory /Plugin/OculusVR
LogPluginManager: Mounting plugin PhysXVehicles
LogPluginManager: Mounting plugin ProceduralMeshComponent
LogPluginManager: Mounting plugin RuntimePhysXCooking
LogPluginManager: Mounting plugin SteamVR
LogPluginManager: Mounting plugin WindowsMoviePlayer
LogInit: Using libcurl 7.47.1
LogInit:  - built for x86_64-pc-win32
LogInit:  - supports SSL with OpenSSL/1.0.2g
LogInit:  - supports HTTP deflate (compression) using libz 1.2.8
LogInit:  - other features:
LogInit:      CURL_VERSION_SSL
LogInit:      CURL_VERSION_LIBZ
LogInit:      CURL_VERSION_IPV6
LogInit:      CURL_VERSION_ASYNCHDNS
LogInit:      CURL_VERSION_LARGEFILE
LogInit:      CURL_VERSION_IDN
LogInit:  CurlRequestOptions (configurable via config and command line):
LogInit:  - bVerifyPeer = false  - Libcurl will NOT verify peer certificate
LogInit:  - bUseHttpProxy = false  - Libcurl will NOT use HTTP proxy
LogInit:  - bDontReuseConnections = false  - Libcurl will reuse connections
LogInit:  - CertBundlePath = nullptr  - Libcurl will use whatever was configured at build time.
LogInit: Build: ++UE4+Release-4.18-CL-3832480
LogInit: Engine Version: 4.18.3-3832480+++UE4+Release-4.18
LogInit: Compatible Engine Version: 4.18.0-3709383+++UE4+Release-4.18
LogInit: Net CL: 3709383
LogDevObjectVersion: Number of dev versions registered: 16
LogDevObjectVersion:   Dev-Blueprints (B0D832E4-1F89-4F0D-ACCF-7EB736FD4AA2): 10
LogDevObjectVersion:   Dev-Build (E1C64328-A22C-4D53-A36C-8E866417BD8C): 0
LogDevObjectVersion:   Dev-Core (375EC13C-06E4-48FB-B500-84F0262A717E): 2
LogDevObjectVersion:   Dev-Editor (E4B068ED-F494-42E9-A231-DA0B2E46BB41): 20
LogDevObjectVersion:   Dev-Framework (CFFC743F-43B0-4480-9391-14DF171D2073): 30
LogDevObjectVersion:   Dev-Mobile (B02B49B5-BB20-44E9-A304-32B752E40360): 0
LogDevObjectVersion:   Dev-Networking (A4E4105C-59A1-49B5-A7C5-40C4547EDFEE): 0
LogDevObjectVersion:   Dev-Online (39C831C9-5AE6-47DC-9A44-9C173E1C8E7C): 0
LogDevObjectVersion:   Dev-Physics (78F01B33-EBEA-4F98-B9B4-84EACCB95AA2): 0
LogDevObjectVersion:   Dev-Platform (6631380F-2D4D-43E0-8009-CF276956A95A): 0
LogDevObjectVersion:   Dev-Rendering (12F88B9F-8875-4AFC-A67C-D90C383ABD29): 20
LogDevObjectVersion:   Dev-Sequencer (7B5AE74C-D270-4C10-A958-57980B212A5A): 4
LogDevObjectVersion:   Dev-VR (D7296918-1DD6-4BDD-9DE2-64A83CC13884): 0
LogDevObjectVersion:   Dev-LoadTimes (C2A15278-BFE7-4AFE-6C17-90FF531DF755): 1
LogDevObjectVersion:   Private-Geometry (6EACA3D4-40EC-4CC1-B786-8BED09428FC5): 1
LogDevObjectVersion:   Dev-AnimPhys (29E575DD-E0A3-4627-9D10-D276232CDCEA): 12
LogInit: Compiled (64-bit): Jan 12 2018 02:04:55
LogInit: Compiled with Visual C++: 19.00.24215.01
LogInit: Build Configuration: Development
LogInit: Branch Name: ++UE4+Release-4.18
LogInit: Command line:  
LogInit: Base directory: D:/Ari/Program Files/UE_4.18/Engine/Binaries/Win64/
LogInit: Installed Engine Build: 1
LogInit: Presizing for max 8388607 objects, including 0 objects not considered by GC, pre-allocating 0 bytes for permanent pool.
LogInit: Object subsystem initialized
[2018.02.28-05.26.38:193][  0]LogInit: Selected Device Profile: [Windows]
[2018.02.28-05.26.38:193][  0]LogInit: Applying CVar settings loaded from the selected device profile: [Windows]
[2018.02.28-05.26.38:215][  0]LogInit: Computer: JAEBUM-PC
[2018.02.28-05.26.38:215][  0]LogInit: User: ar981
[2018.02.28-05.26.38:215][  0]LogInit: CPU Page size=4096, Cores=4
[2018.02.28-05.26.38:215][  0]LogInit: High frequency timer resolution =2.435776 MHz
[2018.02.28-05.26.38:215][  0]LogMemory: Memory total: Physical=7.9GB (8GB approx)
[2018.02.28-05.26.38:215][  0]LogMemory: Platform Memory Stats for Windows
[2018.02.28-05.26.38:215][  0]LogMemory: Process Physical Memory: 274.66 MB used, 274.66 MB peak
[2018.02.28-05.26.38:215][  0]LogMemory: Process Virtual Memory: 266.05 MB used, 266.05 MB peak
[2018.02.28-05.26.38:215][  0]LogMemory: Physical Memory: 4394.48 MB used,  3676.45 MB free, 8070.93 MB total
[2018.02.28-05.26.38:215][  0]LogMemory: Virtual Memory: 664.04 MB used,  3676.45 MB free, 134217728.00 MB total
[2018.02.28-05.26.38:348][  0]LogInit: Using OS detected language (ko-KR).
[2018.02.28-05.26.38:348][  0]LogInit: Using OS detected locale (ko-KR).
[2018.02.28-05.26.38:355][  0]LogTextLocalizationManager: No specific localization for 'ko-KR' exists, so the 'ko' localization will be used.
[2018.02.28-05.26.38:549][  0]LogInit: Setting process to per monitor DPI aware
[2018.02.28-05.26.39:111][  0]LogD3D11RHI: D3D11 adapters:
[2018.02.28-05.26.39:413][  0]LogD3D11RHI:    0. 'NVIDIA GeForce GTX 850M' (Feature Level 11_0)
[2018.02.28-05.26.39:413][  0]LogD3D11RHI:       2019/0/4035 MB DedicatedVideo/DedicatedSystem/SharedSystem, Outputs:2, VendorId:0x10de
[2018.02.28-05.26.39:420][  0]LogD3D11RHI:    1. 'Intel(R) HD Graphics 4600' (Feature Level 11_0)
[2018.02.28-05.26.39:420][  0]LogD3D11RHI:       112/0/2048 MB DedicatedVideo/DedicatedSystem/SharedSystem, Outputs:0, VendorId:0x8086
[2018.02.28-05.26.39:423][  0]LogD3D11RHI:    2. 'Microsoft Basic Render Driver' (Feature Level 11_0)
[2018.02.28-05.26.39:423][  0]LogD3D11RHI:       0/0/4035 MB DedicatedVideo/DedicatedSystem/SharedSystem, Outputs:0, VendorId:0x1414
[2018.02.28-05.26.39:424][  0]LogD3D11RHI: Chosen D3D11 Adapter: 0
[2018.02.28-05.26.39:431][  0]LogD3D11RHI: Creating new Direct3DDevice
[2018.02.28-05.26.39:431][  0]LogD3D11RHI:     GPU DeviceId: 0x1391 (for the marketing name, search the web for "GPU Device Id")
[2018.02.28-05.26.39:431][  0]LogWindows: EnumDisplayDevices:
[2018.02.28-05.26.39:431][  0]LogWindows:    0. 'Intel(R) HD Graphics 4600' (P:1 D:1)
[2018.02.28-05.26.39:432][  0]LogWindows:    1. 'Intel(R) HD Graphics 4600' (P:0 D:1)
[2018.02.28-05.26.39:433][  0]LogWindows:    2. 'Intel(R) HD Graphics 4600' (P:0 D:0)
[2018.02.28-05.26.39:433][  0]LogWindows: DebugString: GetVideoDriverDetailsInvalid PrimaryIsNotTheChoosenAdapter GetVideoDriverDetailsInvalid PrimaryIsNotTheChoosenAdapter GetVideoDriverDetailsInvalid PrimaryIsNotTheChoosenAdapter FoundDriverCount:0 
[2018.02.28-05.26.39:433][  0]LogD3D11RHI:     Adapter Name: NVIDIA GeForce GTX 850M
[2018.02.28-05.26.39:433][  0]LogD3D11RHI:   Driver Version: Unknown (internal:Unknown, unified:Unknown)
[2018.02.28-05.26.39:433][  0]LogD3D11RHI:      Driver Date: Unknown
[2018.02.28-05.26.39:433][  0]LogRHI: Texture pool is 1413 MB (70% of 2019 MB)
[2018.02.28-05.26.39:472][  0]LogD3D11RHI: Async texture creation enabled
[2018.02.28-05.26.39:487][  0]LogD3D11RHI: GPU Timing Frequency: 1000.000000 (Debug: 2 1)
[2018.02.28-05.26.39:489][  0]LogShaderCompilers: Guid format shader working directory is -3 characters bigger than the processId version (../../../../../Unreal Projects/Gratuation_Project/Intermediate/Shaders/WorkingDirectory/3332/).
[2018.02.28-05.26.39:489][  0]LogShaderCompilers: Cleaned the shader compiler working directory 'C:/Users/ar981/AppData/Local/Temp/UnrealShaderWorkingDir/AD6B635A40D14C129805C2B898F04721/'.
[2018.02.28-05.26.39:489][  0]LogShaderCompilers: Display: Using Local Shader Compiler.
[2018.02.28-05.26.40:730][  0]LogTemp: Display: Loaded TP AllDesktopTargetPlatform
[2018.02.28-05.26.40:797][  0]LogTemp: Display: Loaded TP MacClientTargetPlatform
[2018.02.28-05.26.40:865][  0]LogTemp: Display: Loaded TP MacNoEditorTargetPlatform
[2018.02.28-05.26.40:936][  0]LogTemp: Display: Loaded TP MacServerTargetPlatform
[2018.02.28-05.26.41:001][  0]LogTemp: Display: Loaded TP MacTargetPlatform
[2018.02.28-05.26.41:064][  0]LogTemp: Display: Loaded TP WindowsClientTargetPlatform
[2018.02.28-05.26.41:126][  0]LogTemp: Display: Loaded TP WindowsNoEditorTargetPlatform
[2018.02.28-05.26.41:192][  0]LogTemp: Display: Loaded TP WindowsServerTargetPlatform
[2018.02.28-05.26.41:244][  0]LogTemp: Display: Loaded TP WindowsTargetPlatform
[2018.02.28-05.26.41:300][  0]LogTemp: Display: Loaded TP Android_ASTCTargetPlatform
[2018.02.28-05.26.41:356][  0]LogTemp: Display: Loaded TP Android_ATCTargetPlatform
[2018.02.28-05.26.41:415][  0]LogTemp: Display: Loaded TP Android_DXTTargetPlatform
[2018.02.28-05.26.41:471][  0]LogTemp: Display: Loaded TP Android_ETC1TargetPlatform
[2018.02.28-05.26.41:529][  0]LogTemp: Display: Loaded TP Android_ETC2TargetPlatform
[2018.02.28-05.26.41:643][  0]LogTemp: Display: Loaded TP Android_MultiTargetPlatform
[2018.02.28-05.26.41:643][  0]LogTemp: Display: Loaded TP Android_PVRTCTargetPlatform
[2018.02.28-05.26.41:706][  0]LogTemp: Display: Loaded TP AndroidTargetPlatform
[2018.02.28-05.26.41:751][  0]LogTemp: Display: Loaded TP HTML5TargetPlatform
[2018.02.28-05.26.41:856][  0]LogTemp: Display: Loaded TP IOSTargetPlatform
[2018.02.28-05.26.41:885][  0]LogTemp: Display: Loaded TP TVOSTargetPlatform
[2018.02.28-05.26.41:946][  0]LogTemp: Display: Loaded TP LinuxClientTargetPlatform
[2018.02.28-05.26.42:007][  0]LogTemp: Display: Loaded TP LinuxNoEditorTargetPlatform
[2018.02.28-05.26.42:070][  0]LogTemp: Display: Loaded TP LinuxServerTargetPlatform
[2018.02.28-05.26.42:132][  0]LogTemp: Display: Loaded TP LinuxTargetPlatform
[2018.02.28-05.26.42:132][  0]LogTargetPlatformManager: Display: Building Assets For Windows
[2018.02.28-05.26.42:673][  0]LogDerivedDataCache: Display: Max Cache Size: 512 MB
[2018.02.28-05.26.42:766][  0]LogDerivedDataCache: Loaded boot cache 0.09s 78MB C:/Users/ar981/AppData/Local/UnrealEngine/4.18/DerivedDataCache/Boot.ddc.
[2018.02.28-05.26.42:766][  0]LogDerivedDataCache: Display: Loaded Boot cache: C:/Users/ar981/AppData/Local/UnrealEngine/4.18/DerivedDataCache/Boot.ddc
[2018.02.28-05.26.42:766][  0]LogDerivedDataCache: FDerivedDataBackendGraph:  Pak pak cache file ../../../../../Unreal Projects/Gratuation_Project/DerivedDataCache/DDC.ddp not found, will not use a pak cache.
[2018.02.28-05.26.42:766][  0]LogDerivedDataCache: Unable to find inner node Pak for hierarchical cache Hierarchy.
[2018.02.28-05.26.42:766][  0]LogDerivedDataCache: FDerivedDataBackendGraph:  CompressedPak pak cache file ../../../../../Unreal Projects/Gratuation_Project/DerivedDataCache/Compressed.ddp not found, will not use a pak cache.
[2018.02.28-05.26.42:766][  0]LogDerivedDataCache: Unable to find inner node CompressedPak for hierarchical cache Hierarchy.
[2018.02.28-05.26.42:786][  0]LogDerivedDataCache: Display: Pak cache opened for reading ../../../Engine/DerivedDataCache/Compressed.ddp.
[2018.02.28-05.26.42:799][  0]LogDerivedDataCache: Using Local data cache path C:/Users/ar981/AppData/Local/UnrealEngine/Common/DerivedDataCache: Writable
[2018.02.28-05.26.42:810][  0]LogMaterial: Verifying Global Shaders for PCD3D_SM5
[2018.02.28-05.26.42:810][  0]LogSlate: Using Freetype 2.6.0
[2018.02.28-05.26.42:811][  0]LogSlate: SlateFontCache - WITH_FREETYPE: 1, WITH_HARFBUZZ: 1
[2018.02.28-05.26.42:811][  0]LogSlate: SlateFontCache - WITH_FREETYPE: 1, WITH_HARFBUZZ: 1
[2018.02.28-05.26.43:280][  0]LogInit: Selected Device Profile: [Windows]
[2018.02.28-05.26.43:709][  0]LogSimplygon: Simplygon DLL not present - disabling.
[2018.02.28-05.26.43:759][  0]LogMeshReduction: Using SimplygonSwarm for distributed automatic mesh merging
[2018.02.28-05.26.43:759][  0]LogMeshReduction: Using QuadricMeshReduction for automatic static mesh reduction
[2018.02.28-05.26.43:759][  0]LogMeshReduction: No automatic skeletal mesh reduction module available
[2018.02.28-05.26.43:759][  0]LogMeshReduction: No automatic mesh merging module available
[2018.02.28-05.26.43:759][  0]LogMeshMerging: No automatic mesh merging module available
[2018.02.28-05.26.43:821][  0]LogNetVersion: FinalProject , NetCL: 3709383, EngineNetVer: 2, GameNetVer: 0 (Checksum: 1186961665)
[2018.02.28-05.26.44:033][  0]LogAssetRegistry: FAssetRegistry took 0.0269 seconds to start up
[2018.02.28-05.26.44:715][  0]LogPackageLocalizationCache: Processed 7 localized package path(s) for 2 prioritized culture(s) in 0.081543 seconds
[2018.02.28-05.26.44:723][  0]LogUObjectArray: 35870 objects as part of root set at end of initial load.
[2018.02.28-05.26.44:723][  0]LogUObjectAllocator: 7363704 out of 0 bytes used by permanent object pool.
[2018.02.28-05.26.44:723][  0]LogUObjectArray: CloseDisregardForGC: 0/0 objects in disregard for GC pool
[2018.02.28-05.26.44:768][  0]LogInit: WinSock: version 1.1 (2.2), MaxSocks=32767, MaxUdp=65467
[2018.02.28-05.26.48:325][  0]LogSubstanceCoreModule: Substance [CPU] Engine Loaded, Max Texture Size = 2048
[2018.02.28-05.26.48:376][  0]LogTcpMessaging: Initializing TcpMessaging bridge
[2018.02.28-05.26.48:437][  0]LogUdpMessaging: Initializing bridge on interface 0.0.0.0:0 to multicast group 230.0.0.1:6666.
[2018.02.28-05.26.49:394][  0]LogMaterial: Uniform references updated for custom material expression Custom.
[2018.02.28-05.26.49:995][  0]SourceControl: 소스 콘트롤이 꺼졌습니다.
[2018.02.28-05.26.52:639][  0]LogAndroidPermission: UAndroidPermissionCallbackProxy::GetInstance
[2018.02.28-05.26.53:047][  0]LogOcInput: OculusInput pre-init called
[2018.02.28-05.26.53:775][  0]LogEngine: Initializing Engine...
[2018.02.28-05.26.53:779][  0]LogHMD: Failed to initialize OpenVR with code 100
[2018.02.28-05.26.54:082][  0]LogStats: UGameplayTagsManager::ConstructGameplayTagTree: Construct from data asset -  0.000 s
[2018.02.28-05.26.54:082][  0]LogStats: UGameplayTagsManager::ConstructGameplayTagTree: GameplayTagTreeChangedEvent.Broadcast -  0.000 s
[2018.02.28-05.26.54:233][  0]LogAIModule: Creating AISystem for world Untitled
[2018.02.28-05.26.54:246][  0]LogInit: XAudio2 using '스피커(VIA HD Audio)' : 2 channels at 48 kHz using 32 bits per sample (channel mask 0x3)
[2018.02.28-05.26.54:326][  0]LogInit: FAudioDevice initialized.
[2018.02.28-05.26.54:726][  0]LogDerivedDataCache: Saved boot cache 0.40s 78MB C:/Users/ar981/AppData/Local/UnrealEngine/4.18/DerivedDataCache/Boot.ddc.
[2018.02.28-05.26.54:739][  0]LogInit: Texture streaming: Enabled
[2018.02.28-05.26.54:834][  0]LogEngineSessionManager: EngineSessionManager initialized
[2018.02.28-05.26.54:834][  0]LogEngineSessionManager: EngineSessionManager sent abnormal shutdown report. Type=Crashed, SessionId={384E5AD5-4967-8EBF-1C04-4D91C89CEFEE}
[2018.02.28-05.26.54:985][  0]LogInit: Transaction tracking system initialized
[2018.02.28-05.26.55:337][  0]BlueprintLog: New page: 에디터 로드
[2018.02.28-05.26.56:314][  0]LocalizationService: 현지화 서비스가 비활성화되었습니다.
[2018.02.28-05.26.57:163][  0]LogConsoleResponse: Display: 
[2018.02.28-05.26.57:408][  0]LogCook: Display: Max memory allowance for cook 16384mb min free memory 0mb
[2018.02.28-05.26.57:408][  0]LogCook: Display: Mobile HDR setting 1
[2018.02.28-05.26.57:408][  0]LogGameplayTags: Display: UGameplayTagsManager::DoneAddingNativeTags. DelegateIsBound: 0
[2018.02.28-05.26.58:381][  0]LogFileCache: Scanning file cache for directory 'D:/Ari/Unreal Projects/Gratuation_Project/Content/' took 0.02s
[2018.02.28-05.26.59:028][  0]Cmd: MAP LOAD FILE="../../../../../Unreal Projects/Gratuation_Project/Content/TwinStickBP/Maps/TwinStickExampleMap.umap" TEMPLATE=0 SHOWPROGRESS=1 FEATURELEVEL=3
[2018.02.28-05.26.59:066][  0]LightingResults: New page: 라이팅 빌드
[2018.02.28-05.26.59:113][  0]MapCheck: New page: 맵 체크
[2018.02.28-05.26.59:113][  0]LightingResults: New page: 라이팅 빌드
[2018.02.28-05.27.08:379][  0]LogAIModule: Creating AISystem for world TwinStickExampleMap
[2018.02.28-05.27.11:626][  0]LogEditorServer: Finished looking for orphan Actors (0.000 secs)
[2018.02.28-05.27.13:443][  0]Cmd: MAP CHECKDEP NOCLEARLOG
[2018.02.28-05.27.13:729][  0]MapCheck: 맵 체크 완료: 오류 0 회, 경고 0 회, 소요 시간 225.896ms.
[2018.02.28-05.27.13:729][  0]LogFileHelpers: Loading map 'TwinStickExampleMap' took 14.702
[2018.02.28-05.27.24:193][  0]LogCollectionManager: Loaded 0 collections in 0.047642 seconds
[2018.02.28-05.27.25:972][  0]LogFileCache: Scanning file cache for directory 'D:/Ari/Unreal Projects/Gratuation_Project/Saved/Collections/' took 0.01s
[2018.02.28-05.27.25:972][  0]LogFileCache: Scanning file cache for directory 'D:/Ari/Unreal Projects/Gratuation_Project/Content/Developers/ar981/Collections/' took 0.01s
[2018.02.28-05.27.25:972][  0]LogFileCache: Scanning file cache for directory 'D:/Ari/Unreal Projects/Gratuation_Project/Content/Collections/' took 0.01s
[2018.02.28-05.27.25:972][  0]LogCollectionManager: Rebuilt the GUID cache for 0 collections in 0.000000 seconds
[2018.02.28-05.27.26:351][  0]LogContentBrowser: Native class hierarchy populated in 0.1593 seconds. Added 2377 classes and 525 folders.
[2018.02.28-05.27.26:955][  0]LogContentBrowser: Native class hierarchy updated for 'WidgetCarousel' in 0.0003 seconds. Added 0 classes and 0 folders.
[2018.02.28-05.27.32:472][  0]LogContentBrowser: Native class hierarchy updated for 'AddContentDialog' in 0.0005 seconds. Added 0 classes and 0 folders.
[2018.02.28-05.27.33:409][  0]LogContentBrowser: Native class hierarchy updated for 'SceneOutliner' in 0.0005 seconds. Added 1 classes and 2 folders.
[2018.02.28-05.27.40:495][  0]LogContentBrowser: Native class hierarchy updated for 'HierarchicalLODOutliner' in 0.0006 seconds. Added 1 classes and 2 folders.
[2018.02.28-05.27.40:495][  0]LogLoad: (Engine Initialization) Total time: 66.83 seconds
[2018.02.28-05.27.40:495][  0]LogLoad: (Engine Initialization) Total Blueprint compile time: 0.00 seconds
[2018.02.28-05.27.40:557][  0]LogExternalProfiler: Found external profiler: VSPerf
[2018.02.28-05.27.40:557][  0]LogExternalProfiler: Using external profiler: VSPerf
[2018.02.28-05.27.43:316][  0]SourceControl: On branch master
[2018.02.28-05.27.43:316][  0]SourceControl: Your branch is up to date with 'origin/master'.
[2018.02.28-05.27.43:316][  0]SourceControl: Changes not staged for commit:
[2018.02.28-05.27.43:316][  0]SourceControl:   (use "git add <file>..." to update what will be committed)
[2018.02.28-05.27.43:316][  0]SourceControl:   (use "git checkout -- <file>..." to discard changes in working directory)
[2018.02.28-05.27.43:316][  0]SourceControl: 	modified:   Intermediate/CachedAssetRegistry.bin
[2018.02.28-05.27.43:316][  0]SourceControl: 	modified:   Saved/Config/Windows/Editor.ini
[2018.02.28-05.27.43:316][  0]SourceControl: 	modified:   Saved/Config/Windows/Engine.ini
[2018.02.28-05.27.43:316][  0]SourceControl: 	modified:   Saved/Logs/FinalProject.log
[2018.02.28-05.27.43:316][  0]SourceControl: Untracked files:
[2018.02.28-05.27.43:316][  0]SourceControl:   (use "git add <file>..." to include in what will be committed)
[2018.02.28-05.27.43:316][  0]SourceControl: 	Saved/Config/CrashReportClient/UE4CC-Windows-50770F274FF8B51FD6FA669CD3F6476E/
[2018.02.28-05.27.43:316][  0]SourceControl: 	Saved/Logs/FinalProject-backup-2018.02.28-14.26.35.log
[2018.02.28-05.27.43:316][  0]SourceControl: no changes added to commit (use "git add" and/or "git commit -a")
[2018.02.28-05.27.43:452][  0]LogContentStreaming: Texture pool size now 1000 MB
[2018.02.28-05.27.44:627][  0]LogSlate: Took 0.000470 seconds to synchronously load lazily loaded font '../../../Engine/Content/Slate/Fonts/Roboto-Regular.ttf' (155K)
[2018.02.28-05.27.47:807][  0]LogSlate: Took 3.028234 seconds to synchronously load lazily loaded font '../../../Engine/Content/Slate/Fonts/NanumGothic.ttf' (4243K)
[2018.02.28-05.27.47:832][  0]LogSlate: Took 0.000437 seconds to synchronously load lazily loaded font '../../../Engine/Content/Slate/Fonts/Roboto-Bold.ttf' (160K)
[2018.02.28-05.27.48:552][  0]LogSlate: Took 0.038593 seconds to synchronously load lazily loaded font '../../../Engine/Content/Editor/Slate/Fonts/FontAwesome.ttf' (139K)
[2018.02.28-05.27.51:750][  0]LogRenderer: Reallocating scene render targets to support 280x420 Format 10 NumSamples 1 (Frame:1).
[2018.02.28-05.27.55:307][  1]LogSubstanceLiveLink: Warning: Unable to send data along socket, closing connection
[2018.02.28-05.27.57:007][  1]LogSlate: Took 0.080629 seconds to synchronously load lazily loaded font '../../../Engine/Content/Slate/Fonts/Roboto-Light.ttf' (159K)
[2018.02.28-05.27.58:286][  3]LogAssetRegistry: Asset discovery search completed in 74.2747 seconds
[2018.02.28-05.27.58:363][  3]LogCollectionManager: Rebuilt the object cache for 0 collections in 0.000000 seconds (found 0 objects)
[2018.02.28-05.27.58:397][  3]LogCollectionManager: Fixed up redirectors for 0 collections in 0.044081 seconds (updated 0 objects)
[2018.02.28-05.30.11:668][244]LogTemp: Repeating last play command: 새 에디터 창 (PIE)
[2018.02.28-05.30.12:047][244]LogBlueprintUserMessages: Early PlayInEditor Detection: Level '/Game/TwinStickBP/Maps/TwinStickExampleMap.TwinStickExampleMap:PersistentLevel' has LevelScriptBlueprint '/Game/TwinStickBP/Maps/TwinStickExampleMap.TwinStickExampleMap:PersistentLevel.TwinStickExampleMap' with GeneratedClass '/Game/TwinStickBP/Maps/TwinStickExampleMap.TwinStickExampleMap_C' with ClassGeneratedBy '/Game/TwinStickBP/Maps/TwinStickExampleMap.TwinStickExampleMap:PersistentLevel.TwinStickExampleMap'
[2018.02.28-05.30.12:206][244]LogPlayLevel: PlayLevel: No blueprints needed recompiling
[2018.02.28-05.30.13:054][244]PIE: New page: PIE 세션: TwinStickExampleMap (2018. 2. 28. 오후 11:30:12)
[2018.02.28-05.30.13:138][244]LogPlayLevel: Creating play world package: /Game/TwinStickBP/Maps/UEDPIE_0_TwinStickExampleMap
[2018.02.28-05.30.13:342][244]LogPlayLevel: PIE: StaticDuplicateObject took: (0.203871s)
[2018.02.28-05.30.13:343][244]LogAIModule: Creating AISystem for world TwinStickExampleMap
[2018.02.28-05.30.13:363][244]LogPlayLevel: PIE: World Init took: (0.020778s)
[2018.02.28-05.30.13:385][244]LogPlayLevel: PIE: Created PIE world by copying editor world from /Game/TwinStickBP/Maps/TwinStickExampleMap.TwinStickExampleMap to /Game/TwinStickBP/Maps/UEDPIE_0_TwinStickExampleMap.TwinStickExampleMap (0.246848s)
[2018.02.28-05.30.13:711][244]LogInit: XAudio2 using '스피커(VIA HD Audio)' : 2 channels at 48 kHz using 32 bits per sample (channel mask 0x3)
[2018.02.28-05.30.13:742][244]LogInit: FAudioDevice initialized.
[2018.02.28-05.30.14:575][244]LogLoad: Game class is 'TwinStickGameMode_C'
[2018.02.28-05.30.14:718][244]LogWorld: Bringing World /Game/TwinStickBP/Maps/UEDPIE_0_TwinStickExampleMap.TwinStickExampleMap up for play (max tick rate 60) at 2018.02.28-14.30.14
[2018.02.28-05.30.15:007][244]LogWorld: Bringing up level for play took: 0.290166
[2018.02.28-05.30.15:867][244]LogContentBrowser: Native class hierarchy updated for 'MovieSceneCapture' in 0.0150 seconds. Added 11 classes and 0 folders.
[2018.02.28-05.30.18:234][244]PIE: /Game/TwinStickBP/Maps/UEDPIE_0_TwinStickExampleMap 에 대한 에디터에서 플레이 시작 시간: 5.873
[2018.02.28-05.30.18:311][244]LogBlueprintUserMessages: Late PlayInEditor Detection: Level '/Game/TwinStickBP/Maps/TwinStickExampleMap.TwinStickExampleMap:PersistentLevel' has LevelScriptBlueprint '/Game/TwinStickBP/Maps/TwinStickExampleMap.TwinStickExampleMap:PersistentLevel.TwinStickExampleMap' with GeneratedClass '/Game/TwinStickBP/Maps/TwinStickExampleMap.TwinStickExampleMap_C' with ClassGeneratedBy '/Game/TwinStickBP/Maps/TwinStickExampleMap.TwinStickExampleMap:PersistentLevel.TwinStickExampleMap'
[2018.02.28-05.30.19:640][244]LogRenderer: Reallocating scene render targets to support 1024x576 Format 10 NumSamples 1 (Frame:1).
[2018.02.28-05.30.26:643][474]LogBlueprintUserMessages: Early EndPlayMap Detection: Level '/Game/TwinStickBP/Maps/TwinStickExampleMap.TwinStickExampleMap:PersistentLevel' has LevelScriptBlueprint '/Game/TwinStickBP/Maps/TwinStickExampleMap.TwinStickExampleMap:PersistentLevel.TwinStickExampleMap' with GeneratedClass '/Game/TwinStickBP/Maps/TwinStickExampleMap.TwinStickExampleMap_C' with ClassGeneratedBy '/Game/TwinStickBP/Maps/TwinStickExampleMap.TwinStickExampleMap:PersistentLevel.TwinStickExampleMap'
[2018.02.28-05.30.27:225][474]LogBlueprintUserMessages: Late EndPlayMap Detection: Level '/Game/TwinStickBP/Maps/TwinStickExampleMap.TwinStickExampleMap:PersistentLevel' has LevelScriptBlueprint '/Game/TwinStickBP/Maps/TwinStickExampleMap.TwinStickExampleMap:PersistentLevel.TwinStickExampleMap' with GeneratedClass '/Game/TwinStickBP/Maps/TwinStickExampleMap.TwinStickExampleMap_C' with ClassGeneratedBy '/Game/TwinStickBP/Maps/TwinStickExampleMap.TwinStickExampleMap:PersistentLevel.TwinStickExampleMap'
[2018.02.28-06.17.00:825][878]LogTemp: Repeating last play command: 새 에디터 창 (PIE)
[2018.02.28-06.17.00:844][878]LogBlueprintUserMessages: Early PlayInEditor Detection: Level '/Game/TwinStickBP/Maps/TwinStickExampleMap.TwinStickExampleMap:PersistentLevel' has LevelScriptBlueprint '/Game/TwinStickBP/Maps/TwinStickExampleMap.TwinStickExampleMap:PersistentLevel.TwinStickExampleMap' with GeneratedClass '/Game/TwinStickBP/Maps/TwinStickExampleMap.TwinStickExampleMap_C' with ClassGeneratedBy '/Game/TwinStickBP/Maps/TwinStickExampleMap.TwinStickExampleMap:PersistentLevel.TwinStickExampleMap'
[2018.02.28-06.17.00:845][878]LogPlayLevel: PlayLevel: No blueprints needed recompiling
[2018.02.28-06.17.00:845][878]PIE: New page: PIE 세션: TwinStickExampleMap (2018. 3. 1. 오전 12:17:00)
[2018.02.28-06.17.00:845][878]LogPlayLevel: Creating play world package: /Game/TwinStickBP/Maps/UEDPIE_0_TwinStickExampleMap
[2018.02.28-06.17.00:851][878]LogPlayLevel: PIE: StaticDuplicateObject took: (0.005943s)
[2018.02.28-06.17.00:852][878]LogAIModule: Creating AISystem for world TwinStickExampleMap
[2018.02.28-06.17.00:852][878]LogPlayLevel: PIE: World Init took: (0.001293s)
[2018.02.28-06.17.00:853][878]LogPlayLevel: PIE: Created PIE world by copying editor world from /Game/TwinStickBP/Maps/TwinStickExampleMap.TwinStickExampleMap to /Game/TwinStickBP/Maps/UEDPIE_0_TwinStickExampleMap.TwinStickExampleMap (0.007725s)
[2018.02.28-06.17.00:871][878]LogInit: XAudio2 using '스피커(VIA HD Audio)' : 2 channels at 48 kHz using 32 bits per sample (channel mask 0x3)
[2018.02.28-06.17.00:909][878]LogInit: FAudioDevice initialized.
[2018.02.28-06.17.00:998][878]LogLoad: Game class is 'TwinStickGameMode_C'
[2018.02.28-06.17.01:000][878]LogWorld: Bringing World /Game/TwinStickBP/Maps/UEDPIE_0_TwinStickExampleMap.TwinStickExampleMap up for play (max tick rate 60) at 2018.02.28-15.17.01
[2018.02.28-06.17.01:000][878]LogWorld: Bringing up level for play took: 0.001368
[2018.02.28-06.17.01:007][878]PIE: /Game/TwinStickBP/Maps/UEDPIE_0_TwinStickExampleMap 에 대한 에디터에서 플레이 시작 시간: 0.645
[2018.02.28-06.17.01:026][878]LogBlueprintUserMessages: Late PlayInEditor Detection: Level '/Game/TwinStickBP/Maps/TwinStickExampleMap.TwinStickExampleMap:PersistentLevel' has LevelScriptBlueprint '/Game/TwinStickBP/Maps/TwinStickExampleMap.TwinStickExampleMap:PersistentLevel.TwinStickExampleMap' with GeneratedClass '/Game/TwinStickBP/Maps/TwinStickExampleMap.TwinStickExampleMap_C' with ClassGeneratedBy '/Game/TwinStickBP/Maps/TwinStickExampleMap.TwinStickExampleMap:PersistentLevel.TwinStickExampleMap'
[2018.02.28-06.17.02:676][951]LogBlueprintUserMessages: Early EndPlayMap Detection: Level '/Game/TwinStickBP/Maps/TwinStickExampleMap.TwinStickExampleMap:PersistentLevel' has LevelScriptBlueprint '/Game/TwinStickBP/Maps/TwinStickExampleMap.TwinStickExampleMap:PersistentLevel.TwinStickExampleMap' with GeneratedClass '/Game/TwinStickBP/Maps/TwinStickExampleMap.TwinStickExampleMap_C' with ClassGeneratedBy '/Game/TwinStickBP/Maps/TwinStickExampleMap.TwinStickExampleMap:PersistentLevel.TwinStickExampleMap'
[2018.02.28-06.17.02:735][951]LogBlueprintUserMessages: Late EndPlayMap Detection: Level '/Game/TwinStickBP/Maps/TwinStickExampleMap.TwinStickExampleMap:PersistentLevel' has LevelScriptBlueprint '/Game/TwinStickBP/Maps/TwinStickExampleMap.TwinStickExampleMap:PersistentLevel.TwinStickExampleMap' with GeneratedClass '/Game/TwinStickBP/Maps/TwinStickExampleMap.TwinStickExampleMap_C' with ClassGeneratedBy '/Game/TwinStickBP/Maps/TwinStickExampleMap.TwinStickExampleMap:PersistentLevel.TwinStickExampleMap'
[2018.02.28-06.17.07:786][210]LogSlate: Took 0.001013 seconds to synchronously load lazily loaded font '../../../Engine/Content/Slate/Fonts/Roboto-Light.ttf' (159K)
[2018.02.28-06.17.08:529][210]LogSlate: Took 0.000386 seconds to synchronously load lazily loaded font '../../../Engine/Content/Slate/Fonts/Roboto-Regular.ttf' (155K)
[2018.02.28-06.17.08:793][210]LogContentBrowser: Native class hierarchy updated for 'BlueprintGraph' in 0.0009 seconds. Added 116 classes and 0 folders.
[2018.02.28-06.17.10:845][210]LogSlate: Took 0.018076 seconds to synchronously load lazily loaded font '../../../Engine/Content/Editor/Slate/Fonts/Roboto-BoldCondensed.ttf' (158K)
[2018.02.28-06.17.11:892][211]LogSlate: Took 0.016909 seconds to synchronously load lazily loaded font '../../../Engine/Content/Editor/Slate/Fonts/Roboto-Italic.ttf' (157K)
[2018.02.28-06.28.53:359][223]Cmd: QUIT_EDITOR
[2018.02.28-06.28.53:988][223]LogWindowsTextInputMethodSystem: Display: IME system now activated using TSF (Microsoft 입력기).
[2018.02.28-06.28.54:035][223]LogExit: Preparing to exit.
[2018.02.28-06.28.55:774][223]LogDirectoryWatcher: A directory notification for 'D:/Ari/Unreal Projects/Gratuation_Project/Content/' was aborted.
[2018.02.28-06.28.56:139][223]LogExit: Editor shut down
[2018.02.28-06.28.56:175][223]LogExit: Transaction tracking system shut down
[2018.02.28-06.28.56:854][223]LogDirectoryWatcher: A directory notification for '../../../Engine/Content/' was aborted.
[2018.02.28-06.28.56:854][223]LogDirectoryWatcher: A directory notification for '../../../../../Unreal Projects/Gratuation_Project/Content/' was aborted.
[2018.02.28-06.28.56:854][223]LogDirectoryWatcher: A directory notification for '../../../Engine/Plugins/2D/Paper2D/Content/' was aborted.
[2018.02.28-06.28.56:854][223]LogDirectoryWatcher: A directory notification for '../../../Engine/Plugins/Media/MediaCompositing/Content/' was aborted.
[2018.02.28-06.28.56:854][223]LogDirectoryWatcher: A directory notification for '../../../Engine/Plugins/Runtime/AppleARKit/Content/' was aborted.
[2018.02.28-06.28.56:854][223]LogDirectoryWatcher: A directory notification for '../../../Engine/Plugins/Runtime/Oculus/OculusVR/Content/' was aborted.
[2018.02.28-06.28.56:855][223]LogDirectoryWatcher: A directory notification for '../../../Engine/Plugins/Runtime/Steam/SteamVR/Content/' was aborted.
[2018.02.28-06.28.58:634][223]LogExit: Object subsystem successfully closed.
[2018.02.28-06.28.58:722][223]LogD3D11RHI: Shutdown
[2018.02.28-06.28.58:740][223]LogD3D11RHI: CleanupD3DDevice
[2018.02.28-06.28.58:806][223]LogD3D11RHI: ~FD3D11DynamicRHI
[2018.02.28-06.28.59:818][223]LogModuleManager: Shutting down and abandoning module BlueprintGraph (560)
[2018.02.28-06.28.59:818][223]LogModuleManager: Shutting down and abandoning module MovieSceneCapture (558)
[2018.02.28-06.28.59:819][223]LogModuleManager: Shutting down and abandoning module HierarchicalLODOutliner (556)
[2018.02.28-06.28.59:819][223]LogModuleManager: Shutting down and abandoning module SceneOutliner (554)
[2018.02.28-06.28.59:834][223]LogModuleManager: Shutting down and abandoning module AddContentDialog (552)
[2018.02.28-06.28.59:840][223]LogDirectoryWatcher: A directory notification for 'D:/Ari/Program Files/UE_4.18/FeaturePacks/' was aborted.
[2018.02.28-06.28.59:860][223]LogModuleManager: Shutting down and abandoning module WidgetCarousel (551)
[2018.02.28-06.28.59:860][223]LogModuleManager: Shutting down and abandoning module EditorWidgets (548)
[2018.02.28-06.28.59:860][223]LogModuleManager: Shutting down and abandoning module CollectionManager (546)
[2018.02.28-06.28.59:901][223]LogDirectoryWatcher: A directory notification for 'D:/Ari/Unreal Projects/Gratuation_Project/Content/Collections/' was aborted.
[2018.02.28-06.28.59:902][223]LogDirectoryWatcher: A directory notification for 'D:/Ari/Unreal Projects/Gratuation_Project/Content/Developers/ar981/Collections/' was aborted.
[2018.02.28-06.28.59:902][223]LogDirectoryWatcher: A directory notification for 'D:/Ari/Unreal Projects/Gratuation_Project/Saved/Collections/' was aborted.
[2018.02.28-06.28.59:903][223]LogModuleManager: Shutting down and abandoning module StatsViewer (544)
[2018.02.28-06.28.59:929][223]LogModuleManager: Shutting down and abandoning module FoliageEdit (542)
[2018.02.28-06.28.59:929][223]LogModuleManager: Shutting down and abandoning module LandscapeEditor (540)
[2018.02.28-06.28.59:965][223]LogModuleManager: Shutting down and abandoning module MeshPaintMode (538)
[2018.02.28-06.28.59:976][223]LogModuleManager: Shutting down and abandoning module SceneDepthPickerMode (536)
[2018.02.28-06.28.59:976][223]LogModuleManager: Shutting down and abandoning module ActorPickerMode (534)
[2018.02.28-06.28.59:976][223]LogModuleManager: Shutting down and abandoning module GeometryMode (532)
[2018.02.28-06.28.59:976][223]LogModuleManager: Shutting down and abandoning module TextureAlignMode (530)
[2018.02.28-06.28.59:976][223]LogModuleManager: Shutting down and abandoning module BspMode (528)
[2018.02.28-06.28.59:976][223]LogModuleManager: Shutting down and abandoning module PIEPreviewDeviceProfileSelector (526)
[2018.02.28-06.28.59:976][223]LogModuleManager: Shutting down and abandoning module HardwareSurvey (524)
[2018.02.28-06.28.59:976][223]LogModuleManager: Shutting down and abandoning module SequenceRecorderSections (522)
[2018.02.28-06.28.59:994][223]LogModuleManager: Shutting down and abandoning module AutomationWorker (520)
[2018.02.28-06.29.00:006][223]LogModuleManager: Shutting down and abandoning module MatineeToLevelSequence (518)
[2018.02.28-06.29.00:017][223]LogModuleManager: Shutting down and abandoning module LevelSequenceEditor (516)
[2018.02.28-06.29.00:084][223]LogModuleManager: Shutting down and abandoning module PlacementMode (515)
[2018.02.28-06.29.00:085][223]LogModuleManager: Shutting down and abandoning module WmfMediaFactory (512)
[2018.02.28-06.29.00:085][223]LogModuleManager: Shutting down and abandoning module WmfMediaEditor (510)
[2018.02.28-06.29.00:085][223]LogModuleManager: Shutting down and abandoning module OpenExrWrapper (508)
[2018.02.28-06.29.00:085][223]LogModuleManager: Shutting down and abandoning module ImgMediaFactory (506)
[2018.02.28-06.29.00:085][223]LogModuleManager: Shutting down and abandoning module ImgMediaEditor (504)
[2018.02.28-06.29.00:085][223]LogModuleManager: Shutting down and abandoning module AvfMediaFactory (502)
[2018.02.28-06.29.00:085][223]LogModuleManager: Shutting down and abandoning module AvfMediaEditor (500)
[2018.02.28-06.29.00:085][223]LogModuleManager: Shutting down and abandoning module AndroidMediaFactory (498)
[2018.02.28-06.29.00:085][223]LogModuleManager: Shutting down and abandoning module AndroidMediaEditor (496)
[2018.02.28-06.29.00:085][223]LogModuleManager: Shutting down and abandoning module CharacterAI (494)
[2018.02.28-06.29.00:085][223]LogModuleManager: Shutting down and abandoning module AudioCapture (492)
[2018.02.28-06.29.00:101][223]LogModuleManager: Shutting down and abandoning module SequenceRecorder (491)
[2018.02.28-06.29.00:123][223]LogModuleManager: Shutting down and abandoning module SmartSnapping (488)
[2018.02.28-06.29.00:123][223]LogModuleManager: Shutting down and abandoning module SessionServices (486)
[2018.02.28-06.29.00:123][223]LogModuleManager: Shutting down and abandoning module ViewportSnapping (484)
[2018.02.28-06.29.00:123][223]LogModuleManager: Shutting down and abandoning module ViewportInteraction (482)
[2018.02.28-06.29.00:123][223]LogModuleManager: Shutting down and abandoning module ClothPainter (480)
[2018.02.28-06.29.00:188][223]LogModuleManager: Shutting down and abandoning module SkeletalMeshEditor (479)
[2018.02.28-06.29.00:259][223]LogModuleManager: Shutting down and abandoning module LogVisualizer (476)
[2018.02.28-06.29.00:275][223]LogModuleManager: Shutting down and abandoning module IntroTutorials (474)
[2018.02.28-06.29.00:318][223]LogModuleManager: Shutting down and abandoning module GameProjectGeneration (473)
[2018.02.28-06.29.00:342][223]LogModuleManager: Shutting down and abandoning module IOSPlatformEditor (470)
[2018.02.28-06.29.00:342][223]LogModuleManager: Shutting down and abandoning module HTML5PlatformEditor (468)
[2018.02.28-06.29.00:342][223]LogModuleManager: Shutting down and abandoning module AndroidPlatformEditor (466)
[2018.02.28-06.29.00:342][223]LogModuleManager: Shutting down and abandoning module AndroidDeviceDetection (465)
[2018.02.28-06.29.01:309][223]LogModuleManager: Shutting down and abandoning module WindowsPlatformEditor (462)
[2018.02.28-06.29.01:309][223]LogModuleManager: Shutting down and abandoning module IOSRuntimeSettings (460)
[2018.02.28-06.29.01:309][223]LogModuleManager: Shutting down and abandoning module AndroidRuntimeSettings (458)
[2018.02.28-06.29.01:309][223]LogModuleManager: Shutting down and abandoning module InputBindingEditor (456)
[2018.02.28-06.29.01:356][223]LogModuleManager: Shutting down and abandoning module MergeActors (454)
[2018.02.28-06.29.01:377][223]LogModuleManager: Shutting down and abandoning module SizeMap (452)
[2018.02.28-06.29.01:378][223]LogModuleManager: Shutting down and abandoning module TreeMap (450)
[2018.02.28-06.29.01:405][223]LogModuleManager: Shutting down and abandoning module ReferenceViewer (448)
[2018.02.28-06.29.01:405][223]LogModuleManager: Shutting down and abandoning module LocalizationDashboard (446)
[2018.02.28-06.29.01:419][223]LogModuleManager: Shutting down and abandoning module LocalizationService (445)
[2018.02.28-06.29.01:428][223]LogModuleManager: Shutting down and abandoning module HardwareTargeting (442)
[2018.02.28-06.29.01:428][223]LogModuleManager: Shutting down and abandoning module DeviceProfileEditor (440)
[2018.02.28-06.29.01:428][223]LogModuleManager: Shutting down and abandoning module UndoHistory (438)
[2018.02.28-06.29.01:428][223]LogModuleManager: Shutting down and abandoning module XmlParser (436)
[2018.02.28-06.29.01:439][223]LogModuleManager: Shutting down and abandoning module Blutility (434)
[2018.02.28-06.29.01:439][223]LogModuleManager: Shutting down and abandoning module ProjectSettingsViewer (432)
[2018.02.28-06.29.01:439][223]LogModuleManager: Shutting down and abandoning module ProjectTargetPlatformEditor (431)
[2018.02.28-06.29.01:439][223]LogModuleManager: Shutting down and abandoning module EditorSettingsViewer (428)
[2018.02.28-06.29.01:439][223]LogModuleManager: Shutting down and abandoning module SettingsEditor (426)
[2018.02.28-06.29.01:467][223]LogModuleManager: Shutting down and abandoning module ProjectLauncher (424)
[2018.02.28-06.29.01:493][223]LogModuleManager: Shutting down and abandoning module SessionFrontend (422)
[2018.02.28-06.29.01:516][223]LogModuleManager: Shutting down and abandoning module ProfilerClient (420)
[2018.02.28-06.29.01:527][223]LogModuleManager: Shutting down and abandoning module DeviceManager (418)
[2018.02.28-06.29.01:535][223]LogModuleManager: Shutting down and abandoning module TargetDeviceServices (417)
[2018.02.28-06.29.01:607][223]LogModuleManager: Shutting down and abandoning module AutomationController (414)
[2018.02.28-06.29.01:622][223]LogModuleManager: Shutting down and abandoning module AutomationWindow (412)
[2018.02.28-06.29.01:650][223]LogModuleManager: Shutting down and abandoning module Layers (410)
[2018.02.28-06.29.01:691][223]LogModuleManager: Shutting down and abandoning module ComponentVisualizers (408)
[2018.02.28-06.29.01:692][223]LogModuleManager: Shutting down and abandoning module DetailCustomizations (406)
[2018.02.28-06.29.01:738][223]LogModuleManager: Shutting down and abandoning module PackagesDialog (404)
[2018.02.28-06.29.01:738][223]LogModuleManager: Shutting down and abandoning module Persona (402)
[2018.02.28-06.29.01:774][223]LogModuleManager: Shutting down and abandoning module AdvancedPreviewScene (401)
[2018.02.28-06.29.01:774][223]LogModuleManager: Shutting down and abandoning module AnimGraph (399)
[2018.02.28-06.29.01:775][223]LogModuleManager: Shutting down and abandoning module Kismet (396)
[2018.02.28-06.29.01:815][223]LogModuleManager: Shutting down and abandoning module ClassViewer (394)
[2018.02.28-06.29.01:815][223]LogModuleManager: Shutting down and abandoning module Toolbox (392)
[2018.02.28-06.29.01:815][223]LogModuleManager: Shutting down and abandoning module ModuleUI (390)
[2018.02.28-06.29.01:825][223]LogModuleManager: Shutting down and abandoning module MovieSceneTools (388)
[2018.02.28-06.29.01:854][223]LogModuleManager: Shutting down and abandoning module OutputLog (386)
[2018.02.28-06.29.01:876][223]LogModuleManager: Shutting down and abandoning module GammaUI (384)
[2018.02.28-06.29.01:889][223]LogModuleManager: Shutting down and abandoning module Documentation (382)
[2018.02.28-06.29.01:889][223]LogModuleManager: Shutting down and abandoning module MovieSceneTracks (380)
[2018.02.28-06.29.01:889][223]LogModuleManager: Shutting down and abandoning module MovieScene (378)
[2018.02.28-06.29.01:889][223]LogModuleManager: Shutting down and abandoning module StreamingPauseRendering (376)
[2018.02.28-06.29.01:889][223]LogModuleManager: Shutting down and abandoning module LauncherPlatform (374)
[2018.02.28-06.29.01:889][223]LogModuleManager: Shutting down and abandoning module AnalyticsET (372)
[2018.02.28-06.29.01:889][223]LogModuleManager: Shutting down and abandoning module PortalServices (370)
[2018.02.28-06.29.01:889][223]LogModuleManager: Shutting down and abandoning module PortalRpc (368)
[2018.02.28-06.29.01:889][223]LogModuleManager: Shutting down and abandoning module MessagingRpc (366)
[2018.02.28-06.29.01:889][223]LogModuleManager: Shutting down and abandoning module AIModule (364)
[2018.02.28-06.29.01:910][223]LogModuleManager: Shutting down and abandoning module GameplayDebugger (363)
[2018.02.28-06.29.01:910][223]LogModuleManager: Shutting down and abandoning module AITestSuite (361)
[2018.02.28-06.29.01:919][223]LogModuleManager: Shutting down and abandoning module DesktopPlatform (358)
[2018.02.28-06.29.01:920][223]LogModuleManager: Shutting down and abandoning module ProfilerService (356)
[2018.02.28-06.29.02:136][223]LogModuleManager: Shutting down and abandoning module TaskGraph (354)
[2018.02.28-06.29.02:179][223]LogModuleManager: Shutting down and abandoning module SubstanceLiveLink (352)
[2018.02.28-06.29.02:180][223]LogModuleManager: Shutting down and abandoning module SubstanceSource (350)
[2018.02.28-06.29.02:231][223]LogModuleManager: Shutting down and abandoning module SubstanceEditor (348)
[2018.02.28-06.29.02:251][223]LogModuleManager: Shutting down and abandoning module SteamVRController (346)
[2018.02.28-06.29.02:251][223]LogModuleManager: Shutting down and abandoning module ProceduralMeshComponentEditor (344)
[2018.02.28-06.29.02:251][223]LogModuleManager: Shutting down and abandoning module ProceduralMeshComponent (342)
[2018.02.28-06.29.02:251][223]LogModuleManager: Shutting down and abandoning module OculusInput (340)
[2018.02.28-06.29.02:251][223]LogModuleManager: Shutting down and abandoning module MobilePatchingUtils (338)
[2018.02.28-06.29.02:251][223]LogModuleManager: Shutting down and abandoning module CustomMeshComponent (336)
[2018.02.28-06.29.02:251][223]LogModuleManager: Shutting down and abandoning module CableComponent (334)
[2018.02.28-06.29.02:251][223]LogModuleManager: Shutting down and abandoning module ArchVisCharacter (332)
[2018.02.28-06.29.02:251][223]LogModuleManager: Shutting down and abandoning module AndroidPermission (330)
[2018.02.28-06.29.02:251][223]LogModuleManager: Shutting down and abandoning module ActorSequence (326)
[2018.02.28-06.29.02:251][223]LogModuleManager: Shutting down and abandoning module MediaPlayerEditor (324)
[2018.02.28-06.29.02:276][223]LogModuleManager: Shutting down and abandoning module MediaCompositingEditor (322)
[2018.02.28-06.29.02:276][223]LogModuleManager: Shutting down and abandoning module MediaCompositing (320)
[2018.02.28-06.29.02:276][223]LogModuleManager: Shutting down and abandoning module HTML5Networking (318)
[2018.02.28-06.29.02:276][223]LogModuleManager: Shutting down and abandoning module AlembicImporter (316)
[2018.02.28-06.29.02:288][223]LogModuleManager: Shutting down and abandoning module AlembicLibrary (315)
[2018.02.28-06.29.02:288][223]LogModuleManager: Shutting down and abandoning module GeometryCache (314)
[2018.02.28-06.29.02:307][223]LogModuleManager: Shutting down and abandoning module GeometryCacheEd (313)
[2018.02.28-06.29.02:307][223]LogModuleManager: Shutting down and abandoning module SpeedTreeImporter (308)
[2018.02.28-06.29.02:308][223]LogModuleManager: Shutting down and abandoning module PluginBrowser (306)
[2018.02.28-06.29.02:337][223]LogModuleManager: Shutting down and abandoning module MobileLauncherProfileWizard (304)
[2018.02.28-06.29.02:359][223]LogModuleManager: Shutting down and abandoning module VisualStudioSourceCodeAccess (302)
[2018.02.28-06.29.02:359][223]LogModuleManager: Shutting down and abandoning module VisualStudioCodeSourceCodeAccess (300)
[2018.02.28-06.29.02:359][223]LogModuleManager: Shutting down and abandoning module UObjectPlugin (298)
[2018.02.28-06.29.02:359][223]LogModuleManager: Shutting down and abandoning module SubversionSourceControl (296)
[2018.02.28-06.29.02:384][223]LogModuleManager: Shutting down and abandoning module PerforceSourceControl (294)
[2018.02.28-06.29.02:411][223]LogModuleManager: Shutting down and abandoning module GitSourceControl (292)
[2018.02.28-06.29.02:427][223]LogModuleManager: Shutting down and abandoning module SourceControl (291)
[2018.02.28-06.29.02:427][223]LogModuleManager: Shutting down and abandoning module LightPropagationVolumeEditor (288)
[2018.02.28-06.29.02:427][223]LogModuleManager: Shutting down and abandoning module PaperTiledImporter (286)
[2018.02.28-06.29.02:427][223]LogModuleManager: Shutting down and abandoning module PaperSpriteSheetImporter (284)
[2018.02.28-06.29.02:427][223]LogModuleManager: Shutting down and abandoning module Paper2DEditor (282)
[2018.02.28-06.29.02:450][223]LogModuleManager: Shutting down and abandoning module MeshPaint (281)
[2018.02.28-06.29.02:464][223]LogModuleManager: Shutting down and abandoning module LevelEditor (279)
[2018.02.28-06.29.02:476][223]LogModuleManager: Shutting down and abandoning module PixelInspectorModule (278)
[2018.02.28-06.29.02:489][223]LogModuleManager: Shutting down and abandoning module MainFrame (276)
[2018.02.28-06.29.02:502][223]LogModuleManager: Shutting down and abandoning module HotReload (275)
[2018.02.28-06.29.02:506][223]LogDirectoryWatcher: A directory notification for 'D:/Ari/Unreal Projects/Gratuation_Project/Binaries/Win64' was aborted.
[2018.02.28-06.29.02:506][223]LogModuleManager: Shutting down and abandoning module RuntimePhysXCooking (270)
[2018.02.28-06.29.02:506][223]LogModuleManager: Shutting down and abandoning module PhysXVehiclesEditor (268)
[2018.02.28-06.29.02:506][223]LogModuleManager: Shutting down and abandoning module PhysXVehicles (266)
[2018.02.28-06.29.02:506][223]LogModuleManager: Shutting down and abandoning module OculusEditor (264)
[2018.02.28-06.29.02:506][223]LogModuleManager: Shutting down and abandoning module LocationServicesBPLibrary (262)
[2018.02.28-06.29.02:506][223]LogModuleManager: Shutting down and abandoning module ImmediatePhysicsEditor (260)
[2018.02.28-06.29.02:506][223]LogModuleManager: Shutting down and abandoning module ImmediatePhysics (258)
[2018.02.28-06.29.02:513][223]LogModuleManager: Shutting down and abandoning module UdpMessaging (256)
[2018.02.28-06.29.02:636][223]LogModuleManager: Shutting down and abandoning module TcpMessaging (254)
[2018.02.28-06.29.02:753][223]LogModuleManager: Shutting down and abandoning module SubstanceCore (252)
[2018.02.28-06.29.02:793][223]LogModuleManager: Shutting down and abandoning module GameplayTagsEditor (250)
[2018.02.28-06.29.02:827][223]LogModuleManager: Shutting down and abandoning module FacialAnimationEditor (248)
[2018.02.28-06.29.02:827][223]LogModuleManager: Shutting down and abandoning module FacialAnimation (246)
[2018.02.28-06.29.02:827][223]LogModuleManager: Shutting down and abandoning module AssetManagerEditor (244)
[2018.02.28-06.29.02:855][223]LogModuleManager: Shutting down and abandoning module GraphEditor (243)
[2018.02.28-06.29.02:856][223]LogModuleManager: Shutting down and abandoning module ContentBrowser (241)
[2018.02.28-06.29.02:858][223]LogModuleManager: Shutting down and abandoning module LightPropagationVolumeRuntime (238)
[2018.02.28-06.29.02:858][223]LogModuleManager: Shutting down and abandoning module Paper2D (236)
[2018.02.28-06.29.02:858][223]LogModuleManager: Shutting down and abandoning module WindowsMoviePlayer (234)
[2018.02.28-06.29.02:858][223]LogModuleManager: Shutting down and abandoning module WmfMedia (232)
[2018.02.28-06.29.02:873][223]LogModuleManager: Shutting down and abandoning module ImgMedia (230)
[2018.02.28-06.29.02:873][223]LogModuleManager: Shutting down and abandoning module PacketHandler (228)
[2018.02.28-06.29.02:873][223]LogModuleManager: Shutting down and abandoning module ClothingSystemEditor (226)
[2018.02.28-06.29.02:873][223]LogModuleManager: Shutting down and abandoning module ClothingSystemRuntime (224)
[2018.02.28-06.29.02:893][223]LogModuleManager: Shutting down and abandoning module MediaAssets (222)
[2018.02.28-06.29.02:893][223]LogModuleManager: Shutting down and abandoning module Media (221)
[2018.02.28-06.29.02:901][223]LogModuleManager: Shutting down and abandoning module Overlay (218)
[2018.02.28-06.29.02:902][223]LogModuleManager: Shutting down and abandoning module OverlayEditor (217)
[2018.02.28-06.29.02:902][223]LogModuleManager: Shutting down and abandoning module VREditor (214)
[2018.02.28-06.29.02:944][223]LogModuleManager: Shutting down and abandoning module StringTableEditor (212)
[2018.02.28-06.29.02:960][223]LogModuleManager: Shutting down and abandoning module GameplayTasksEditor (210)
[2018.02.28-06.29.02:961][223]LogModuleManager: Shutting down and abandoning module BehaviorTreeEditor (208)
[2018.02.28-06.29.03:004][223]LogModuleManager: Shutting down and abandoning module FunctionalTesting (206)
[2018.02.28-06.29.03:019][223]LogModuleManager: Shutting down and abandoning module CollisionAnalyzer (204)
[2018.02.28-06.29.03:034][223]LogModuleManager: Shutting down and abandoning module WorkspaceMenuStructure (203)
[2018.02.28-06.29.03:034][223]LogModuleManager: Shutting down and abandoning module UMG (200)
[2018.02.28-06.29.03:055][223]LogModuleManager: Shutting down and abandoning module UMGEditor (199)
[2018.02.28-06.29.03:103][223]LogModuleManager: Shutting down and abandoning module Sequencer (198)
[2018.02.28-06.29.03:149][223]LogModuleManager: Shutting down and abandoning module MessageLog (195)
[2018.02.28-06.29.03:149][223]LogModuleManager: Shutting down and abandoning module SlateReflector (190)
[2018.02.28-06.29.03:176][223]LogModuleManager: Shutting down and abandoning module Slate (188)
[2018.02.28-06.29.03:176][223]LogModuleManager: Shutting down and abandoning module EditorStyle (186)
[2018.02.28-06.29.03:179][223]LogModuleManager: Shutting down and abandoning module MRMesh (184)
[2018.02.28-06.29.03:179][223]LogModuleManager: Shutting down and abandoning module SourceCodeAccess (182)
[2018.02.28-06.29.03:179][223]LogModuleManager: Shutting down and abandoning module HeadMountedDisplay (180)
[2018.02.28-06.29.03:179][223]LogModuleManager: Shutting down and abandoning module XAudio2 (178)
[2018.02.28-06.29.03:179][223]LogModuleManager: Shutting down and abandoning module Networking (176)
[2018.02.28-06.29.03:179][223]LogModuleManager: Shutting down and abandoning module Core (172)
[2018.02.28-06.29.03:179][223]LogModuleManager: Shutting down and abandoning module LevelSequence (168)
[2018.02.28-06.29.03:186][223]LogModuleManager: Shutting down and abandoning module DirectoryWatcher (166)
[2018.02.28-06.29.03:196][223]LogModuleManager: Shutting down and abandoning module KismetCompiler (164)
[2018.02.28-06.29.03:196][223]LogModuleManager: Shutting down and abandoning module MeshUtilities (162)
[2018.02.28-06.29.03:218][223]LogModuleManager: Shutting down and abandoning module MeshMergeUtilities (161)
[2018.02.28-06.29.03:238][223]LogModuleManager: Shutting down and abandoning module MeshReductionInterface (160)
[2018.02.28-06.29.03:238][223]LogModuleManager: Shutting down and abandoning module SimplygonSwarm (159)
[2018.02.28-06.29.03:251][223]LogModuleManager: Shutting down and abandoning module SimplygonMeshReduction (157)
[2018.02.28-06.29.03:251][223]LogModuleManager: Shutting down and abandoning module QuadricMeshReduction (155)
[2018.02.28-06.29.03:252][223]LogModuleManager: Shutting down and abandoning module MaterialBaking (151)
[2018.02.28-06.29.03:260][223]LogModuleManager: Shutting down and abandoning module DerivedDataCache (148)
[2018.02.28-06.29.03:317][223]LogDerivedDataCache: Shutdown
[2018.02.28-06.29.03:317][223]LogModuleManager: Shutting down and abandoning module TargetPlatform (146)
[2018.02.28-06.29.03:318][223]LogModuleManager: Shutting down and abandoning module VulkanShaderFormat (145)
[2018.02.28-06.29.03:326][223]LogModuleManager: Shutting down and abandoning module ShaderFormatVectorVM (143)
[2018.02.28-06.29.03:332][223]LogModuleManager: Shutting down and abandoning module ShaderFormatOpenGL (141)
[2018.02.28-06.29.03:354][223]LogModuleManager: Shutting down and abandoning module ShaderFormatD3D (139)
[2018.02.28-06.29.03:354][223]LogModuleManager: Shutting down and abandoning module MetalShaderFormat (137)
[2018.02.28-06.29.03:374][223]LogModuleManager: Shutting down and abandoning module TextureFormatUncompressed (135)
[2018.02.28-06.29.03:374][223]LogModuleManager: Shutting down and abandoning module TextureFormatPVR (133)
[2018.02.28-06.29.03:374][223]LogModuleManager: Shutting down and abandoning module TextureFormatDXT (131)
[2018.02.28-06.29.03:374][223]LogModuleManager: Shutting down and abandoning module TextureFormatIntelISPCTexComp (129)
[2018.02.28-06.29.03:375][223]LogModuleManager: Shutting down and abandoning module TextureFormatASTC (127)
[2018.02.28-06.29.03:375][223]LogModuleManager: Shutting down and abandoning module ImageWrapper (126)
[2018.02.28-06.29.03:375][223]LogModuleManager: Shutting down and abandoning module TextureFormatAndroid (123)
[2018.02.28-06.29.03:375][223]LogModuleManager: Shutting down and abandoning module AudioFormatOpus (121)
[2018.02.28-06.29.03:375][223]LogModuleManager: Shutting down and abandoning module AudioFormatOgg (119)
[2018.02.28-06.29.03:375][223]LogModuleManager: Shutting down and abandoning module AudioFormatADPCM (117)
[2018.02.28-06.29.03:375][223]LogModuleManager: Shutting down and abandoning module LinuxTargetPlatform (115)
[2018.02.28-06.29.03:375][223]LogModuleManager: Shutting down and abandoning module LinuxServerTargetPlatform (113)
[2018.02.28-06.29.03:375][223]LogModuleManager: Shutting down and abandoning module LinuxNoEditorTargetPlatform (111)
[2018.02.28-06.29.03:375][223]LogModuleManager: Shutting down and abandoning module LinuxClientTargetPlatform (109)
[2018.02.28-06.29.03:375][223]LogModuleManager: Shutting down and abandoning module TVOSTargetPlatform (107)
[2018.02.28-06.29.03:375][223]LogModuleManager: Shutting down and abandoning module Messaging (105)
[2018.02.28-06.29.03:375][223]LogModuleManager: Shutting down and abandoning module IOSTargetPlatform (103)
[2018.02.28-06.29.03:375][223]LogModuleManager: Shutting down and abandoning module HTML5TargetPlatform (101)
[2018.02.28-06.29.03:375][223]LogModuleManager: Shutting down and abandoning module AndroidTargetPlatform (99)
[2018.02.28-06.29.03:375][223]LogModuleManager: Shutting down and abandoning module Android_PVRTCTargetPlatform (97)
[2018.02.28-06.29.03:375][223]LogModuleManager: Shutting down and abandoning module Android_MultiTargetPlatform (95)
[2018.02.28-06.29.03:375][223]LogModuleManager: Shutting down and abandoning module Android_ETC2TargetPlatform (93)
[2018.02.28-06.29.03:375][223]LogModuleManager: Shutting down and abandoning module Android_ETC1TargetPlatform (91)
[2018.02.28-06.29.03:375][223]LogModuleManager: Shutting down and abandoning module Android_DXTTargetPlatform (89)
[2018.02.28-06.29.03:375][223]LogModuleManager: Shutting down and abandoning module Android_ATCTargetPlatform (87)
[2018.02.28-06.29.03:375][223]LogModuleManager: Shutting down and abandoning module Android_ASTCTargetPlatform (85)
[2018.02.28-06.29.03:376][223]LogModuleManager: Shutting down and abandoning module WindowsTargetPlatform (83)
[2018.02.28-06.29.03:376][223]LogModuleManager: Shutting down and abandoning module WindowsServerTargetPlatform (81)
[2018.02.28-06.29.03:376][223]LogModuleManager: Shutting down and abandoning module WindowsNoEditorTargetPlatform (79)
[2018.02.28-06.29.03:376][223]LogModuleManager: Shutting down and abandoning module WindowsClientTargetPlatform (77)
[2018.02.28-06.29.03:376][223]LogModuleManager: Shutting down and abandoning module MacTargetPlatform (75)
[2018.02.28-06.29.03:376][223]LogModuleManager: Shutting down and abandoning module MacServerTargetPlatform (73)
[2018.02.28-06.29.03:376][223]LogModuleManager: Shutting down and abandoning module MacNoEditorTargetPlatform (71)
[2018.02.28-06.29.03:376][223]LogModuleManager: Shutting down and abandoning module MacClientTargetPlatform (69)
[2018.02.28-06.29.03:376][223]LogModuleManager: Shutting down and abandoning module AllDesktopTargetPlatform (67)
[2018.02.28-06.29.03:376][223]LogModuleManager: Shutting down and abandoning module InputCore (64)
[2018.02.28-06.29.03:376][223]LogModuleManager: Shutting down and abandoning module Settings (62)
[2018.02.28-06.29.03:376][223]LogModuleManager: Shutting down and abandoning module PhysXCooking (60)
[2018.02.28-06.29.03:376][223]LogModuleManager: Shutting down and abandoning module SteamVR (58)
[2018.02.28-06.29.03:376][223]LogModuleManager: Shutting down and abandoning module OculusHMD (56)
[2018.02.28-06.29.03:392][223]LogModuleManager: Shutting down and abandoning module ExampleDeviceProfileSelector (54)
[2018.02.28-06.29.03:392][223]LogModuleManager: Shutting down and abandoning module AppleARKit (52)
[2018.02.28-06.29.03:392][223]LogModuleManager: Shutting down and abandoning module AugmentedReality (51)
[2018.02.28-06.29.03:392][223]LogModuleManager: Shutting down and abandoning module OnlineBlueprintSupport (48)
[2018.02.28-06.29.03:392][223]LogModuleManager: Shutting down and abandoning module OnlineSubsystem (44)
[2018.02.28-06.29.03:418][223]LogModuleManager: Shutting down and abandoning module XMPP (43)
[2018.02.28-06.29.03:437][223]LogModuleManager: Shutting down and abandoning module HTTP (41)
[2018.02.28-06.29.03:437][223]LogHttp: Display: Http module shutting down, but needs to wait on 1 outstanding Http requests:
[2018.02.28-06.29.03:449][223]LogHttp: Display: 	verb=[POST] url=[https://datarouter.ol.epicgames.com/datarouter/api/v1/public/data?SessionID=%7BD87149DF-46FC-C2AB-CF5E-249B96C058C8%7D&AppID=UEEditor.Rocket.Release&AppVersion=4.18.3-3832480%2B%2B%2BUE4%2BRelease-4.18&UserID=5712ad7f45d9e96aa4003a820469c188%7C0484f503dfd84142907b84d36f52f0e9%7Cf755e3a6-1554-4250-9085-c3a0509afc01&AppEnvironment=datacollector-binary&UploadType=eteventstream] status=Processing
[2018.02.28-06.29.03:485][223]LogModuleManager: Shutting down and abandoning module SSL (40)
[2018.02.28-06.29.03:500][223]LogModuleManager: Shutting down and abandoning module AnimationModifiers (36)
[2018.02.28-06.29.03:513][223]LogModuleManager: Shutting down and abandoning module PropertyEditor (35)
[2018.02.28-06.29.03:513][223]LogModuleManager: Shutting down and abandoning module AudioEditor (32)
[2018.02.28-06.29.03:523][223]LogModuleManager: Shutting down and abandoning module TextureCompressor (30)
[2018.02.28-06.29.03:549][223]LogModuleManager: Shutting down and abandoning module ShaderCore (28)
[2018.02.28-06.29.03:549][223]LogModuleManager: Shutting down and abandoning module Landscape (26)
[2018.02.28-06.29.03:549][223]LogModuleManager: Shutting down and abandoning module SlateRHIRenderer (24)
[2018.02.28-06.29.03:573][223]LogModuleManager: Shutting down and abandoning module OpenGLDrv (22)
[2018.02.28-06.29.03:593][223]LogModuleManager: Shutting down and abandoning module D3D11RHI (20)
[2018.02.28-06.29.03:593][223]LogModuleManager: Shutting down and abandoning module AnimGraphRuntime (18)
[2018.02.28-06.29.03:617][223]LogModuleManager: Shutting down and abandoning module Renderer (16)
[2018.02.28-06.29.03:617][223]LogModuleManager: Shutting down and abandoning module Engine (14)
[2018.02.28-06.29.03:629][223]LogModuleManager: Shutting down and abandoning module CoreUObject (12)
[2018.02.28-06.29.03:629][223]LogModuleManager: Shutting down and abandoning module NetworkFile (10)
[2018.02.28-06.29.03:630][223]LogModuleManager: Shutting down and abandoning module CookedIterativeFile (8)
[2018.02.28-06.29.03:630][223]LogModuleManager: Shutting down and abandoning module StreamingFile (6)
[2018.02.28-06.29.03:630][223]LogModuleManager: Shutting down and abandoning module SandboxFile (4)
[2018.02.28-06.29.03:647][223]LogModuleManager: Shutting down and abandoning module PakFile (2)
[2018.02.28-06.29.03:678][223]LogExit: Exiting.
[2018.02.28-06.29.03:704][223]Log file closed, 02/28/18 15:29:03
